[     905ms] [INFO] %cDownload the React DevTools for a better development experience: https://react.dev/link/react-devtools font-weight:bold @ http://localhost:3001/_next/static/chunks/0ip4_next_dist_0ccwfps._.js:2431
[    1048ms] [LOG] [HMR] connected @ http://localhost:3001/_next/static/chunks/0ip4_next_dist_0ccwfps._.js:2431
[    1358ms] [LOG] [Fast Refresh] rebuilding @ http://localhost:3001/_next/static/chunks/0ip4_next_dist_0ccwfps._.js:2431
[    1424ms] [LOG] [Fast Refresh] done in 166ms @ http://localhost:3001/_next/static/chunks/0ip4_next_dist_0ccwfps._.js:2431
[    1639ms] [LOG] [Fast Refresh] rebuilding @ http://localhost:3001/_next/static/chunks/0ip4_next_dist_0ccwfps._.js:2431
[    1811ms] [LOG] [Fast Refresh] done in 285ms @ http://localhost:3001/_next/static/chunks/0ip4_next_dist_0ccwfps._.js:2431
[    4476ms] [LOG] [Fast Refresh] rebuilding @ http://localhost:3001/_next/static/chunks/0ip4_next_dist_0ccwfps._.js:2431
[    4584ms] [LOG] [Fast Refresh] done in 219ms @ http://localhost:3001/_next/static/chunks/0ip4_next_dist_0ccwfps._.js:2431
[   29524ms] [LOG] [Fast Refresh] rebuilding @ http://localhost:3001/_next/static/chunks/0ip4_next_dist_0ccwfps._.js:2431
[   29666ms] [LOG] [Fast Refresh] done in 254ms @ http://localhost:3001/_next/static/chunks/0ip4_next_dist_0ccwfps._.js:2431
[   29980ms] [INFO] %cDownload the React DevTools for a better development experience: https://react.dev/link/react-devtools font-weight:bold @ http://localhost:3001/_next/static/chunks/0ip4_next_dist_0ccwfps._.js:2431
[   30090ms] [LOG] [HMR] connected @ http://localhost:3001/_next/static/chunks/0ip4_next_dist_0ccwfps._.js:2431
[   53425ms] [INFO] %cDownload the React DevTools for a better development experience: https://react.dev/link/react-devtools font-weight:bold @ http://localhost:3001/_next/static/chunks/0ip4_next_dist_0ccwfps._.js:2431
[   53475ms] [LOG] [HMR] connected @ http://localhost:3001/_next/static/chunks/0ip4_next_dist_0ccwfps._.js:2431
[   69994ms] [LOG] [Fast Refresh] rebuilding @ http://localhost:3001/_next/static/chunks/0ip4_next_dist_0ccwfps._.js:2431
[   70367ms] [LOG] [Fast Refresh] done in 488ms @ http://localhost:3001/_next/static/chunks/0ip4_next_dist_0ccwfps._.js:2431
[  110480ms] [LOG] [Fast Refresh] rebuilding @ http://localhost:3001/_next/static/chunks/0ip4_next_dist_0ccwfps._.js:2431
[  110565ms] [LOG] [Fast Refresh] done in 191ms @ http://localhost:3001/_next/static/chunks/0ip4_next_dist_0ccwfps._.js:2431
[  110767ms] [INFO] %cDownload the React DevTools for a better development experience: https://react.dev/link/react-devtools font-weight:bold @ http://localhost:3001/_next/static/chunks/0ip4_next_dist_0ccwfps._.js:2431
[  110838ms] [LOG] [HMR] connected @ http://localhost:3001/_next/static/chunks/0ip4_next_dist_0ccwfps._.js:2431
[  127651ms] [LOG] [Fast Refresh] rebuilding @ http://localhost:3001/_next/static/chunks/0ip4_next_dist_0ccwfps._.js:2431
[  127683ms] [LOG] [Fast Refresh] done in 137ms @ http://localhost:3001/_next/static/chunks/0ip4_next_dist_0ccwfps._.js:2431
[  174077ms] [LOG] [Fast Refresh] rebuilding @ http://localhost:3001/_next/static/chunks/0ip4_next_dist_0ccwfps._.js:2431
[  174794ms] [LOG] [Fast Refresh] done in 777ms @ http://localhost:3001/_next/static/chunks/0ip4_next_dist_0ccwfps._.js:2431
[  195288ms] [LOG] [Fast Refresh] rebuilding @ http://localhost:3001/_next/static/chunks/0ip4_next_dist_0ccwfps._.js:2431
[  196515ms] [LOG] [Fast Refresh] done in 1340ms @ http://localhost:3001/_next/static/chunks/0ip4_next_dist_0ccwfps._.js:2431
[  196784ms] [INFO] %cDownload the React DevTools for a better development experience: https://react.dev/link/react-devtools font-weight:bold @ http://localhost:3001/_next/static/chunks/0ip4_next_dist_0ccwfps._.js:2431
[  196861ms] [LOG] [HMR] connected @ http://localhost:3001/_next/static/chunks/0ip4_next_dist_0ccwfps._.js:2431
[  222933ms] [LOG] [Fast Refresh] rebuilding @ http://localhost:3001/_next/static/chunks/0ip4_next_dist_0ccwfps._.js:2431
[  223026ms] [LOG] [Fast Refresh] done in 200ms @ http://localhost:3001/_next/static/chunks/0ip4_next_dist_0ccwfps._.js:2431
[  270727ms] [LOG] [Fast Refresh] rebuilding @ http://localhost:3001/_next/static/chunks/0ip4_next_dist_0ccwfps._.js:2431
[  271064ms] [LOG] [Fast Refresh] done in 436ms @ http://localhost:3001/_next/static/chunks/0ip4_next_dist_0ccwfps._.js:2431
[  297737ms] [LOG] [Fast Refresh] rebuilding @ http://localhost:3001/_next/static/chunks/0ip4_next_dist_0ccwfps._.js:2431
[  298100ms] [LOG] [Fast Refresh] done in 473ms @ http://localhost:3001/_next/static/chunks/0ip4_next_dist_0ccwfps._.js:2431
[  298228ms] [INFO] %cDownload the React DevTools for a better development experience: https://react.dev/link/react-devtools font-weight:bold @ http://localhost:3001/_next/static/chunks/0ip4_next_dist_0ccwfps._.js:2431
[  298262ms] [LOG] [HMR] connected @ http://localhost:3001/_next/static/chunks/0ip4_next_dist_0ccwfps._.js:2431
[  318709ms] [LOG] [Fast Refresh] rebuilding @ http://localhost:3001/_next/static/chunks/0ip4_next_dist_0ccwfps._.js:2431
[  318865ms] [LOG] [Fast Refresh] done in 259ms @ http://localhost:3001/_next/static/chunks/0ip4_next_dist_0ccwfps._.js:2431
[  386548ms] [LOG] [Fast Refresh] rebuilding @ http://localhost:3001/_next/static/chunks/0ip4_next_dist_0ccwfps._.js:2431
[  387073ms] [LOG] [Fast Refresh] done in 588ms @ http://localhost:3001/_next/static/chunks/0ip4_next_dist_0ccwfps._.js:2431
[  474788ms] [LOG] [Fast Refresh] rebuilding @ http://localhost:3001/_next/static/chunks/0ip4_next_dist_0ccwfps._.js:2431
[  474792ms] [LOG] [Fast Refresh] done in 117ms @ http://localhost:3001/_next/static/chunks/0ip4_next_dist_0ccwfps._.js:2431
[  520254ms] [LOG] [Fast Refresh] rebuilding @ http://localhost:3001/_next/static/chunks/0ip4_next_dist_0ccwfps._.js:2431
[  522657ms] [LOG] [Fast Refresh] done in 2509ms @ http://localhost:3001/_next/static/chunks/0ip4_next_dist_0ccwfps._.js:2431
[  523188ms] [INFO] %cDownload the React DevTools for a better development experience: https://react.dev/link/react-devtools font-weight:bold @ http://localhost:3001/_next/static/chunks/0ip4_next_dist_0ccwfps._.js:2431
[  523326ms] [LOG] [HMR] connected @ http://localhost:3001/_next/static/chunks/0ip4_next_dist_0ccwfps._.js:2431
[  710843ms] [LOG] [Fast Refresh] rebuilding @ http://localhost:3001/_next/static/chunks/0ip4_next_dist_0ccwfps._.js:2431
[  711356ms] [LOG] [Fast Refresh] done in 619ms @ http://localhost:3001/_next/static/chunks/0ip4_next_dist_0ccwfps._.js:2431
[  711479ms] [LOG] [Fast Refresh] rebuilding @ http://localhost:3001/_next/static/chunks/0ip4_next_dist_0ccwfps._.js:2431
[  712120ms] [LOG] [Fast Refresh] done in 744ms @ http://localhost:3001/_next/static/chunks/0ip4_next_dist_0ccwfps._.js:2431
[  858249ms] [LOG] [Fast Refresh] rebuilding @ http://localhost:3001/_next/static/chunks/0ip4_next_dist_0ccwfps._.js:2431
[  858254ms] [LOG] [Fast Refresh] done in 107ms @ http://localhost:3001/_next/static/chunks/0ip4_next_dist_0ccwfps._.js:2431
[ 1001522ms] [LOG] [Fast Refresh] rebuilding @ http://localhost:3001/_next/static/chunks/0ip4_next_dist_0ccwfps._.js:2431
[ 1001617ms] [LOG] [Fast Refresh] done in 199ms @ http://localhost:3001/_next/static/chunks/0ip4_next_dist_0ccwfps._.js:2431
[ 1004390ms] [LOG] [Fast Refresh] rebuilding @ http://localhost:3001/_next/static/chunks/0ip4_next_dist_0ccwfps._.js:2431
[ 1004391ms] [LOG] [Fast Refresh] done in 108ms @ http://localhost:3001/_next/static/chunks/0ip4_next_dist_0ccwfps._.js:2431
[ 1081007ms] [LOG] [Fast Refresh] rebuilding @ http://localhost:3001/_next/static/chunks/0ip4_next_dist_0ccwfps._.js:2431
[ 1081160ms] [LOG] [Fast Refresh] done in 255ms @ http://localhost:3001/_next/static/chunks/0ip4_next_dist_0ccwfps._.js:2431
[ 1130626ms] [LOG] [Fast Refresh] rebuilding @ http://localhost:3001/_next/static/chunks/0ip4_next_dist_0ccwfps._.js:2431
[ 1130627ms] [LOG] [Fast Refresh] done in 104ms @ http://localhost:3001/_next/static/chunks/0ip4_next_dist_0ccwfps._.js:2431
[ 1280034ms] [LOG] [Fast Refresh] rebuilding @ http://localhost:3001/_next/static/chunks/0ip4_next_dist_0ccwfps._.js:2431
[ 1280760ms] [LOG] [Fast Refresh] done in 693ms @ http://localhost:3001/_next/static/chunks/0ip4_next_dist_0ccwfps._.js:2431
[ 1330836ms] [LOG] [Fast Refresh] rebuilding @ http://localhost:3001/_next/static/chunks/0ip4_next_dist_0ccwfps._.js:2431
[ 1332752ms] [LOG] [Fast Refresh] done in 2009ms @ http://localhost:3001/_next/static/chunks/0ip4_next_dist_0ccwfps._.js:2431
[ 1332870ms] [LOG] [Fast Refresh] rebuilding @ http://localhost:3001/_next/static/chunks/0ip4_next_dist_0ccwfps._.js:2431
[ 1336484ms] [LOG] [Fast Refresh] done in 3729ms @ http://localhost:3001/_next/static/chunks/0ip4_next_dist_0ccwfps._.js:2431
[ 1336695ms] [LOG] [Fast Refresh] rebuilding @ http://localhost:3001/_next/static/chunks/0ip4_next_dist_0ccwfps._.js:2431
[ 1338269ms] [LOG] [Fast Refresh] done in 1690ms @ http://localhost:3001/_next/static/chunks/0ip4_next_dist_0ccwfps._.js:2431
[ 1338421ms] [LOG] [Fast Refresh] rebuilding @ http://localhost:3001/_next/static/chunks/0ip4_next_dist_0ccwfps._.js:2431
[ 1338621ms] [LOG] [Fast Refresh] done in 313ms @ http://localhost:3001/_next/static/chunks/0ip4_next_dist_0ccwfps._.js:2431
[ 1338730ms] [LOG] [Fast Refresh] rebuilding @ http://localhost:3001/_next/static/chunks/0ip4_next_dist_0ccwfps._.js:2431
[ 1338843ms] [LOG] [Fast Refresh] done in 219ms @ http://localhost:3001/_next/static/chunks/0ip4_next_dist_0ccwfps._.js:2431
[ 1338990ms] [LOG] [Fast Refresh] rebuilding @ http://localhost:3001/_next/static/chunks/0ip4_next_dist_0ccwfps._.js:2431
[ 1339111ms] [LOG] [Fast Refresh] done in 228ms @ http://localhost:3001/_next/static/chunks/0ip4_next_dist_0ccwfps._.js:2431
[ 1360152ms] [LOG] [Fast Refresh] rebuilding @ http://localhost:3001/_next/static/chunks/0ip4_next_dist_0ccwfps._.js:2431
[ 1360245ms] [LOG] [Fast Refresh] done in 196ms @ http://localhost:3001/_next/static/chunks/0ip4_next_dist_0ccwfps._.js:2431
[ 1390093ms] [LOG] [Fast Refresh] rebuilding @ http://localhost:3001/_next/static/chunks/0ip4_next_dist_0ccwfps._.js:2431
[ 1390232ms] [LOG] [Fast Refresh] done in 210ms @ http://localhost:3001/_next/static/chunks/0ip4_next_dist_0ccwfps._.js:2431
[ 1424520ms] [LOG] [Fast Refresh] rebuilding @ http://localhost:3001/_next/static/chunks/0ip4_next_dist_0ccwfps._.js:2431
[ 1424819ms] [LOG] [Fast Refresh] done in 377ms @ http://localhost:3001/_next/static/chunks/0ip4_next_dist_0ccwfps._.js:2431
[ 1468541ms] [LOG] [Fast Refresh] rebuilding @ http://localhost:3001/_next/static/chunks/0ip4_next_dist_0ccwfps._.js:2431
[ 1468779ms] [LOG] [Fast Refresh] done in 308ms @ http://localhost:3001/_next/static/chunks/0ip4_next_dist_0ccwfps._.js:2431
[ 1505434ms] [LOG] [Fast Refresh] rebuilding @ http://localhost:3001/_next/static/chunks/0ip4_next_dist_0ccwfps._.js:2431
[ 1506020ms] [WARNING] [Fast Refresh] performing full reload

Fast Refresh will perform a full reload when you edit a file that's imported by modules outside of the React rendering tree.
You might have a file which exports a React component but also exports a value that is imported by a non-React component file.
Consider migrating the non-React component export to a separate file and importing it into both files.

It is also possible the parent component of the component you edited is a class component, which disables Fast Refresh.
Fast Refresh requires at least one parent function component in your React tree. @ http://localhost:3001/_next/static/chunks/0ip4_next_dist_0ccwfps._.js:2431
[ 1506470ms] [WARNING] [Fast Refresh] performing full reload

Fast Refresh will perform a full reload when you edit a file that's imported by modules outside of the React rendering tree.
You might have a file which exports a React component but also exports a value that is imported by a non-React component file.
Consider migrating the non-React component export to a separate file and importing it into both files.

It is also possible the parent component of the component you edited is a class component, which disables Fast Refresh.
Fast Refresh requires at least one parent function component in your React tree. @ http://localhost:3001/_next/static/chunks/0ip4_next_dist_0ccwfps._.js:2431
[ 1506473ms] [LOG] [Fast Refresh] done in 1139ms @ http://localhost:3001/_next/static/chunks/0ip4_next_dist_0ccwfps._.js:2431
[ 1506612ms] [LOG] [Fast Refresh] rebuilding @ http://localhost:3001/_next/static/chunks/0ip4_next_dist_0ccwfps._.js:2431
[ 1506790ms] [LOG] [Fast Refresh] done in 283ms @ http://localhost:3001/_next/static/chunks/0ip4_next_dist_0ccwfps._.js:2431
[ 1507194ms] [LOG] [Fast Refresh] rebuilding @ http://localhost:3001/_next/static/chunks/0ip4_next_dist_0ccwfps._.js:2431
[ 1507875ms] [INFO] %cDownload the React DevTools for a better development experience: https://react.dev/link/react-devtools font-weight:bold @ http://localhost:3001/_next/static/chunks/0ip4_next_dist_0ccwfps._.js:2431
[ 1507951ms] [LOG] [HMR] connected @ http://localhost:3001/_next/static/chunks/0ip4_next_dist_0ccwfps._.js:2431
[ 1678862ms] [WARNING] Image with src "/images/hero/event.webp" was detected as the Largest Contentful Paint (LCP). Please add the `loading="eager"` property if this image is above the fold.
Read more: https://nextjs.org/docs/app/api-reference/components/image#loading @ http://localhost:3001/_next/static/chunks/0ip4_next_dist_0ccwfps._.js:2431
[ 1678863ms] [LOG] [Fast Refresh] rebuilding @ http://localhost:3001/_next/static/chunks/0ip4_next_dist_0ccwfps._.js:2431
[ 1679678ms] [LOG] [Fast Refresh] done in 919ms @ http://localhost:3001/_next/static/chunks/0ip4_next_dist_0ccwfps._.js:2431
[ 1680095ms] [INFO] %cDownload the React DevTools for a better development experience: https://react.dev/link/react-devtools font-weight:bold @ http://localhost:3001/_next/static/chunks/0ip4_next_dist_0ccwfps._.js:2431
[ 1680243ms] [LOG] [HMR] connected @ http://localhost:3001/_next/static/chunks/0ip4_next_dist_0ccwfps._.js:2431
[ 1681834ms] [WARNING] Image with src "/images/hero/birthday.webp" has "fill" prop and "sizes" prop of "100vw", but image is not rendered at full viewport width. Please adjust "sizes" to improve page performance. Read more: https://nextjs.org/docs/api-reference/next/image#sizes @ http://localhost:3001/_next/static/chunks/0ip4_next_dist_0ccwfps._.js:2431
[ 1681898ms] [WARNING] Image with src "/images/hero/portrait.webp" has "fill" prop and "sizes" prop of "100vw", but image is not rendered at full viewport width. Please adjust "sizes" to improve page performance. Read more: https://nextjs.org/docs/api-reference/next/image#sizes @ http://localhost:3001/_next/static/chunks/0ip4_next_dist_0ccwfps._.js:2431
[ 1681949ms] [LOG] [Fast Refresh] rebuilding @ http://localhost:3001/_next/static/chunks/0ip4_next_dist_0ccwfps._.js:2431
[ 1681968ms] [LOG] [Fast Refresh] done in 121ms @ http://localhost:3001/_next/static/chunks/0ip4_next_dist_0ccwfps._.js:2431
[ 1682624ms] [LOG] [Fast Refresh] rebuilding @ http://localhost:3001/_next/static/chunks/0ip4_next_dist_0ccwfps._.js:2431
[ 1686866ms] [LOG] [Fast Refresh] done in 4346ms @ http://localhost:3001/_next/static/chunks/0ip4_next_dist_0ccwfps._.js:2431
[ 1694034ms] [LOG] [Fast Refresh] rebuilding @ http://localhost:3001/_next/static/chunks/0ip4_next_dist_0ccwfps._.js:2431
[ 1694040ms] [LOG] [Fast Refresh] done in 123ms @ http://localhost:3001/_next/static/chunks/0ip4_next_dist_0ccwfps._.js:2431
[ 1694884ms] [WARNING] Detected `scroll-behavior: smooth` on the `<html>` element. To disable smooth scrolling during route transitions, add `data-scroll-behavior="smooth"` to your <html> element. Learn more: https://nextjs.org/docs/messages/missing-data-scroll-behavior @ http://localhost:3001/_next/static/chunks/0ip4_next_dist_0ccwfps._.js:2431
[ 1729293ms] [LOG] [Fast Refresh] rebuilding @ http://localhost:3001/_next/static/chunks/0ip4_next_dist_0ccwfps._.js:2431
[ 1729958ms] [LOG] [Fast Refresh] done in 771ms @ http://localhost:3001/_next/static/chunks/0ip4_next_dist_0ccwfps._.js:2431
[ 1730671ms] [INFO] %cDownload the React DevTools for a better development experience: https://react.dev/link/react-devtools font-weight:bold @ http://localhost:3001/_next/static/chunks/0ip4_next_dist_0ccwfps._.js:2431
[ 1730818ms] [LOG] [HMR] connected @ http://localhost:3001/_next/static/chunks/0ip4_next_dist_0ccwfps._.js:2431
[ 1761513ms] [LOG] [Fast Refresh] rebuilding @ http://localhost:3001/_next/static/chunks/0ip4_next_dist_0ccwfps._.js:2431
[ 1761657ms] [LOG] [Fast Refresh] done in 247ms @ http://localhost:3001/_next/static/chunks/0ip4_next_dist_0ccwfps._.js:2431
[ 1761821ms] [INFO] %cDownload the React DevTools for a better development experience: https://react.dev/link/react-devtools font-weight:bold @ http://localhost:3001/_next/static/chunks/0ip4_next_dist_0ccwfps._.js:2431
[ 1761861ms] [LOG] [HMR] connected @ http://localhost:3001/_next/static/chunks/0ip4_next_dist_0ccwfps._.js:2431
[ 1791721ms] [LOG] [Fast Refresh] rebuilding @ http://localhost:3001/_next/static/chunks/0ip4_next_dist_0ccwfps._.js:2431
[ 1792251ms] [LOG] [Fast Refresh] done in 635ms @ http://localhost:3001/_next/static/chunks/0ip4_next_dist_0ccwfps._.js:2431
[ 2026363ms] [LOG] [Fast Refresh] rebuilding @ http://localhost:3001/_next/static/chunks/0ip4_next_dist_0ccwfps._.js:2431
[ 2026447ms] [LOG] [Fast Refresh] done in 198ms @ http://localhost:3001/_next/static/chunks/0ip4_next_dist_0ccwfps._.js:2431
[ 2041765ms] [LOG] [Fast Refresh] rebuilding @ http://localhost:3001/_next/static/chunks/0ip4_next_dist_0ccwfps._.js:2431
[ 2041773ms] [LOG] [Fast Refresh] done in 111ms @ http://localhost:3001/_next/static/chunks/0ip4_next_dist_0ccwfps._.js:2431
[ 2310622ms] [LOG] [Fast Refresh] rebuilding @ http://localhost:3001/_next/static/chunks/0ip4_next_dist_0ccwfps._.js:2431
[ 2310862ms] [WARNING] [HMR] Invalid message: {"isTrusted":true}
TypeError: Cannot convert undefined or null to object
    at Object.keys (<anonymous>)
    at extractModulesFromTurbopackMessage (http://localhost:3001/_next/static/chunks/0ip4_next_dist_client_0t5wiib._.js:13631:39)
    at TurbopackHmr.onTurbopackMessage (http://localhost:3001/_next/static/chunks/0ip4_next_dist_client_0t5wiib._.js:13578:32)
    at processMessage (http://localhost:3001/_next/static/chunks/0ip4_next_dist_client_0t5wiib._.js:13936:30)
    at WebSocket.handleMessage (http://localhost:3001/_next/static/chunks/0ip4_next_dist_client_0t5wiib._.js:13335:52) @ http://localhost:3001/_next/static/chunks/0ip4_next_dist_0ccwfps._.js:2431
[ 2310862ms] [LOG] [Fast Refresh] done in 340ms @ http://localhost:3001/_next/static/chunks/0ip4_next_dist_0ccwfps._.js:2431
[ 2310976ms] [LOG] [Fast Refresh] rebuilding @ http://localhost:3001/_next/static/chunks/0ip4_next_dist_0ccwfps._.js:2431
[ 2311141ms] [LOG] [Fast Refresh] done in 273ms @ http://localhost:3001/_next/static/chunks/0ip4_next_dist_0ccwfps._.js:2431
[ 2311252ms] [LOG] [Fast Refresh] rebuilding @ http://localhost:3001/_next/static/chunks/0ip4_next_dist_0ccwfps._.js:2431
[ 2311535ms] [LOG] [Fast Refresh] done in 387ms @ http://localhost:3001/_next/static/chunks/0ip4_next_dist_0ccwfps._.js:2431
[ 2311718ms] [LOG] [Fast Refresh] rebuilding @ http://localhost:3001/_next/static/chunks/0ip4_next_dist_0ccwfps._.js:2431
[ 2311719ms] [LOG] [Fast Refresh] done in 103ms @ http://localhost:3001/_next/static/chunks/0ip4_next_dist_0ccwfps._.js:2431
[ 2311894ms] [LOG] [Fast Refresh] rebuilding @ http://localhost:3001/_next/static/chunks/0ip4_next_dist_0ccwfps._.js:2431
[ 2312019ms] [LOG] [Fast Refresh] done in 226ms @ http://localhost:3001/_next/static/chunks/0ip4_next_dist_0ccwfps._.js:2431
[ 2352292ms] [LOG] [Fast Refresh] rebuilding @ http://localhost:3001/_next/static/chunks/0ip4_next_dist_0ccwfps._.js:2431
[ 2353008ms] [LOG] [Fast Refresh] done in 431ms @ http://localhost:3001/_next/static/chunks/0ip4_next_dist_0ccwfps._.js:2431
[ 2386482ms] [LOG] [Fast Refresh] rebuilding @ http://localhost:3001/_next/static/chunks/0ip4_next_dist_0ccwfps._.js:2431
[ 2387862ms] [LOG] [Fast Refresh] done in 1473ms @ http://localhost:3001/_next/static/chunks/0ip4_next_dist_0ccwfps._.js:2431
[ 2416417ms] [LOG] [Fast Refresh] rebuilding @ http://localhost:3001/_next/static/chunks/0ip4_next_dist_0ccwfps._.js:2431
[ 2416634ms] [LOG] [Fast Refresh] done in 329ms @ http://localhost:3001/_next/static/chunks/0ip4_next_dist_0ccwfps._.js:2431
[ 2488060ms] [LOG] [Fast Refresh] rebuilding @ http://localhost:3001/_next/static/chunks/0ip4_next_dist_0ccwfps._.js:2431
[ 2491307ms] [LOG] [Fast Refresh] done in 3363ms @ http://localhost:3001/_next/static/chunks/0ip4_next_dist_0ccwfps._.js:2431
[ 2491988ms] [LOG] [Fast Refresh] rebuilding @ http://localhost:3001/_next/static/chunks/0ip4_next_dist_0ccwfps._.js:2431
[ 2492229ms] [LOG] [Fast Refresh] done in 354ms @ http://localhost:3001/_next/static/chunks/0ip4_next_dist_0ccwfps._.js:2431
[ 2492941ms] [LOG] [Fast Refresh] rebuilding @ http://localhost:3001/_next/static/chunks/0ip4_next_dist_0ccwfps._.js:2431
[ 2492977ms] [LOG] [Fast Refresh] done in 162ms @ http://localhost:3001/_next/static/chunks/0ip4_next_dist_0ccwfps._.js:2431
[ 2493479ms] [LOG] [Fast Refresh] rebuilding @ http://localhost:3001/_next/static/chunks/0ip4_next_dist_0ccwfps._.js:2431
[ 2493680ms] [LOG] [Fast Refresh] done in 304ms @ http://localhost:3001/_next/static/chunks/0ip4_next_dist_0ccwfps._.js:2431
[ 2528280ms] [LOG] [Fast Refresh] rebuilding @ http://localhost:3001/_next/static/chunks/0ip4_next_dist_0ccwfps._.js:2431
[ 2529308ms] [LOG] [Fast Refresh] done in 1161ms @ http://localhost:3001/_next/static/chunks/0ip4_next_dist_0ccwfps._.js:2431
[ 2530061ms] [LOG] [Fast Refresh] rebuilding @ http://localhost:3001/_next/static/chunks/0ip4_next_dist_0ccwfps._.js:2431
[ 2530077ms] [LOG] [Fast Refresh] done in 134ms @ http://localhost:3001/_next/static/chunks/0ip4_next_dist_0ccwfps._.js:2431
[ 2569846ms] [LOG] [Fast Refresh] rebuilding @ http://localhost:3001/_next/static/chunks/0ip4_next_dist_0ccwfps._.js:2431
[ 2569958ms] [LOG] [Fast Refresh] done in 166ms @ http://localhost:3001/_next/static/chunks/0ip4_next_dist_0ccwfps._.js:2431
[ 2602609ms] [LOG] [Fast Refresh] rebuilding @ http://localhost:3001/_next/static/chunks/0ip4_next_dist_0ccwfps._.js:2431
[ 2603286ms] [LOG] [Fast Refresh] done in 791ms @ http://localhost:3001/_next/static/chunks/0ip4_next_dist_0ccwfps._.js:2431
[ 2639900ms] [LOG] [Fast Refresh] rebuilding @ http://localhost:3001/_next/static/chunks/0ip4_next_dist_0ccwfps._.js:2431
[ 2640009ms] [LOG] [Fast Refresh] done in 212ms @ http://localhost:3001/_next/static/chunks/0ip4_next_dist_0ccwfps._.js:2431
[ 2719180ms] [LOG] [Fast Refresh] rebuilding @ http://localhost:3001/_next/static/chunks/0ip4_next_dist_0ccwfps._.js:2431
[ 2720075ms] [LOG] [Fast Refresh] done in 1005ms @ http://localhost:3001/_next/static/chunks/0ip4_next_dist_0ccwfps._.js:2431
[ 2720214ms] [LOG] [Fast Refresh] rebuilding @ http://localhost:3001/_next/static/chunks/0ip4_next_dist_0ccwfps._.js:2431
[ 2720233ms] [LOG] [Fast Refresh] done in 126ms @ http://localhost:3001/_next/static/chunks/0ip4_next_dist_0ccwfps._.js:2431
[ 2767219ms] [LOG] [Fast Refresh] rebuilding @ http://localhost:3001/_next/static/chunks/0ip4_next_dist_0ccwfps._.js:2431
[ 2767298ms] [LOG] [Fast Refresh] done in 182ms @ http://localhost:3001/_next/static/chunks/0ip4_next_dist_0ccwfps._.js:2431
[ 3267132ms] [LOG] [Fast Refresh] rebuilding @ http://localhost:3001/_next/static/chunks/0ip4_next_dist_0ccwfps._.js:2431
[ 3267214ms] [LOG] [Fast Refresh] done in 196ms @ http://localhost:3001/_next/static/chunks/0ip4_next_dist_0ccwfps._.js:2431
[ 3341427ms] [LOG] [Fast Refresh] rebuilding @ http://localhost:3001/_next/static/chunks/0ip4_next_dist_0ccwfps._.js:2431
[ 3342470ms] [LOG] [Fast Refresh] done in 491ms @ http://localhost:3001/_next/static/chunks/0ip4_next_dist_0ccwfps._.js:2431
[ 3342595ms] [LOG] [Fast Refresh] rebuilding @ http://localhost:3001/_next/static/chunks/0ip4_next_dist_0ccwfps._.js:2431
[ 3342666ms] [LOG] [Fast Refresh] done in 188ms @ http://localhost:3001/_next/static/chunks/0ip4_next_dist_0ccwfps._.js:2431
[ 3351940ms] [WARNING] Image with src "/images/gallery/event-photography/009-events-photos-4sdmotor-205.webp" has "fill" and a height value of 0. This is likely because the parent element of the image has not been styled to have a set height. @ http://localhost:3001/_next/static/chunks/0ip4_next_dist_0ccwfps._.js:2431
[ 3351941ms] [WARNING] Image with src "/images/gallery/event-photography/010-events-photos-4sdmotor.webp" has "fill" and a height value of 0. This is likely because the parent element of the image has not been styled to have a set height. @ http://localhost:3001/_next/static/chunks/0ip4_next_dist_0ccwfps._.js:2431
[ 3352171ms] [WARNING] Image with src "/images/gallery/event-photography/011-events-photos-20251106wa1-258.webp" has "fill" and a height value of 0. This is likely because the parent element of the image has not been styled to have a set height. @ http://localhost:3001/_next/static/chunks/0ip4_next_dist_0ccwfps._.js:2431
[ 3352689ms] [WARNING] Image with src "/images/gallery/event-photography/015-events-photos-20251106wa1-388.webp" has "fill" and a height value of 0. This is likely because the parent element of the image has not been styled to have a set height. @ http://localhost:3001/_next/static/chunks/0ip4_next_dist_0ccwfps._.js:2431
[ 3352771ms] [WARNING] Image with src "/images/gallery/event-photography/013-events-photos-20251106wa1-321.webp" has "fill" and a height value of 0. This is likely because the parent element of the image has not been styled to have a set height. @ http://localhost:3001/_next/static/chunks/0ip4_next_dist_0ccwfps._.js:2431
[ 3352912ms] [WARNING] Image with src "/images/gallery/event-photography/012-events-photos-20251106wa1-304.webp" has "fill" and a height value of 0. This is likely because the parent element of the image has not been styled to have a set height. @ http://localhost:3001/_next/static/chunks/0ip4_next_dist_0ccwfps._.js:2431
[ 3353043ms] [WARNING] Image with src "/images/gallery/event-photography/014-events-photos-20251106wa1-376.webp" has "fill" and a height value of 0. This is likely because the parent element of the image has not been styled to have a set height. @ http://localhost:3001/_next/static/chunks/0ip4_next_dist_0ccwfps._.js:2431
[ 3353089ms] [WARNING] Image with src "/images/gallery/event-photography/016-events-photos-20251106wa2-2.webp" has "fill" and a height value of 0. This is likely because the parent element of the image has not been styled to have a set height. @ http://localhost:3001/_next/static/chunks/0ip4_next_dist_0ccwfps._.js:2431
[ 3353111ms] [WARNING] Image with src "/images/gallery/event-photography/021-events-photos-20251106wa2-124.webp" has "fill" and a height value of 0. This is likely because the parent element of the image has not been styled to have a set height. @ http://localhost:3001/_next/static/chunks/0ip4_next_dist_0ccwfps._.js:2431
[ 3353167ms] [WARNING] Image with src "/images/gallery/event-photography/017-events-photos-20251106wa2-35.webp" has "fill" and a height value of 0. This is likely because the parent element of the image has not been styled to have a set height. @ http://localhost:3001/_next/static/chunks/0ip4_next_dist_0ccwfps._.js:2431
[ 3353532ms] [WARNING] Image with src "/images/gallery/event-photography/022-events-photos-20251106wa2-133.webp" has "fill" and a height value of 0. This is likely because the parent element of the image has not been styled to have a set height. @ http://localhost:3001/_next/static/chunks/0ip4_next_dist_0ccwfps._.js:2431
[ 3353560ms] [WARNING] Image with src "/images/gallery/event-photography/024-events-photos-20251106wa2-150.webp" has "fill" and a height value of 0. This is likely because the parent element of the image has not been styled to have a set height. @ http://localhost:3001/_next/static/chunks/0ip4_next_dist_0ccwfps._.js:2431
[ 3353923ms] [WARNING] Image with src "/images/gallery/event-photography/023-events-photos-20251106wa2-141.webp" has "fill" and a height value of 0. This is likely because the parent element of the image has not been styled to have a set height. @ http://localhost:3001/_next/static/chunks/0ip4_next_dist_0ccwfps._.js:2431
[ 3354112ms] [WARNING] Image with src "/images/gallery/event-photography/026-events-photos-20251106wa2-161.webp" has "fill" and a height value of 0. This is likely because the parent element of the image has not been styled to have a set height. @ http://localhost:3001/_next/static/chunks/0ip4_next_dist_0ccwfps._.js:2431
[ 3354407ms] [WARNING] Image with src "/images/gallery/event-photography/025-events-photos-20251106wa2-151.webp" has "fill" and a height value of 0. This is likely because the parent element of the image has not been styled to have a set height. @ http://localhost:3001/_next/static/chunks/0ip4_next_dist_0ccwfps._.js:2431
[ 3354427ms] [WARNING] Image with src "/images/gallery/event-photography/032-events-photos-drc09647.webp" has "fill" and a height value of 0. This is likely because the parent element of the image has not been styled to have a set height. @ http://localhost:3001/_next/static/chunks/0ip4_next_dist_0ccwfps._.js:2431
[ 3354531ms] [WARNING] Image with src "/images/gallery/event-photography/028-events-photos-a-leia-56.webp" has "fill" and a height value of 0. This is likely because the parent element of the image has not been styled to have a set height. @ http://localhost:3001/_next/static/chunks/0ip4_next_dist_0ccwfps._.js:2431
[ 3354563ms] [WARNING] Image with src "/images/gallery/event-photography/027-events-photos-20251106wa2-169.webp" has "fill" and a height value of 0. This is likely because the parent element of the image has not been styled to have a set height. @ http://localhost:3001/_next/static/chunks/0ip4_next_dist_0ccwfps._.js:2431
[ 3354917ms] [WARNING] Image with src "/images/gallery/event-photography/033-events-photos-j-and-t-1anniversary-162.webp" has "fill" and a height value of 0. This is likely because the parent element of the image has not been styled to have a set height. @ http://localhost:3001/_next/static/chunks/0ip4_next_dist_0ccwfps._.js:2431
[ 3354991ms] [WARNING] Image with src "/images/gallery/event-photography/036-events-photos-m-and-d-wedding-507.webp" has "fill" and a height value of 0. This is likely because the parent element of the image has not been styled to have a set height. @ http://localhost:3001/_next/static/chunks/0ip4_next_dist_0ccwfps._.js:2431
[ 3355033ms] [WARNING] Image with src "/images/gallery/event-photography/035-events-photos-keshfarewell-139.webp" has "fill" and a height value of 0. This is likely because the parent element of the image has not been styled to have a set height. @ http://localhost:3001/_next/static/chunks/0ip4_next_dist_0ccwfps._.js:2431
[ 3355151ms] [WARNING] Image with src "/images/gallery/event-photography/037-events-photos-meme-142.webp" has "fill" and a height value of 0. This is likely because the parent element of the image has not been styled to have a set height. @ http://localhost:3001/_next/static/chunks/0ip4_next_dist_0ccwfps._.js:2431
[ 3355170ms] [WARNING] Image with src "/images/gallery/event-photography/038-events-photos-meme-172.webp" has "fill" and a height value of 0. This is likely because the parent element of the image has not been styled to have a set height. @ http://localhost:3001/_next/static/chunks/0ip4_next_dist_0ccwfps._.js:2431
[ 3355207ms] [WARNING] Image with src "/images/gallery/event-photography/039-events-photos-meme-178.webp" has "fill" and a height value of 0. This is likely because the parent element of the image has not been styled to have a set height. @ http://localhost:3001/_next/static/chunks/0ip4_next_dist_0ccwfps._.js:2431
[ 3355390ms] [WARNING] Image with src "/images/gallery/event-photography/041-events-photos-mg-12.webp" has "fill" and a height value of 0. This is likely because the parent element of the image has not been styled to have a set height. @ http://localhost:3001/_next/static/chunks/0ip4_next_dist_0ccwfps._.js:2431
[ 3355542ms] [WARNING] Image with src "/images/gallery/event-photography/040-events-photos-mg-10.webp" has "fill" and a height value of 0. This is likely because the parent element of the image has not been styled to have a set height. @ http://localhost:3001/_next/static/chunks/0ip4_next_dist_0ccwfps._.js:2431
[ 3355554ms] [WARNING] Image with src "/images/gallery/event-photography/034-events-photos-j-and-t-1anniversary-181.webp" has "fill" and a height value of 0. This is likely because the parent element of the image has not been styled to have a set height. @ http://localhost:3001/_next/static/chunks/0ip4_next_dist_0ccwfps._.js:2431
[ 3355573ms] [WARNING] Image with src "/images/gallery/event-photography/042-events-photos-mgcci-big-113.webp" has "fill" and a height value of 0. This is likely because the parent element of the image has not been styled to have a set height. @ http://localhost:3001/_next/static/chunks/0ip4_next_dist_0ccwfps._.js:2431
[ 3392419ms] [LOG] [Fast Refresh] rebuilding @ http://localhost:3001/_next/static/chunks/0ip4_next_dist_0ccwfps._.js:2431
[ 3394553ms] [LOG] [Fast Refresh] done in 2190ms @ http://localhost:3001/_next/static/chunks/0ip4_next_dist_0ccwfps._.js:2431
[ 3491376ms] [LOG] [Fast Refresh] rebuilding @ http://localhost:3001/_next/static/chunks/0ip4_next_dist_0ccwfps._.js:2431
[ 3491982ms] [LOG] [Fast Refresh] done in 714ms @ http://localhost:3001/_next/static/chunks/0ip4_next_dist_0ccwfps._.js:2431
[ 3492449ms] [LOG] [Fast Refresh] rebuilding @ http://localhost:3001/_next/static/chunks/0ip4_next_dist_0ccwfps._.js:2431
[ 3492611ms] [LOG] [Fast Refresh] done in 268ms @ http://localhost:3001/_next/static/chunks/0ip4_next_dist_0ccwfps._.js:2431
[ 3603493ms] [LOG] [Fast Refresh] rebuilding @ http://localhost:3001/_next/static/chunks/0ip4_next_dist_0ccwfps._.js:2431
[ 3603848ms] [LOG] [Fast Refresh] done in 468ms @ http://localhost:3001/_next/static/chunks/0ip4_next_dist_0ccwfps._.js:2431
[ 3605358ms] [LOG] [Fast Refresh] rebuilding @ http://localhost:3001/_next/static/chunks/0ip4_next_dist_0ccwfps._.js:2431
[ 3605375ms] [LOG] [Fast Refresh] done in 130ms @ http://localhost:3001/_next/static/chunks/0ip4_next_dist_0ccwfps._.js:2431
[ 3605482ms] [LOG] [Fast Refresh] rebuilding @ http://localhost:3001/_next/static/chunks/0ip4_next_dist_0ccwfps._.js:2431
[ 3605485ms] [LOG] [Fast Refresh] done in 106ms @ http://localhost:3001/_next/static/chunks/0ip4_next_dist_0ccwfps._.js:2431
[ 3605697ms] [LOG] [Fast Refresh] rebuilding @ http://localhost:3001/_next/static/chunks/0ip4_next_dist_0ccwfps._.js:2431
[ 3605775ms] [LOG] [Fast Refresh] done in 179ms @ http://localhost:3001/_next/static/chunks/0ip4_next_dist_0ccwfps._.js:2431
[ 3605882ms] [LOG] [Fast Refresh] rebuilding @ http://localhost:3001/_next/static/chunks/0ip4_next_dist_0ccwfps._.js:2431
[ 3605884ms] [LOG] [Fast Refresh] done in 104ms @ http://localhost:3001/_next/static/chunks/0ip4_next_dist_0ccwfps._.js:2431
[ 3605991ms] [LOG] [Fast Refresh] rebuilding @ http://localhost:3001/_next/static/chunks/0ip4_next_dist_0ccwfps._.js:2431
[ 3605992ms] [LOG] [Fast Refresh] done in 102ms @ http://localhost:3001/_next/static/chunks/0ip4_next_dist_0ccwfps._.js:2431
[ 3606100ms] [LOG] [Fast Refresh] rebuilding @ http://localhost:3001/_next/static/chunks/0ip4_next_dist_0ccwfps._.js:2431
[ 3606271ms] [LOG] [Fast Refresh] done in 274ms @ http://localhost:3001/_next/static/chunks/0ip4_next_dist_0ccwfps._.js:2431
[ 3646119ms] [LOG] [Fast Refresh] rebuilding @ http://localhost:3001/_next/static/chunks/0ip4_next_dist_0ccwfps._.js:2431
[ 3646120ms] [LOG] [Fast Refresh] done in 105ms @ http://localhost:3001/_next/static/chunks/0ip4_next_dist_0ccwfps._.js:2431
[ 3725067ms] [LOG] [Fast Refresh] rebuilding @ http://localhost:3001/_next/static/chunks/0ip4_next_dist_0ccwfps._.js:2431
[ 3725476ms] [LOG] [Fast Refresh] done in 483ms @ http://localhost:3001/_next/static/chunks/0ip4_next_dist_0ccwfps._.js:2431
[ 3736547ms] [LOG] [Fast Refresh] rebuilding @ http://localhost:3001/_next/static/chunks/0ip4_next_dist_0ccwfps._.js:2431
[ 3736718ms] [LOG] [Fast Refresh] done in 271ms @ http://localhost:3001/_next/static/chunks/0ip4_next_dist_0ccwfps._.js:2431
[ 3801216ms] [LOG] [Fast Refresh] rebuilding @ http://localhost:3001/_next/static/chunks/0ip4_next_dist_0ccwfps._.js:2431
[ 3802330ms] [LOG] [Fast Refresh] done in 499ms @ http://localhost:3001/_next/static/chunks/0ip4_next_dist_0ccwfps._.js:2431
[ 3808776ms] [WARNING] The resource http://localhost:3001/_next/image?url=%2Fimages%2Fgallery%2Fevent-photography%2F004-events-photos-2sos-136.webp&w=750&q=75 was preloaded using link preload but not used within a few seconds from the window's load event. Please make sure it has an appropriate `as` value and it is preloaded intentionally. @ http://localhost:3001/services/event-photography:0
[ 3820189ms] [LOG] [Fast Refresh] rebuilding @ http://localhost:3001/_next/static/chunks/0ip4_next_dist_0ccwfps._.js:2431
[ 3820667ms] [LOG] [Fast Refresh] done in 493ms @ http://localhost:3001/_next/static/chunks/0ip4_next_dist_0ccwfps._.js:2431
[ 3823620ms] [WARNING] The resource http://localhost:3001/_next/image?url=%2Fimages%2Fgallery%2Fevent-photography%2F004-events-photos-2sos-136.webp&w=750&q=75 was preloaded using link preload but not used within a few seconds from the window's load event. Please make sure it has an appropriate `as` value and it is preloaded intentionally. @ http://localhost:3001/services/event-photography:0
[ 3829741ms] [LOG] [Fast Refresh] rebuilding @ http://localhost:3001/_next/static/chunks/0ip4_next_dist_0ccwfps._.js:2431
[ 3831191ms] [LOG] [Fast Refresh] done in 1563ms @ http://localhost:3001/_next/static/chunks/0ip4_next_dist_0ccwfps._.js:2431
[ 3833043ms] [WARNING] The resource http://localhost:3001/_next/image?url=%2Fimages%2Fgallery%2Fevent-photography%2F004-events-photos-2sos-136.webp&w=750&q=75 was preloaded using link preload but not used within a few seconds from the window's load event. Please make sure it has an appropriate `as` value and it is preloaded intentionally. @ http://localhost:3001/services/event-photography:0
[ 3844612ms] [LOG] [Fast Refresh] rebuilding @ http://localhost:3001/_next/static/chunks/0ip4_next_dist_0ccwfps._.js:2431
[ 3845370ms] [LOG] [Fast Refresh] done in 861ms @ http://localhost:3001/_next/static/chunks/0ip4_next_dist_0ccwfps._.js:2431
[ 3848346ms] [WARNING] The resource http://localhost:3001/_next/image?url=%2Fimages%2Fgallery%2Fevent-photography%2F004-events-photos-2sos-136.webp&w=750&q=75 was preloaded using link preload but not used within a few seconds from the window's load event. Please make sure it has an appropriate `as` value and it is preloaded intentionally. @ http://localhost:3001/services/event-photography:0
[ 3856734ms] [LOG] [Fast Refresh] rebuilding @ http://localhost:3001/_next/static/chunks/0ip4_next_dist_0ccwfps._.js:2431
[ 3856938ms] [LOG] [Fast Refresh] done in 316ms @ http://localhost:3001/_next/static/chunks/0ip4_next_dist_0ccwfps._.js:2431
[ 3864303ms] [LOG] [Fast Refresh] rebuilding @ http://localhost:3001/_next/static/chunks/0ip4_next_dist_0ccwfps._.js:2431
[ 3864756ms] [LOG] [Fast Refresh] done in 568ms @ http://localhost:3001/_next/static/chunks/0ip4_next_dist_0ccwfps._.js:2431
[ 3867716ms] [WARNING] The resource http://localhost:3001/_next/image?url=%2Fimages%2Fgallery%2Fevent-photography%2F004-events-photos-2sos-136.webp&w=750&q=75 was preloaded using link preload but not used within a few seconds from the window's load event. Please make sure it has an appropriate `as` value and it is preloaded intentionally. @ http://localhost:3001/services/event-photography:0
[ 3950759ms] [LOG] [Fast Refresh] rebuilding @ http://localhost:3001/_next/static/chunks/0ip4_next_dist_0ccwfps._.js:2431
[ 3951070ms] [LOG] [Fast Refresh] done in 260ms @ http://localhost:3001/_next/static/chunks/0ip4_next_dist_0ccwfps._.js:2431
[ 3957520ms] [LOG] [Fast Refresh] rebuilding @ http://localhost:3001/_next/static/chunks/0ip4_next_dist_0ccwfps._.js:2431
[ 3957724ms] [LOG] [Fast Refresh] done in 303ms @ http://localhost:3001/_next/static/chunks/0ip4_next_dist_0ccwfps._.js:2431
[ 3967520ms] [LOG] [Fast Refresh] rebuilding @ http://localhost:3001/_next/static/chunks/0ip4_next_dist_0ccwfps._.js:2431
[ 3969894ms] [LOG] [Fast Refresh] done in 2474ms @ http://localhost:3001/_next/static/chunks/0ip4_next_dist_0ccwfps._.js:2431
[ 3970835ms] [WARNING] The resource http://localhost:3001/_next/image?url=%2Fimages%2Fgallery%2Fevent-photography%2F004-events-photos-2sos-136.webp&w=750&q=75 was preloaded using link preload but not used within a few seconds from the window's load event. Please make sure it has an appropriate `as` value and it is preloaded intentionally. @ http://localhost:3001/services/event-photography:0
[ 4053038ms] [LOG] [Fast Refresh] rebuilding @ http://localhost:3001/_next/static/chunks/0ip4_next_dist_0ccwfps._.js:2431
[ 4053041ms] [LOG] [Fast Refresh] done in 122ms @ http://localhost:3001/_next/static/chunks/0ip4_next_dist_0ccwfps._.js:2431
[ 4107131ms] [LOG] [Fast Refresh] rebuilding @ http://localhost:3001/_next/static/chunks/0ip4_next_dist_0ccwfps._.js:2431
[ 4107487ms] [LOG] [Fast Refresh] done in 464ms @ http://localhost:3001/_next/static/chunks/0ip4_next_dist_0ccwfps._.js:2431
[ 4107964ms] [LOG] [Fast Refresh] rebuilding @ http://localhost:3001/_next/static/chunks/0ip4_next_dist_0ccwfps._.js:2431
[ 4108028ms] [LOG] [Fast Refresh] done in 168ms @ http://localhost:3001/_next/static/chunks/0ip4_next_dist_0ccwfps._.js:2431
[ 4110439ms] [WARNING] The resource http://localhost:3001/_next/image?url=%2Fimages%2Fgallery%2Fevent-photography%2F004-events-photos-2sos-136.webp&w=750&q=75 was preloaded using link preload but not used within a few seconds from the window's load event. Please make sure it has an appropriate `as` value and it is preloaded intentionally. @ http://localhost:3001/services/event-photography:0
[ 4138081ms] [LOG] [Fast Refresh] rebuilding @ http://localhost:3001/_next/static/chunks/0ip4_next_dist_0ccwfps._.js:2431
[ 4138344ms] [LOG] [Fast Refresh] done in 270ms @ http://localhost:3001/_next/static/chunks/0ip4_next_dist_0ccwfps._.js:2431
[ 4141356ms] [WARNING] The resource http://localhost:3001/_next/image?url=%2Fimages%2Fgallery%2Fevent-photography%2F004-events-photos-2sos-136.webp&w=750&q=75 was preloaded using link preload but not used within a few seconds from the window's load event. Please make sure it has an appropriate `as` value and it is preloaded intentionally. @ http://localhost:3001/services/event-photography:0
[ 4150379ms] [LOG] [Fast Refresh] rebuilding @ http://localhost:3001/_next/static/chunks/0ip4_next_dist_0ccwfps._.js:2431
[ 4151560ms] [LOG] [Fast Refresh] done in 1283ms @ http://localhost:3001/_next/static/chunks/0ip4_next_dist_0ccwfps._.js:2431
[ 4153700ms] [WARNING] The resource http://localhost:3001/_next/image?url=%2Fimages%2Fgallery%2Fevent-photography%2F004-events-photos-2sos-136.webp&w=750&q=75 was preloaded using link preload but not used within a few seconds from the window's load event. Please make sure it has an appropriate `as` value and it is preloaded intentionally. @ http://localhost:3001/services/event-photography:0
[ 4159038ms] [LOG] [Fast Refresh] rebuilding @ http://localhost:3001/_next/static/chunks/0ip4_next_dist_0ccwfps._.js:2431
[ 4159290ms] [LOG] [Fast Refresh] done in 359ms @ http://localhost:3001/_next/static/chunks/0ip4_next_dist_0ccwfps._.js:2431
[ 4162347ms] [WARNING] The resource http://localhost:3001/_next/image?url=%2Fimages%2Fgallery%2Fevent-photography%2F004-events-photos-2sos-136.webp&w=750&q=75 was preloaded using link preload but not used within a few seconds from the window's load event. Please make sure it has an appropriate `as` value and it is preloaded intentionally. @ http://localhost:3001/services/event-photography:0
[ 4172654ms] [LOG] [Fast Refresh] rebuilding @ http://localhost:3001/_next/static/chunks/0ip4_next_dist_0ccwfps._.js:2431
[ 4172716ms] [LOG] [Fast Refresh] done in 175ms @ http://localhost:3001/_next/static/chunks/0ip4_next_dist_0ccwfps._.js:2431
[ 4205546ms] [LOG] [Fast Refresh] rebuilding @ http://localhost:3001/_next/static/chunks/0ip4_next_dist_0ccwfps._.js:2431
[ 4205608ms] [LOG] [Fast Refresh] done in 168ms @ http://localhost:3001/_next/static/chunks/0ip4_next_dist_0ccwfps._.js:2431
[ 4387422ms] [LOG] [Fast Refresh] rebuilding @ http://localhost:3001/_next/static/chunks/0ip4_next_dist_0ccwfps._.js:2431
[ 4388280ms] [LOG] [Fast Refresh] done in 966ms @ http://localhost:3001/_next/static/chunks/0ip4_next_dist_0ccwfps._.js:2431
[ 4390722ms] [WARNING] The resource http://localhost:3001/_next/image?url=%2Fimages%2Fgallery%2Fevent-photography%2F004-events-photos-2sos-136.webp&w=750&q=75 was preloaded using link preload but not used within a few seconds from the window's load event. Please make sure it has an appropriate `as` value and it is preloaded intentionally. @ http://localhost:3001/services/event-photography:0
[ 4393604ms] [LOG] [Fast Refresh] rebuilding @ http://localhost:3001/_next/static/chunks/0ip4_next_dist_0ccwfps._.js:2431
[ 4394055ms] [LOG] [Fast Refresh] done in 466ms @ http://localhost:3001/_next/static/chunks/0ip4_next_dist_0ccwfps._.js:2431
[ 4394164ms] [LOG] [Fast Refresh] rebuilding @ http://localhost:3001/_next/static/chunks/0ip4_next_dist_0ccwfps._.js:2431
[ 4395141ms] [LOG] [Fast Refresh] done in 1082ms @ http://localhost:3001/_next/static/chunks/0ip4_next_dist_0ccwfps._.js:2431
[ 4395264ms] [LOG] [Fast Refresh] rebuilding @ http://localhost:3001/_next/static/chunks/0ip4_next_dist_0ccwfps._.js:2431
[ 4395282ms] [LOG] [Fast Refresh] done in 123ms @ http://localhost:3001/_next/static/chunks/0ip4_next_dist_0ccwfps._.js:2431
[ 4395392ms] [LOG] [Fast Refresh] rebuilding @ http://localhost:3001/_next/static/chunks/0ip4_next_dist_0ccwfps._.js:2431
[ 4395910ms] [LOG] [Fast Refresh] done in 627ms @ http://localhost:3001/_next/static/chunks/0ip4_next_dist_0ccwfps._.js:2431
[ 4396022ms] [LOG] [Fast Refresh] rebuilding @ http://localhost:3001/_next/static/chunks/0ip4_next_dist_0ccwfps._.js:2431
[ 4396393ms] [LOG] [Fast Refresh] done in 473ms @ http://localhost:3001/_next/static/chunks/0ip4_next_dist_0ccwfps._.js:2431
[ 4396607ms] [LOG] [Fast Refresh] rebuilding @ http://localhost:3001/_next/static/chunks/0ip4_next_dist_0ccwfps._.js:2431
[ 4396615ms] [LOG] [Fast Refresh] done in 110ms @ http://localhost:3001/_next/static/chunks/0ip4_next_dist_0ccwfps._.js:2431
[ 4396743ms] [LOG] [Fast Refresh] rebuilding @ http://localhost:3001/_next/static/chunks/0ip4_next_dist_0ccwfps._.js:2431
[ 4396767ms] [LOG] [Fast Refresh] done in 127ms @ http://localhost:3001/_next/static/chunks/0ip4_next_dist_0ccwfps._.js:2431
[ 4399246ms] [LOG] [Fast Refresh] rebuilding @ http://localhost:3001/_next/static/chunks/0ip4_next_dist_0ccwfps._.js:2431
[ 4400081ms] [LOG] [Fast Refresh] done in 104ms @ http://localhost:3001/_next/static/chunks/0ip4_next_dist_0ccwfps._.js:2431
[ 4400204ms] [LOG] [Fast Refresh] rebuilding @ http://localhost:3001/_next/static/chunks/0ip4_next_dist_0ccwfps._.js:2431
[ 4400907ms] [LOG] [Fast Refresh] done in 813ms @ http://localhost:3001/_next/static/chunks/0ip4_next_dist_0ccwfps._.js:2431
[ 4401034ms] [LOG] [Fast Refresh] rebuilding @ http://localhost:3001/_next/static/chunks/0ip4_next_dist_0ccwfps._.js:2431
[ 4401518ms] [LOG] [Fast Refresh] done in 587ms @ http://localhost:3001/_next/static/chunks/0ip4_next_dist_0ccwfps._.js:2431
[ 4401657ms] [LOG] [Fast Refresh] rebuilding @ http://localhost:3001/_next/static/chunks/0ip4_next_dist_0ccwfps._.js:2431
[ 4401693ms] [LOG] [Fast Refresh] done in 138ms @ http://localhost:3001/_next/static/chunks/0ip4_next_dist_0ccwfps._.js:2431
[ 4401803ms] [LOG] [Fast Refresh] rebuilding @ http://localhost:3001/_next/static/chunks/0ip4_next_dist_0ccwfps._.js:2431
[ 4401900ms] [LOG] [Fast Refresh] done in 203ms @ http://localhost:3001/_next/static/chunks/0ip4_next_dist_0ccwfps._.js:2431
[ 4404383ms] [LOG] [Fast Refresh] rebuilding @ http://localhost:3001/_next/static/chunks/0ip4_next_dist_0ccwfps._.js:2431
[ 4404399ms] [LOG] [Fast Refresh] done in 122ms @ http://localhost:3001/_next/static/chunks/0ip4_next_dist_0ccwfps._.js:2431
[ 4405330ms] [WARNING] The resource http://localhost:3001/_next/image?url=%2Fimages%2Fgallery%2Fevent-photography%2F004-events-photos-2sos-136.webp&w=750&q=75 was preloaded using link preload but not used within a few seconds from the window's load event. Please make sure it has an appropriate `as` value and it is preloaded intentionally. @ http://localhost:3001/services/event-photography:0
[ 4410169ms] [LOG] [Fast Refresh] rebuilding @ http://localhost:3001/_next/static/chunks/0ip4_next_dist_0ccwfps._.js:2431
[ 4410543ms] [LOG] [Fast Refresh] done in 84ms @ http://localhost:3001/_next/static/chunks/0ip4_next_dist_0ccwfps._.js:2431
[ 4410654ms] [LOG] [Fast Refresh] rebuilding @ http://localhost:3001/_next/static/chunks/0ip4_next_dist_0ccwfps._.js:2431
[ 4410719ms] [LOG] [Fast Refresh] done in 167ms @ http://localhost:3001/_next/static/chunks/0ip4_next_dist_0ccwfps._.js:2431
[ 4413876ms] [WARNING] The resource http://localhost:3001/_next/image?url=%2Fimages%2Fgallery%2Fevent-photography%2F004-events-photos-2sos-136.webp&w=750&q=75 was preloaded using link preload but not used within a few seconds from the window's load event. Please make sure it has an appropriate `as` value and it is preloaded intentionally. @ http://localhost:3001/services/event-photography:0
[ 4418370ms] [LOG] [Fast Refresh] rebuilding @ http://localhost:3001/_next/static/chunks/0ip4_next_dist_0ccwfps._.js:2431
[ 4418762ms] [LOG] [Fast Refresh] done in 75ms @ http://localhost:3001/_next/static/chunks/0ip4_next_dist_0ccwfps._.js:2431
[ 4418880ms] [LOG] [Fast Refresh] rebuilding @ http://localhost:3001/_next/static/chunks/0ip4_next_dist_0ccwfps._.js:2431
[ 4418956ms] [LOG] [Fast Refresh] done in 187ms @ http://localhost:3001/_next/static/chunks/0ip4_next_dist_0ccwfps._.js:2431
[ 4422148ms] [WARNING] The resource http://localhost:3001/_next/image?url=%2Fimages%2Fgallery%2Fevent-photography%2F004-events-photos-2sos-136.webp&w=750&q=75 was preloaded using link preload but not used within a few seconds from the window's load event. Please make sure it has an appropriate `as` value and it is preloaded intentionally. @ http://localhost:3001/services/event-photography:0
[ 4436830ms] [LOG] [Fast Refresh] rebuilding @ http://localhost:3001/_next/static/chunks/0ip4_next_dist_0ccwfps._.js:2431
[ 4436891ms] [LOG] [Fast Refresh] done in 78ms @ http://localhost:3001/_next/static/chunks/0ip4_next_dist_0ccwfps._.js:2431
[ 4442408ms] [LOG] [Fast Refresh] rebuilding @ http://localhost:3001/_next/static/chunks/0ip4_next_dist_0ccwfps._.js:2431
[ 4442460ms] [LOG] [Fast Refresh] done in 56ms @ http://localhost:3001/_next/static/chunks/0ip4_next_dist_0ccwfps._.js:2431
[ 4462730ms] [LOG] [Fast Refresh] rebuilding @ http://localhost:3001/_next/static/chunks/0ip4_next_dist_0ccwfps._.js:2431
[ 4462797ms] [LOG] [Fast Refresh] done in 55ms @ http://localhost:3001/_next/static/chunks/0ip4_next_dist_0ccwfps._.js:2431
[ 4486645ms] [LOG] [Fast Refresh] rebuilding @ http://localhost:3001/_next/static/chunks/0ip4_next_dist_0ccwfps._.js:2431
[ 4486858ms] [LOG] [Fast Refresh] done in 48ms @ http://localhost:3001/_next/static/chunks/0ip4_next_dist_0ccwfps._.js:2431
[ 4486967ms] [LOG] [Fast Refresh] rebuilding @ http://localhost:3001/_next/static/chunks/0ip4_next_dist_0ccwfps._.js:2431
[ 4487073ms] [LOG] [Fast Refresh] done in 209ms @ http://localhost:3001/_next/static/chunks/0ip4_next_dist_0ccwfps._.js:2431
[ 4490242ms] [WARNING] The resource http://localhost:3001/_next/image?url=%2Fimages%2Fgallery%2Fevent-photography%2F004-events-photos-2sos-136.webp&w=750&q=75 was preloaded using link preload but not used within a few seconds from the window's load event. Please make sure it has an appropriate `as` value and it is preloaded intentionally. @ http://localhost:3001/services/event-photography:0
[ 4512491ms] [LOG] [Fast Refresh] rebuilding @ http://localhost:3001/_next/static/chunks/0ip4_next_dist_0ccwfps._.js:2431
[ 4512566ms] [LOG] [Fast Refresh] done in 82ms @ http://localhost:3001/_next/static/chunks/0ip4_next_dist_0ccwfps._.js:2431
[ 4527065ms] [LOG] [Fast Refresh] rebuilding @ http://localhost:3001/_next/static/chunks/0ip4_next_dist_0ccwfps._.js:2431
[ 4527123ms] [LOG] [Fast Refresh] done in 51ms @ http://localhost:3001/_next/static/chunks/0ip4_next_dist_0ccwfps._.js:2431
[ 4597696ms] [LOG] [Fast Refresh] rebuilding @ http://localhost:3001/_next/static/chunks/0ip4_next_dist_0ccwfps._.js:2431
[ 4597821ms] [LOG] [Fast Refresh] done in 189ms @ http://localhost:3001/_next/static/chunks/0ip4_next_dist_0ccwfps._.js:2431
[ 4600799ms] [WARNING] The resource http://localhost:3001/_next/image?url=%2Fimages%2Fgallery%2Fevent-photography%2F004-events-photos-2sos-136.webp&w=750&q=75 was preloaded using link preload but not used within a few seconds from the window's load event. Please make sure it has an appropriate `as` value and it is preloaded intentionally. @ http://localhost:3001/services/event-photography:0
[ 4614036ms] [LOG] [Fast Refresh] rebuilding @ http://localhost:3001/_next/static/chunks/0ip4_next_dist_0ccwfps._.js:2431
[ 4614098ms] [LOG] [Fast Refresh] done in 108ms @ http://localhost:3001/_next/static/chunks/0ip4_next_dist_0ccwfps._.js:2431
[ 4644036ms] [LOG] [Fast Refresh] rebuilding @ http://localhost:3001/_next/static/chunks/0ip4_next_dist_0ccwfps._.js:2431
[ 4644036ms] [LOG] [Fast Refresh] done in 108ms @ http://localhost:3001/_next/static/chunks/0ip4_next_dist_0ccwfps._.js:2431
[ 4665217ms] [LOG] [Fast Refresh] rebuilding @ http://localhost:3001/_next/static/chunks/0ip4_next_dist_0ccwfps._.js:2431
[ 4665341ms] [LOG] [Fast Refresh] done in 229ms @ http://localhost:3001/_next/static/chunks/0ip4_next_dist_0ccwfps._.js:2431
[ 4693220ms] [LOG] [Fast Refresh] rebuilding @ http://localhost:3001/_next/static/chunks/0ip4_next_dist_0ccwfps._.js:2431
[ 4693578ms] [LOG] [Fast Refresh] done in 464ms @ http://localhost:3001/_next/static/chunks/0ip4_next_dist_0ccwfps._.js:2431
[ 4696522ms] [WARNING] The resource http://localhost:3001/_next/image?url=%2Fimages%2Fgallery%2Fevent-photography%2F004-events-photos-2sos-136.webp&w=750&q=75 was preloaded using link preload but not used within a few seconds from the window's load event. Please make sure it has an appropriate `as` value and it is preloaded intentionally. @ http://localhost:3001/services/event-photography:0
[ 4705619ms] [LOG] [Fast Refresh] rebuilding @ http://localhost:3001/_next/static/chunks/0ip4_next_dist_0ccwfps._.js:2431
[ 4705693ms] [LOG] [Fast Refresh] done in 186ms @ http://localhost:3001/_next/static/chunks/0ip4_next_dist_0ccwfps._.js:2431
