[    3976ms] [INFO] %cDownload the React DevTools for a better development experience: https://react.dev/link/react-devtools font-weight:bold @ http://localhost:3001/_next/static/chunks/0ip4_next_dist_0ccwfps._.js:2431
[    4115ms] [LOG] [HMR] connected @ http://localhost:3001/_next/static/chunks/0ip4_next_dist_0ccwfps._.js:2431
[    4927ms] [WARNING] Image with src "/images/gallery/event-photography/029-events-photos-arc-409.webp" was detected as the Largest Contentful Paint (LCP). Please add the `loading="eager"` property if this image is above the fold.
Read more: https://nextjs.org/docs/app/api-reference/components/image#loading @ http://localhost:3001/_next/static/chunks/0ip4_next_dist_0ccwfps._.js:2431
[    5066ms] [LOG] [Fast Refresh] rebuilding @ http://localhost:3001/_next/static/chunks/0ip4_next_dist_0ccwfps._.js:2431
[    5117ms] [LOG] [Fast Refresh] done in 160ms @ http://localhost:3001/_next/static/chunks/0ip4_next_dist_0ccwfps._.js:2431
[    5621ms] [LOG] [Fast Refresh] rebuilding @ http://localhost:3001/_next/static/chunks/0ip4_next_dist_0ccwfps._.js:2431
[    5822ms] [LOG] [Fast Refresh] done in 312ms @ http://localhost:3001/_next/static/chunks/0ip4_next_dist_0ccwfps._.js:2431
[   40388ms] [LOG] [Fast Refresh] rebuilding @ http://localhost:3001/_next/static/chunks/0ip4_next_dist_0ccwfps._.js:2431
[   41151ms] [LOG] [Fast Refresh] done in 868ms @ http://localhost:3001/_next/static/chunks/0ip4_next_dist_0ccwfps._.js:2431
[   41867ms] [INFO] %cDownload the React DevTools for a better development experience: https://react.dev/link/react-devtools font-weight:bold @ http://localhost:3001/_next/static/chunks/0ip4_next_dist_0ccwfps._.js:2431
[   42005ms] [LOG] [HMR] connected @ http://localhost:3001/_next/static/chunks/0ip4_next_dist_0ccwfps._.js:2431
[   81988ms] [LOG] [Fast Refresh] rebuilding @ http://localhost:3001/_next/static/chunks/0ip4_next_dist_0ccwfps._.js:2431
[   82100ms] [LOG] [Fast Refresh] done in 167ms @ http://localhost:3001/_next/static/chunks/0ip4_next_dist_0ccwfps._.js:2431
[  114750ms] [LOG] [Fast Refresh] rebuilding @ http://localhost:3001/_next/static/chunks/0ip4_next_dist_0ccwfps._.js:2431
[  115424ms] [LOG] [Fast Refresh] done in 789ms @ http://localhost:3001/_next/static/chunks/0ip4_next_dist_0ccwfps._.js:2431
[  115781ms] [INFO] %cDownload the React DevTools for a better development experience: https://react.dev/link/react-devtools font-weight:bold @ http://localhost:3001/_next/static/chunks/0ip4_next_dist_0ccwfps._.js:2431
[  115891ms] [LOG] [HMR] connected @ http://localhost:3001/_next/static/chunks/0ip4_next_dist_0ccwfps._.js:2431
[  152088ms] [LOG] [Fast Refresh] rebuilding @ http://localhost:3001/_next/static/chunks/0ip4_next_dist_0ccwfps._.js:2431
[  152152ms] [LOG] [Fast Refresh] done in 173ms @ http://localhost:3001/_next/static/chunks/0ip4_next_dist_0ccwfps._.js:2431
[  231320ms] [LOG] [Fast Refresh] rebuilding @ http://localhost:3001/_next/static/chunks/0ip4_next_dist_0ccwfps._.js:2431
[  232208ms] [LOG] [Fast Refresh] done in 995ms @ http://localhost:3001/_next/static/chunks/0ip4_next_dist_0ccwfps._.js:2431
[  233196ms] [INFO] %cDownload the React DevTools for a better development experience: https://react.dev/link/react-devtools font-weight:bold @ http://localhost:3001/_next/static/chunks/0ip4_next_dist_0ccwfps._.js:2431
[  233321ms] [LOG] [HMR] connected @ http://localhost:3001/_next/static/chunks/0ip4_next_dist_0ccwfps._.js:2431
[  279376ms] [LOG] [Fast Refresh] rebuilding @ http://localhost:3001/_next/static/chunks/0ip4_next_dist_0ccwfps._.js:2431
[  279440ms] [LOG] [Fast Refresh] done in 169ms @ http://localhost:3001/_next/static/chunks/0ip4_next_dist_0ccwfps._.js:2431
[  779274ms] [LOG] [Fast Refresh] rebuilding @ http://localhost:3001/_next/static/chunks/0ip4_next_dist_0ccwfps._.js:2431
[  779356ms] [LOG] [Fast Refresh] done in 196ms @ http://localhost:3001/_next/static/chunks/0ip4_next_dist_0ccwfps._.js:2431
[  853569ms] [LOG] [Fast Refresh] rebuilding @ http://localhost:3001/_next/static/chunks/0ip4_next_dist_0ccwfps._.js:2431
[  854153ms] [LOG] [Fast Refresh] done in 452ms @ http://localhost:3001/_next/static/chunks/0ip4_next_dist_0ccwfps._.js:2431
[  854219ms] [WARNING] Image with src "/images/gallery/event-photography/011-events-photos-20251106wa1-258.webp" has "fill" and a height value of 0. This is likely because the parent element of the image has not been styled to have a set height. @ http://localhost:3001/_next/static/chunks/0ip4_next_dist_0ccwfps._.js:2431
[  854233ms] [WARNING] Image with src "/images/gallery/event-photography/010-events-photos-4sdmotor.webp" has "fill" and a height value of 0. This is likely because the parent element of the image has not been styled to have a set height. @ http://localhost:3001/_next/static/chunks/0ip4_next_dist_0ccwfps._.js:2431
[  854351ms] [LOG] [Fast Refresh] rebuilding @ http://localhost:3001/_next/static/chunks/0ip4_next_dist_0ccwfps._.js:2431
[  854380ms] [WARNING] Image with src "/images/gallery/event-photography/012-events-photos-20251106wa1-304.webp" has "fill" and a height value of 0. This is likely because the parent element of the image has not been styled to have a set height. @ http://localhost:3001/_next/static/chunks/0ip4_next_dist_0ccwfps._.js:2431
[  854703ms] [WARNING] Image with src "/images/gallery/event-photography/015-events-photos-20251106wa1-388.webp" has "fill" and a height value of 0. This is likely because the parent element of the image has not been styled to have a set height. @ http://localhost:3001/_next/static/chunks/0ip4_next_dist_0ccwfps._.js:2431
[  854712ms] [WARNING] Image with src "/images/gallery/event-photography/014-events-photos-20251106wa1-376.webp" has "fill" and a height value of 0. This is likely because the parent element of the image has not been styled to have a set height. @ http://localhost:3001/_next/static/chunks/0ip4_next_dist_0ccwfps._.js:2431
[  854742ms] [WARNING] Image with src "/images/gallery/event-photography/016-events-photos-20251106wa2-2.webp" has "fill" and a height value of 0. This is likely because the parent element of the image has not been styled to have a set height. @ http://localhost:3001/_next/static/chunks/0ip4_next_dist_0ccwfps._.js:2431
[  854808ms] [LOG] [Fast Refresh] done in 567ms @ http://localhost:3001/_next/static/chunks/0ip4_next_dist_0ccwfps._.js:2431
[  855080ms] [WARNING] Image with src "/images/gallery/event-photography/017-events-photos-20251106wa2-35.webp" has "fill" and a height value of 0. This is likely because the parent element of the image has not been styled to have a set height. @ http://localhost:3001/_next/static/chunks/0ip4_next_dist_0ccwfps._.js:2431
[  856689ms] [WARNING] Image with src "/images/gallery/event-photography/026-events-photos-20251106wa2-161.webp" has "fill" and a height value of 0. This is likely because the parent element of the image has not been styled to have a set height. @ http://localhost:3001/_next/static/chunks/0ip4_next_dist_0ccwfps._.js:2431
[  857511ms] [WARNING] Image with src "/images/gallery/event-photography/032-events-photos-drc09647.webp" has "fill" and a height value of 0. This is likely because the parent element of the image has not been styled to have a set height. @ http://localhost:3001/_next/static/chunks/0ip4_next_dist_0ccwfps._.js:2431
[  857688ms] [WARNING] Image with src "/images/gallery/event-photography/028-events-photos-a-leia-56.webp" has "fill" and a height value of 0. This is likely because the parent element of the image has not been styled to have a set height. @ http://localhost:3001/_next/static/chunks/0ip4_next_dist_0ccwfps._.js:2431
[  858044ms] [WARNING] Image with src "/images/gallery/event-photography/027-events-photos-20251106wa2-169.webp" has "fill" and a height value of 0. This is likely because the parent element of the image has not been styled to have a set height. @ http://localhost:3001/_next/static/chunks/0ip4_next_dist_0ccwfps._.js:2431
[  860042ms] [WARNING] Image with src "/images/gallery/event-photography/033-events-photos-j-and-t-1anniversary-162.webp" has "fill" and a height value of 0. This is likely because the parent element of the image has not been styled to have a set height. @ http://localhost:3001/_next/static/chunks/0ip4_next_dist_0ccwfps._.js:2431
[  861627ms] [WARNING] Image with src "/images/gallery/event-photography/035-events-photos-keshfarewell-139.webp" has "fill" and a height value of 0. This is likely because the parent element of the image has not been styled to have a set height. @ http://localhost:3001/_next/static/chunks/0ip4_next_dist_0ccwfps._.js:2431
[  861950ms] [WARNING] Image with src "/images/gallery/event-photography/034-events-photos-j-and-t-1anniversary-181.webp" has "fill" and a height value of 0. This is likely because the parent element of the image has not been styled to have a set height. @ http://localhost:3001/_next/static/chunks/0ip4_next_dist_0ccwfps._.js:2431
[  863570ms] [WARNING] Image with src "/images/gallery/event-photography/036-events-photos-m-and-d-wedding-507.webp" has "fill" and a height value of 0. This is likely because the parent element of the image has not been styled to have a set height. @ http://localhost:3001/_next/static/chunks/0ip4_next_dist_0ccwfps._.js:2431
[  864200ms] [WARNING] Image with src "/images/gallery/event-photography/037-events-photos-meme-142.webp" has "fill" and a height value of 0. This is likely because the parent element of the image has not been styled to have a set height. @ http://localhost:3001/_next/static/chunks/0ip4_next_dist_0ccwfps._.js:2431
[  864677ms] [WARNING] Image with src "/images/gallery/event-photography/038-events-photos-meme-172.webp" has "fill" and a height value of 0. This is likely because the parent element of the image has not been styled to have a set height. @ http://localhost:3001/_next/static/chunks/0ip4_next_dist_0ccwfps._.js:2431
[  864797ms] [WARNING] Image with src "/images/gallery/event-photography/039-events-photos-meme-178.webp" has "fill" and a height value of 0. This is likely because the parent element of the image has not been styled to have a set height. @ http://localhost:3001/_next/static/chunks/0ip4_next_dist_0ccwfps._.js:2431
[  865126ms] [WARNING] Image with src "/images/gallery/event-photography/040-events-photos-mg-10.webp" has "fill" and a height value of 0. This is likely because the parent element of the image has not been styled to have a set height. @ http://localhost:3001/_next/static/chunks/0ip4_next_dist_0ccwfps._.js:2431
[  865369ms] [WARNING] Image with src "/images/gallery/event-photography/041-events-photos-mg-12.webp" has "fill" and a height value of 0. This is likely because the parent element of the image has not been styled to have a set height. @ http://localhost:3001/_next/static/chunks/0ip4_next_dist_0ccwfps._.js:2431
[  865662ms] [WARNING] Image with src "/images/gallery/event-photography/042-events-photos-mgcci-big-113.webp" has "fill" and a height value of 0. This is likely because the parent element of the image has not been styled to have a set height. @ http://localhost:3001/_next/static/chunks/0ip4_next_dist_0ccwfps._.js:2431
[  865833ms] [WARNING] Image with src "/images/gallery/event-photography/043-events-photos-sbevent-286.webp" has "fill" and a height value of 0. This is likely because the parent element of the image has not been styled to have a set height. @ http://localhost:3001/_next/static/chunks/0ip4_next_dist_0ccwfps._.js:2431
[  865878ms] [WARNING] Image with src "/images/gallery/event-photography/044-events-photos-sdi-319.webp" has "fill" and a height value of 0. This is likely because the parent element of the image has not been styled to have a set height. @ http://localhost:3001/_next/static/chunks/0ip4_next_dist_0ccwfps._.js:2431
[  866204ms] [WARNING] Image with src "/images/gallery/event-photography/045-events-photos-sundowner-101.webp" has "fill" and a height value of 0. This is likely because the parent element of the image has not been styled to have a set height. @ http://localhost:3001/_next/static/chunks/0ip4_next_dist_0ccwfps._.js:2431
[  866746ms] [WARNING] Image with src "/images/gallery/event-photography/046-events-photos-sunway-64.webp" has "fill" and a height value of 0. This is likely because the parent element of the image has not been styled to have a set height. @ http://localhost:3001/_next/static/chunks/0ip4_next_dist_0ccwfps._.js:2431
[  866809ms] [WARNING] Image with src "/images/gallery/event-photography/047-events-photos-sunway-73.webp" has "fill" and a height value of 0. This is likely because the parent element of the image has not been styled to have a set height. @ http://localhost:3001/_next/static/chunks/0ip4_next_dist_0ccwfps._.js:2431
[  866841ms] [WARNING] Image with src "/images/gallery/event-photography/048-events-photos-sunway-150.webp" has "fill" and a height value of 0. This is likely because the parent element of the image has not been styled to have a set height. @ http://localhost:3001/_next/static/chunks/0ip4_next_dist_0ccwfps._.js:2431
[  869844ms] [WARNING] The resource http://localhost:3001/_next/image?url=%2Fimages%2Fgallery%2Fevent-photography%2F003-events-photos-1stqr-214.webp&w=256&q=75 was preloaded using link preload but not used within a few seconds from the window's load event. Please make sure it has an appropriate `as` value and it is preloaded intentionally. @ http://localhost:3001/services/event-photography:0
[  904561ms] [LOG] [Fast Refresh] rebuilding @ http://localhost:3001/_next/static/chunks/0ip4_next_dist_0ccwfps._.js:2431
[  906529ms] [LOG] [Fast Refresh] done in 2041ms @ http://localhost:3001/_next/static/chunks/0ip4_next_dist_0ccwfps._.js:2431
[  909714ms] [WARNING] The resource http://localhost:3001/_next/image?url=%2Fimages%2Fgallery%2Fevent-photography%2F003-events-photos-1stqr-214.webp&w=256&q=75 was preloaded using link preload but not used within a few seconds from the window's load event. Please make sure it has an appropriate `as` value and it is preloaded intentionally. @ http://localhost:3001/services/event-photography:0
[ 1003518ms] [LOG] [Fast Refresh] rebuilding @ http://localhost:3001/_next/static/chunks/0ip4_next_dist_0ccwfps._.js:2431
[ 1004124ms] [LOG] [Fast Refresh] done in 714ms @ http://localhost:3001/_next/static/chunks/0ip4_next_dist_0ccwfps._.js:2431
[ 1004277ms] [INFO] %cDownload the React DevTools for a better development experience: https://react.dev/link/react-devtools font-weight:bold @ http://localhost:3001/_next/static/chunks/0ip4_next_dist_0ccwfps._.js:2431
[ 1004313ms] [LOG] [HMR] connected @ http://localhost:3001/_next/static/chunks/0ip4_next_dist_0ccwfps._.js:2431
[ 1004470ms] [WARNING] Image with src "/images/gallery/event-photography/001-events-photos-1kpj-63.webp" has "fill" and a height value of 0. This is likely because the parent element of the image has not been styled to have a set height. @ http://localhost:3001/_next/static/chunks/0ip4_next_dist_0ccwfps._.js:2431
[ 1004475ms] [WARNING] Image with src "/images/gallery/event-photography/002-events-photos-1kpj-70.webp" has "fill" and a height value of 0. This is likely because the parent element of the image has not been styled to have a set height. @ http://localhost:3001/_next/static/chunks/0ip4_next_dist_0ccwfps._.js:2431
[ 1004477ms] [WARNING] Image with src "/images/gallery/event-photography/003-events-photos-1stqr-214.webp" has "fill" and a height value of 0. This is likely because the parent element of the image has not been styled to have a set height. @ http://localhost:3001/_next/static/chunks/0ip4_next_dist_0ccwfps._.js:2431
[ 1004485ms] [WARNING] Image with src "/images/gallery/event-photography/004-events-photos-2sos-136.webp" has "fill" and a height value of 0. This is likely because the parent element of the image has not been styled to have a set height. @ http://localhost:3001/_next/static/chunks/0ip4_next_dist_0ccwfps._.js:2431
[ 1004491ms] [WARNING] Image with src "/images/gallery/event-photography/005-events-photos-2sos-250.webp" has "fill" and a height value of 0. This is likely because the parent element of the image has not been styled to have a set height. @ http://localhost:3001/_next/static/chunks/0ip4_next_dist_0ccwfps._.js:2431
[ 1004500ms] [WARNING] Image with src "/images/gallery/event-photography/006-events-photos-3sdmotor-191.webp" has "fill" and a height value of 0. This is likely because the parent element of the image has not been styled to have a set height. @ http://localhost:3001/_next/static/chunks/0ip4_next_dist_0ccwfps._.js:2431
[ 1004506ms] [WARNING] Image with src "/images/gallery/event-photography/007-events-photos-4sdmotor-58.webp" has "fill" and a height value of 0. This is likely because the parent element of the image has not been styled to have a set height. @ http://localhost:3001/_next/static/chunks/0ip4_next_dist_0ccwfps._.js:2431
[ 1004513ms] [WARNING] Image with src "/images/gallery/event-photography/008-events-photos-4sdmotor-104.webp" has "fill" and a height value of 0. This is likely because the parent element of the image has not been styled to have a set height. @ http://localhost:3001/_next/static/chunks/0ip4_next_dist_0ccwfps._.js:2431
[ 1004519ms] [WARNING] Image with src "/images/gallery/event-photography/009-events-photos-4sdmotor-205.webp" has "fill" and a height value of 0. This is likely because the parent element of the image has not been styled to have a set height. @ http://localhost:3001/_next/static/chunks/0ip4_next_dist_0ccwfps._.js:2431
[ 1004525ms] [WARNING] Image with src "/images/gallery/event-photography/010-events-photos-4sdmotor.webp" has "fill" and a height value of 0. This is likely because the parent element of the image has not been styled to have a set height. @ http://localhost:3001/_next/static/chunks/0ip4_next_dist_0ccwfps._.js:2431
[ 1004535ms] [WARNING] Image with src "/images/gallery/event-photography/011-events-photos-20251106wa1-258.webp" has "fill" and a height value of 0. This is likely because the parent element of the image has not been styled to have a set height. @ http://localhost:3001/_next/static/chunks/0ip4_next_dist_0ccwfps._.js:2431
[ 1004546ms] [WARNING] Image with src "/images/gallery/event-photography/012-events-photos-20251106wa1-304.webp" has "fill" and a height value of 0. This is likely because the parent element of the image has not been styled to have a set height. @ http://localhost:3001/_next/static/chunks/0ip4_next_dist_0ccwfps._.js:2431
[ 1004559ms] [WARNING] Image with src "/images/gallery/event-photography/013-events-photos-20251106wa1-321.webp" has "fill" and a height value of 0. This is likely because the parent element of the image has not been styled to have a set height. @ http://localhost:3001/_next/static/chunks/0ip4_next_dist_0ccwfps._.js:2431
[ 1004573ms] [WARNING] Image with src "/images/gallery/event-photography/014-events-photos-20251106wa1-376.webp" has "fill" and a height value of 0. This is likely because the parent element of the image has not been styled to have a set height. @ http://localhost:3001/_next/static/chunks/0ip4_next_dist_0ccwfps._.js:2431
[ 1004577ms] [WARNING] Image with src "/images/gallery/event-photography/015-events-photos-20251106wa1-388.webp" has "fill" and a height value of 0. This is likely because the parent element of the image has not been styled to have a set height. @ http://localhost:3001/_next/static/chunks/0ip4_next_dist_0ccwfps._.js:2431
[ 1004582ms] [WARNING] Image with src "/images/gallery/event-photography/016-events-photos-20251106wa2-2.webp" has "fill" and a height value of 0. This is likely because the parent element of the image has not been styled to have a set height. @ http://localhost:3001/_next/static/chunks/0ip4_next_dist_0ccwfps._.js:2431
[ 1004587ms] [LOG] [Fast Refresh] rebuilding @ http://localhost:3001/_next/static/chunks/0ip4_next_dist_0ccwfps._.js:2431
[ 1004592ms] [WARNING] Image with src "/images/gallery/event-photography/017-events-photos-20251106wa2-35.webp" has "fill" and a height value of 0. This is likely because the parent element of the image has not been styled to have a set height. @ http://localhost:3001/_next/static/chunks/0ip4_next_dist_0ccwfps._.js:2431
[ 1004598ms] [WARNING] Image with src "/images/gallery/event-photography/018-events-photos-20251106wa2-40.webp" has "fill" and a height value of 0. This is likely because the parent element of the image has not been styled to have a set height. @ http://localhost:3001/_next/static/chunks/0ip4_next_dist_0ccwfps._.js:2431
[ 1004602ms] [WARNING] Image with src "/images/gallery/event-photography/019-events-photos-20251106wa2-89.webp" has "fill" and a height value of 0. This is likely because the parent element of the image has not been styled to have a set height. @ http://localhost:3001/_next/static/chunks/0ip4_next_dist_0ccwfps._.js:2431
[ 1004605ms] [WARNING] Image with src "/images/gallery/event-photography/020-events-photos-20251106wa2-97.webp" has "fill" and a height value of 0. This is likely because the parent element of the image has not been styled to have a set height. @ http://localhost:3001/_next/static/chunks/0ip4_next_dist_0ccwfps._.js:2431
[ 1004609ms] [WARNING] Image with src "/images/gallery/event-photography/021-events-photos-20251106wa2-124.webp" has "fill" and a height value of 0. This is likely because the parent element of the image has not been styled to have a set height. @ http://localhost:3001/_next/static/chunks/0ip4_next_dist_0ccwfps._.js:2431
[ 1004621ms] [WARNING] Image with src "/images/gallery/event-photography/022-events-photos-20251106wa2-133.webp" has "fill" and a height value of 0. This is likely because the parent element of the image has not been styled to have a set height. @ http://localhost:3001/_next/static/chunks/0ip4_next_dist_0ccwfps._.js:2431
[ 1004633ms] [WARNING] Image with src "/images/gallery/event-photography/023-events-photos-20251106wa2-141.webp" has "fill" and a height value of 0. This is likely because the parent element of the image has not been styled to have a set height. @ http://localhost:3001/_next/static/chunks/0ip4_next_dist_0ccwfps._.js:2431
[ 1004638ms] [WARNING] Image with src "/images/gallery/event-photography/024-events-photos-20251106wa2-150.webp" has "fill" and a height value of 0. This is likely because the parent element of the image has not been styled to have a set height. @ http://localhost:3001/_next/static/chunks/0ip4_next_dist_0ccwfps._.js:2431
[ 1004647ms] [WARNING] Image with src "/images/gallery/event-photography/025-events-photos-20251106wa2-151.webp" has "fill" and a height value of 0. This is likely because the parent element of the image has not been styled to have a set height. @ http://localhost:3001/_next/static/chunks/0ip4_next_dist_0ccwfps._.js:2431
[ 1004650ms] [WARNING] Image with src "/images/gallery/event-photography/026-events-photos-20251106wa2-161.webp" has "fill" and a height value of 0. This is likely because the parent element of the image has not been styled to have a set height. @ http://localhost:3001/_next/static/chunks/0ip4_next_dist_0ccwfps._.js:2431
[ 1004659ms] [WARNING] Image with src "/images/gallery/event-photography/027-events-photos-20251106wa2-169.webp" has "fill" and a height value of 0. This is likely because the parent element of the image has not been styled to have a set height. @ http://localhost:3001/_next/static/chunks/0ip4_next_dist_0ccwfps._.js:2431
[ 1004665ms] [WARNING] Image with src "/images/gallery/event-photography/028-events-photos-a-leia-56.webp" has "fill" and a height value of 0. This is likely because the parent element of the image has not been styled to have a set height. @ http://localhost:3001/_next/static/chunks/0ip4_next_dist_0ccwfps._.js:2431
[ 1004676ms] [WARNING] Image with src "/images/gallery/event-photography/029-events-photos-arc-409.webp" has "fill" and a height value of 0. This is likely because the parent element of the image has not been styled to have a set height. @ http://localhost:3001/_next/static/chunks/0ip4_next_dist_0ccwfps._.js:2431
[ 1004683ms] [WARNING] Image with src "/images/gallery/event-photography/030-events-photos-aug-hnken-98.webp" has "fill" and a height value of 0. This is likely because the parent element of the image has not been styled to have a set height. @ http://localhost:3001/_next/static/chunks/0ip4_next_dist_0ccwfps._.js:2431
[ 1004690ms] [WARNING] Image with src "/images/gallery/event-photography/031-events-photos-chillout-178.webp" has "fill" and a height value of 0. This is likely because the parent element of the image has not been styled to have a set height. @ http://localhost:3001/_next/static/chunks/0ip4_next_dist_0ccwfps._.js:2431
[ 1004694ms] [WARNING] Image with src "/images/gallery/event-photography/032-events-photos-drc09647.webp" has "fill" and a height value of 0. This is likely because the parent element of the image has not been styled to have a set height. @ http://localhost:3001/_next/static/chunks/0ip4_next_dist_0ccwfps._.js:2431
[ 1004700ms] [WARNING] Image with src "/images/gallery/event-photography/033-events-photos-j-and-t-1anniversary-162.webp" has "fill" and a height value of 0. This is likely because the parent element of the image has not been styled to have a set height. @ http://localhost:3001/_next/static/chunks/0ip4_next_dist_0ccwfps._.js:2431
[ 1004705ms] [WARNING] Image with src "/images/gallery/event-photography/034-events-photos-j-and-t-1anniversary-181.webp" has "fill" and a height value of 0. This is likely because the parent element of the image has not been styled to have a set height. @ http://localhost:3001/_next/static/chunks/0ip4_next_dist_0ccwfps._.js:2431
[ 1004711ms] [WARNING] Image with src "/images/gallery/event-photography/035-events-photos-keshfarewell-139.webp" has "fill" and a height value of 0. This is likely because the parent element of the image has not been styled to have a set height. @ http://localhost:3001/_next/static/chunks/0ip4_next_dist_0ccwfps._.js:2431
[ 1004716ms] [WARNING] Image with src "/images/gallery/event-photography/036-events-photos-m-and-d-wedding-507.webp" has "fill" and a height value of 0. This is likely because the parent element of the image has not been styled to have a set height. @ http://localhost:3001/_next/static/chunks/0ip4_next_dist_0ccwfps._.js:2431
[ 1004723ms] [WARNING] Image with src "/images/gallery/event-photography/037-events-photos-meme-142.webp" has "fill" and a height value of 0. This is likely because the parent element of the image has not been styled to have a set height. @ http://localhost:3001/_next/static/chunks/0ip4_next_dist_0ccwfps._.js:2431
[ 1004728ms] [WARNING] Image with src "/images/gallery/event-photography/038-events-photos-meme-172.webp" has "fill" and a height value of 0. This is likely because the parent element of the image has not been styled to have a set height. @ http://localhost:3001/_next/static/chunks/0ip4_next_dist_0ccwfps._.js:2431
[ 1004731ms] [WARNING] Image with src "/images/gallery/event-photography/039-events-photos-meme-178.webp" has "fill" and a height value of 0. This is likely because the parent element of the image has not been styled to have a set height. @ http://localhost:3001/_next/static/chunks/0ip4_next_dist_0ccwfps._.js:2431
[ 1004739ms] [WARNING] Image with src "/images/gallery/event-photography/040-events-photos-mg-10.webp" has "fill" and a height value of 0. This is likely because the parent element of the image has not been styled to have a set height. @ http://localhost:3001/_next/static/chunks/0ip4_next_dist_0ccwfps._.js:2431
[ 1004743ms] [WARNING] Image with src "/images/gallery/event-photography/041-events-photos-mg-12.webp" has "fill" and a height value of 0. This is likely because the parent element of the image has not been styled to have a set height. @ http://localhost:3001/_next/static/chunks/0ip4_next_dist_0ccwfps._.js:2431
[ 1004751ms] [WARNING] Image with src "/images/gallery/event-photography/042-events-photos-mgcci-big-113.webp" has "fill" and a height value of 0. This is likely because the parent element of the image has not been styled to have a set height. @ http://localhost:3001/_next/static/chunks/0ip4_next_dist_0ccwfps._.js:2431
[ 1004753ms] [LOG] [Fast Refresh] done in 268ms @ http://localhost:3001/_next/static/chunks/0ip4_next_dist_0ccwfps._.js:2431
[ 1115635ms] [LOG] [Fast Refresh] rebuilding @ http://localhost:3001/_next/static/chunks/0ip4_next_dist_0ccwfps._.js:2431
[ 1115991ms] [LOG] [Fast Refresh] done in 468ms @ http://localhost:3001/_next/static/chunks/0ip4_next_dist_0ccwfps._.js:2431
[ 1116265ms] [INFO] %cDownload the React DevTools for a better development experience: https://react.dev/link/react-devtools font-weight:bold @ http://localhost:3001/_next/static/chunks/0ip4_next_dist_0ccwfps._.js:2431
[ 1116429ms] [LOG] [HMR] connected @ http://localhost:3001/_next/static/chunks/0ip4_next_dist_0ccwfps._.js:2431
[ 1117303ms] [WARNING] Image with src "/images/gallery/event-photography/001-events-photos-1kpj-63.webp" has "fill" and a height value of 0. This is likely because the parent element of the image has not been styled to have a set height. @ http://localhost:3001/_next/static/chunks/0ip4_next_dist_0ccwfps._.js:2431
[ 1117318ms] [WARNING] Image with src "/images/gallery/event-photography/002-events-photos-1kpj-70.webp" has "fill" and a height value of 0. This is likely because the parent element of the image has not been styled to have a set height. @ http://localhost:3001/_next/static/chunks/0ip4_next_dist_0ccwfps._.js:2431
[ 1117353ms] [WARNING] Image with src "/images/gallery/event-photography/003-events-photos-1stqr-214.webp" has "fill" and a height value of 0. This is likely because the parent element of the image has not been styled to have a set height. @ http://localhost:3001/_next/static/chunks/0ip4_next_dist_0ccwfps._.js:2431
[ 1117379ms] [WARNING] Image with src "/images/gallery/event-photography/004-events-photos-2sos-136.webp" has "fill" and a height value of 0. This is likely because the parent element of the image has not been styled to have a set height. @ http://localhost:3001/_next/static/chunks/0ip4_next_dist_0ccwfps._.js:2431
[ 1117406ms] [WARNING] Image with src "/images/gallery/event-photography/005-events-photos-2sos-250.webp" has "fill" and a height value of 0. This is likely because the parent element of the image has not been styled to have a set height. @ http://localhost:3001/_next/static/chunks/0ip4_next_dist_0ccwfps._.js:2431
[ 1117428ms] [WARNING] Image with src "/images/gallery/event-photography/006-events-photos-3sdmotor-191.webp" has "fill" and a height value of 0. This is likely because the parent element of the image has not been styled to have a set height. @ http://localhost:3001/_next/static/chunks/0ip4_next_dist_0ccwfps._.js:2431
[ 1117449ms] [WARNING] Image with src "/images/gallery/event-photography/007-events-photos-4sdmotor-58.webp" has "fill" and a height value of 0. This is likely because the parent element of the image has not been styled to have a set height. @ http://localhost:3001/_next/static/chunks/0ip4_next_dist_0ccwfps._.js:2431
[ 1117480ms] [WARNING] Image with src "/images/gallery/event-photography/008-events-photos-4sdmotor-104.webp" has "fill" and a height value of 0. This is likely because the parent element of the image has not been styled to have a set height. @ http://localhost:3001/_next/static/chunks/0ip4_next_dist_0ccwfps._.js:2431
[ 1117496ms] [LOG] [Fast Refresh] rebuilding @ http://localhost:3001/_next/static/chunks/0ip4_next_dist_0ccwfps._.js:2431
[ 1117503ms] [WARNING] Image with src "/images/gallery/event-photography/009-events-photos-4sdmotor-205.webp" has "fill" and a height value of 0. This is likely because the parent element of the image has not been styled to have a set height. @ http://localhost:3001/_next/static/chunks/0ip4_next_dist_0ccwfps._.js:2431
[ 1117517ms] [LOG] [Fast Refresh] done in 129ms @ http://localhost:3001/_next/static/chunks/0ip4_next_dist_0ccwfps._.js:2431
[ 1117527ms] [WARNING] Image with src "/images/gallery/event-photography/010-events-photos-4sdmotor.webp" has "fill" and a height value of 0. This is likely because the parent element of the image has not been styled to have a set height. @ http://localhost:3001/_next/static/chunks/0ip4_next_dist_0ccwfps._.js:2431
[ 1117571ms] [WARNING] Image with src "/images/gallery/event-photography/011-events-photos-20251106wa1-258.webp" has "fill" and a height value of 0. This is likely because the parent element of the image has not been styled to have a set height. @ http://localhost:3001/_next/static/chunks/0ip4_next_dist_0ccwfps._.js:2431
[ 1117611ms] [WARNING] Image with src "/images/gallery/event-photography/012-events-photos-20251106wa1-304.webp" has "fill" and a height value of 0. This is likely because the parent element of the image has not been styled to have a set height. @ http://localhost:3001/_next/static/chunks/0ip4_next_dist_0ccwfps._.js:2431
[ 1117623ms] [LOG] [Fast Refresh] rebuilding @ http://localhost:3001/_next/static/chunks/0ip4_next_dist_0ccwfps._.js:2431
[ 1117626ms] [LOG] [Fast Refresh] done in 105ms @ http://localhost:3001/_next/static/chunks/0ip4_next_dist_0ccwfps._.js:2431
[ 1117656ms] [WARNING] Image with src "/images/gallery/event-photography/013-events-photos-20251106wa1-321.webp" has "fill" and a height value of 0. This is likely because the parent element of the image has not been styled to have a set height. @ http://localhost:3001/_next/static/chunks/0ip4_next_dist_0ccwfps._.js:2431
[ 1117719ms] [WARNING] Image with src "/images/gallery/event-photography/014-events-photos-20251106wa1-376.webp" has "fill" and a height value of 0. This is likely because the parent element of the image has not been styled to have a set height. @ http://localhost:3001/_next/static/chunks/0ip4_next_dist_0ccwfps._.js:2431
[ 1117728ms] [WARNING] Image with src "/images/gallery/event-photography/015-events-photos-20251106wa1-388.webp" has "fill" and a height value of 0. This is likely because the parent element of the image has not been styled to have a set height. @ http://localhost:3001/_next/static/chunks/0ip4_next_dist_0ccwfps._.js:2431
[ 1117750ms] [WARNING] Image with src "/images/gallery/event-photography/016-events-photos-20251106wa2-2.webp" has "fill" and a height value of 0. This is likely because the parent element of the image has not been styled to have a set height. @ http://localhost:3001/_next/static/chunks/0ip4_next_dist_0ccwfps._.js:2431
[ 1117786ms] [WARNING] Image with src "/images/gallery/event-photography/017-events-photos-20251106wa2-35.webp" has "fill" and a height value of 0. This is likely because the parent element of the image has not been styled to have a set height. @ http://localhost:3001/_next/static/chunks/0ip4_next_dist_0ccwfps._.js:2431
[ 1117808ms] [WARNING] Image with src "/images/gallery/event-photography/018-events-photos-20251106wa2-40.webp" has "fill" and a height value of 0. This is likely because the parent element of the image has not been styled to have a set height. @ http://localhost:3001/_next/static/chunks/0ip4_next_dist_0ccwfps._.js:2431
[ 1117816ms] [WARNING] Image with src "/images/gallery/event-photography/019-events-photos-20251106wa2-89.webp" has "fill" and a height value of 0. This is likely because the parent element of the image has not been styled to have a set height. @ http://localhost:3001/_next/static/chunks/0ip4_next_dist_0ccwfps._.js:2431
[ 1117834ms] [WARNING] Image with src "/images/gallery/event-photography/020-events-photos-20251106wa2-97.webp" has "fill" and a height value of 0. This is likely because the parent element of the image has not been styled to have a set height. @ http://localhost:3001/_next/static/chunks/0ip4_next_dist_0ccwfps._.js:2431
[ 1117842ms] [LOG] [Fast Refresh] rebuilding @ http://localhost:3001/_next/static/chunks/0ip4_next_dist_0ccwfps._.js:2431
[ 1117853ms] [WARNING] Image with src "/images/gallery/event-photography/021-events-photos-20251106wa2-124.webp" has "fill" and a height value of 0. This is likely because the parent element of the image has not been styled to have a set height. @ http://localhost:3001/_next/static/chunks/0ip4_next_dist_0ccwfps._.js:2431
[ 1117905ms] [WARNING] Image with src "/images/gallery/event-photography/022-events-photos-20251106wa2-133.webp" has "fill" and a height value of 0. This is likely because the parent element of the image has not been styled to have a set height. @ http://localhost:3001/_next/static/chunks/0ip4_next_dist_0ccwfps._.js:2431
[ 1117918ms] [LOG] [Fast Refresh] done in 179ms @ http://localhost:3001/_next/static/chunks/0ip4_next_dist_0ccwfps._.js:2431
[ 1117945ms] [WARNING] Image with src "/images/gallery/event-photography/023-events-photos-20251106wa2-141.webp" has "fill" and a height value of 0. This is likely because the parent element of the image has not been styled to have a set height. @ http://localhost:3001/_next/static/chunks/0ip4_next_dist_0ccwfps._.js:2431
[ 1117968ms] [WARNING] Image with src "/images/gallery/event-photography/024-events-photos-20251106wa2-150.webp" has "fill" and a height value of 0. This is likely because the parent element of the image has not been styled to have a set height. @ http://localhost:3001/_next/static/chunks/0ip4_next_dist_0ccwfps._.js:2431
[ 1118003ms] [WARNING] Image with src "/images/gallery/event-photography/025-events-photos-20251106wa2-151.webp" has "fill" and a height value of 0. This is likely because the parent element of the image has not been styled to have a set height. @ http://localhost:3001/_next/static/chunks/0ip4_next_dist_0ccwfps._.js:2431
[ 1118015ms] [WARNING] Image with src "/images/gallery/event-photography/026-events-photos-20251106wa2-161.webp" has "fill" and a height value of 0. This is likely because the parent element of the image has not been styled to have a set height. @ http://localhost:3001/_next/static/chunks/0ip4_next_dist_0ccwfps._.js:2431
[ 1118023ms] [LOG] [Fast Refresh] rebuilding @ http://localhost:3001/_next/static/chunks/0ip4_next_dist_0ccwfps._.js:2431
[ 1118026ms] [LOG] [Fast Refresh] done in 105ms @ http://localhost:3001/_next/static/chunks/0ip4_next_dist_0ccwfps._.js:2431
[ 1118049ms] [WARNING] Image with src "/images/gallery/event-photography/027-events-photos-20251106wa2-169.webp" has "fill" and a height value of 0. This is likely because the parent element of the image has not been styled to have a set height. @ http://localhost:3001/_next/static/chunks/0ip4_next_dist_0ccwfps._.js:2431
[ 1118078ms] [WARNING] Image with src "/images/gallery/event-photography/028-events-photos-a-leia-56.webp" has "fill" and a height value of 0. This is likely because the parent element of the image has not been styled to have a set height. @ http://localhost:3001/_next/static/chunks/0ip4_next_dist_0ccwfps._.js:2431
[ 1118113ms] [WARNING] Image with src "/images/gallery/event-photography/029-events-photos-arc-409.webp" has "fill" and a height value of 0. This is likely because the parent element of the image has not been styled to have a set height. @ http://localhost:3001/_next/static/chunks/0ip4_next_dist_0ccwfps._.js:2431
[ 1118131ms] [LOG] [Fast Refresh] rebuilding @ http://localhost:3001/_next/static/chunks/0ip4_next_dist_0ccwfps._.js:2431
[ 1118133ms] [LOG] [Fast Refresh] done in 103ms @ http://localhost:3001/_next/static/chunks/0ip4_next_dist_0ccwfps._.js:2431
[ 1118141ms] [WARNING] Image with src "/images/gallery/event-photography/030-events-photos-aug-hnken-98.webp" has "fill" and a height value of 0. This is likely because the parent element of the image has not been styled to have a set height. @ http://localhost:3001/_next/static/chunks/0ip4_next_dist_0ccwfps._.js:2431
[ 1118163ms] [WARNING] Image with src "/images/gallery/event-photography/031-events-photos-chillout-178.webp" has "fill" and a height value of 0. This is likely because the parent element of the image has not been styled to have a set height. @ http://localhost:3001/_next/static/chunks/0ip4_next_dist_0ccwfps._.js:2431
[ 1118178ms] [WARNING] Image with src "/images/gallery/event-photography/032-events-photos-drc09647.webp" has "fill" and a height value of 0. This is likely because the parent element of the image has not been styled to have a set height. @ http://localhost:3001/_next/static/chunks/0ip4_next_dist_0ccwfps._.js:2431
[ 1118201ms] [WARNING] Image with src "/images/gallery/event-photography/033-events-photos-j-and-t-1anniversary-162.webp" has "fill" and a height value of 0. This is likely because the parent element of the image has not been styled to have a set height. @ http://localhost:3001/_next/static/chunks/0ip4_next_dist_0ccwfps._.js:2431
[ 1118221ms] [WARNING] Image with src "/images/gallery/event-photography/034-events-photos-j-and-t-1anniversary-181.webp" has "fill" and a height value of 0. This is likely because the parent element of the image has not been styled to have a set height. @ http://localhost:3001/_next/static/chunks/0ip4_next_dist_0ccwfps._.js:2431
[ 1118237ms] [WARNING] Image with src "/images/gallery/event-photography/035-events-photos-keshfarewell-139.webp" has "fill" and a height value of 0. This is likely because the parent element of the image has not been styled to have a set height. @ http://localhost:3001/_next/static/chunks/0ip4_next_dist_0ccwfps._.js:2431
[ 1118242ms] [LOG] [Fast Refresh] rebuilding @ http://localhost:3001/_next/static/chunks/0ip4_next_dist_0ccwfps._.js:2431
[ 1118257ms] [WARNING] Image with src "/images/gallery/event-photography/036-events-photos-m-and-d-wedding-507.webp" has "fill" and a height value of 0. This is likely because the parent element of the image has not been styled to have a set height. @ http://localhost:3001/_next/static/chunks/0ip4_next_dist_0ccwfps._.js:2431
[ 1118278ms] [WARNING] Image with src "/images/gallery/event-photography/037-events-photos-meme-142.webp" has "fill" and a height value of 0. This is likely because the parent element of the image has not been styled to have a set height. @ http://localhost:3001/_next/static/chunks/0ip4_next_dist_0ccwfps._.js:2431
[ 1118290ms] [WARNING] Image with src "/images/gallery/event-photography/038-events-photos-meme-172.webp" has "fill" and a height value of 0. This is likely because the parent element of the image has not been styled to have a set height. @ http://localhost:3001/_next/static/chunks/0ip4_next_dist_0ccwfps._.js:2431
[ 1118298ms] [WARNING] Image with src "/images/gallery/event-photography/039-events-photos-meme-178.webp" has "fill" and a height value of 0. This is likely because the parent element of the image has not been styled to have a set height. @ http://localhost:3001/_next/static/chunks/0ip4_next_dist_0ccwfps._.js:2431
[ 1118323ms] [WARNING] Image with src "/images/gallery/event-photography/040-events-photos-mg-10.webp" has "fill" and a height value of 0. This is likely because the parent element of the image has not been styled to have a set height. @ http://localhost:3001/_next/static/chunks/0ip4_next_dist_0ccwfps._.js:2431
[ 1118334ms] [WARNING] Image with src "/images/gallery/event-photography/041-events-photos-mg-12.webp" has "fill" and a height value of 0. This is likely because the parent element of the image has not been styled to have a set height. @ http://localhost:3001/_next/static/chunks/0ip4_next_dist_0ccwfps._.js:2431
[ 1118356ms] [WARNING] Image with src "/images/gallery/event-photography/042-events-photos-mgcci-big-113.webp" has "fill" and a height value of 0. This is likely because the parent element of the image has not been styled to have a set height. @ http://localhost:3001/_next/static/chunks/0ip4_next_dist_0ccwfps._.js:2431
[ 1118413ms] [LOG] [Fast Refresh] done in 274ms @ http://localhost:3001/_next/static/chunks/0ip4_next_dist_0ccwfps._.js:2431
[ 1157912ms] [WARNING] Image with src "/images/gallery/event-photography/043-events-photos-sbevent-286.webp" has "fill" and a height value of 0. This is likely because the parent element of the image has not been styled to have a set height. @ http://localhost:3001/_next/static/chunks/0ip4_next_dist_0ccwfps._.js:2431
[ 1157916ms] [WARNING] Image with src "/images/gallery/event-photography/044-events-photos-sdi-319.webp" has "fill" and a height value of 0. This is likely because the parent element of the image has not been styled to have a set height. @ http://localhost:3001/_next/static/chunks/0ip4_next_dist_0ccwfps._.js:2431
[ 1157946ms] [WARNING] Image with src "/images/gallery/event-photography/045-events-photos-sundowner-101.webp" has "fill" and a height value of 0. This is likely because the parent element of the image has not been styled to have a set height. @ http://localhost:3001/_next/static/chunks/0ip4_next_dist_0ccwfps._.js:2431
[ 1158027ms] [WARNING] Image with src "/images/gallery/event-photography/048-events-photos-sunway-150.webp" has "fill" and a height value of 0. This is likely because the parent element of the image has not been styled to have a set height. @ http://localhost:3001/_next/static/chunks/0ip4_next_dist_0ccwfps._.js:2431
[ 1158036ms] [WARNING] Image with src "/images/gallery/event-photography/046-events-photos-sunway-64.webp" has "fill" and a height value of 0. This is likely because the parent element of the image has not been styled to have a set height. @ http://localhost:3001/_next/static/chunks/0ip4_next_dist_0ccwfps._.js:2431
[ 1158058ms] [WARNING] Image with src "/images/gallery/event-photography/047-events-photos-sunway-73.webp" has "fill" and a height value of 0. This is likely because the parent element of the image has not been styled to have a set height. @ http://localhost:3001/_next/static/chunks/0ip4_next_dist_0ccwfps._.js:2431
[ 1158145ms] [WARNING] Image with src "/images/gallery/event-photography/051-events-photos-sunway-324.webp" has "fill" and a height value of 0. This is likely because the parent element of the image has not been styled to have a set height. @ http://localhost:3001/_next/static/chunks/0ip4_next_dist_0ccwfps._.js:2431
[ 1158162ms] [WARNING] Image with src "/images/gallery/event-photography/049-events-photos-sunway-156.webp" has "fill" and a height value of 0. This is likely because the parent element of the image has not been styled to have a set height. @ http://localhost:3001/_next/static/chunks/0ip4_next_dist_0ccwfps._.js:2431
[ 1158171ms] [WARNING] Image with src "/images/gallery/event-photography/050-events-photos-sunway-180.webp" has "fill" and a height value of 0. This is likely because the parent element of the image has not been styled to have a set height. @ http://localhost:3001/_next/static/chunks/0ip4_next_dist_0ccwfps._.js:2431
[ 1158200ms] [WARNING] Image with src "/images/gallery/event-photography/053-events-photos-whm-twitter-219.webp" has "fill" and a height value of 0. This is likely because the parent element of the image has not been styled to have a set height. @ http://localhost:3001/_next/static/chunks/0ip4_next_dist_0ccwfps._.js:2431
[ 1158249ms] [WARNING] Image with src "/images/gallery/event-photography/055-events-photos-xmasparty-92.webp" has "fill" and a height value of 0. This is likely because the parent element of the image has not been styled to have a set height. @ http://localhost:3001/_next/static/chunks/0ip4_next_dist_0ccwfps._.js:2431
[ 1158256ms] [WARNING] Image with src "/images/gallery/event-photography/052-events-photos-topheineken-4.webp" has "fill" and a height value of 0. This is likely because the parent element of the image has not been styled to have a set height. @ http://localhost:3001/_next/static/chunks/0ip4_next_dist_0ccwfps._.js:2431
[ 1158261ms] [LOG] [Fast Refresh] rebuilding @ http://localhost:3001/_next/static/chunks/0ip4_next_dist_0ccwfps._.js:2431
[ 1158262ms] [LOG] [Fast Refresh] done in 105ms @ http://localhost:3001/_next/static/chunks/0ip4_next_dist_0ccwfps._.js:2431
[ 1158302ms] [WARNING] Image with src "/images/gallery/event-photography/054-events-photos-xmasparty-91.webp" has "fill" and a height value of 0. This is likely because the parent element of the image has not been styled to have a set height. @ http://localhost:3001/_next/static/chunks/0ip4_next_dist_0ccwfps._.js:2431
[ 1237209ms] [LOG] [Fast Refresh] rebuilding @ http://localhost:3001/_next/static/chunks/0ip4_next_dist_0ccwfps._.js:2431
[ 1237620ms] [LOG] [Fast Refresh] done in 485ms @ http://localhost:3001/_next/static/chunks/0ip4_next_dist_0ccwfps._.js:2431
[ 1248704ms] [LOG] [Fast Refresh] rebuilding @ http://localhost:3001/_next/static/chunks/0ip4_next_dist_0ccwfps._.js:2431
[ 1248859ms] [LOG] [Fast Refresh] done in 271ms @ http://localhost:3001/_next/static/chunks/0ip4_next_dist_0ccwfps._.js:2431
[ 1249131ms] [INFO] %cDownload the React DevTools for a better development experience: https://react.dev/link/react-devtools font-weight:bold @ http://localhost:3001/_next/static/chunks/0ip4_next_dist_0ccwfps._.js:2431
[ 1249195ms] [LOG] [HMR] connected @ http://localhost:3001/_next/static/chunks/0ip4_next_dist_0ccwfps._.js:2431
[ 1313358ms] [LOG] [Fast Refresh] rebuilding @ http://localhost:3001/_next/static/chunks/0ip4_next_dist_0ccwfps._.js:2431
[ 1314041ms] [LOG] [Fast Refresh] done in 497ms @ http://localhost:3001/_next/static/chunks/0ip4_next_dist_0ccwfps._.js:2431
[ 1321284ms] [WARNING] The resource http://localhost:3001/_next/image?url=%2Fimages%2Fgallery%2Fevent-photography%2F004-events-photos-2sos-136.webp&w=750&q=75 was preloaded using link preload but not used within a few seconds from the window's load event. Please make sure it has an appropriate `as` value and it is preloaded intentionally. @ http://localhost:3001/services/event-photography:0
[ 1332331ms] [LOG] [Fast Refresh] rebuilding @ http://localhost:3001/_next/static/chunks/0ip4_next_dist_0ccwfps._.js:2431
[ 1332765ms] [LOG] [Fast Refresh] done in 494ms @ http://localhost:3001/_next/static/chunks/0ip4_next_dist_0ccwfps._.js:2431
[ 1335808ms] [WARNING] The resource http://localhost:3001/_next/image?url=%2Fimages%2Fgallery%2Fevent-photography%2F004-events-photos-2sos-136.webp&w=750&q=75 was preloaded using link preload but not used within a few seconds from the window's load event. Please make sure it has an appropriate `as` value and it is preloaded intentionally. @ http://localhost:3001/services/event-photography:0
[ 1341883ms] [LOG] [Fast Refresh] rebuilding @ http://localhost:3001/_next/static/chunks/0ip4_next_dist_0ccwfps._.js:2431
[ 1343333ms] [LOG] [Fast Refresh] done in 1564ms @ http://localhost:3001/_next/static/chunks/0ip4_next_dist_0ccwfps._.js:2431
[ 1343686ms] [INFO] %cDownload the React DevTools for a better development experience: https://react.dev/link/react-devtools font-weight:bold @ http://localhost:3001/_next/static/chunks/0ip4_next_dist_0ccwfps._.js:2431
[ 1343787ms] [LOG] [HMR] connected @ http://localhost:3001/_next/static/chunks/0ip4_next_dist_0ccwfps._.js:2431
[ 1356816ms] [LOG] [Fast Refresh] rebuilding @ http://localhost:3001/_next/static/chunks/0ip4_next_dist_0ccwfps._.js:2431
[ 1357513ms] [LOG] [Fast Refresh] done in 807ms @ http://localhost:3001/_next/static/chunks/0ip4_next_dist_0ccwfps._.js:2431
[ 1368876ms] [LOG] [Fast Refresh] rebuilding @ http://localhost:3001/_next/static/chunks/0ip4_next_dist_0ccwfps._.js:2431
[ 1369080ms] [LOG] [Fast Refresh] done in 316ms @ http://localhost:3001/_next/static/chunks/0ip4_next_dist_0ccwfps._.js:2431
[ 1369301ms] [INFO] %cDownload the React DevTools for a better development experience: https://react.dev/link/react-devtools font-weight:bold @ http://localhost:3001/_next/static/chunks/0ip4_next_dist_0ccwfps._.js:2431
[ 1369413ms] [LOG] [HMR] connected @ http://localhost:3001/_next/static/chunks/0ip4_next_dist_0ccwfps._.js:2431
[ 1376460ms] [LOG] [Fast Refresh] rebuilding @ http://localhost:3001/_next/static/chunks/0ip4_next_dist_0ccwfps._.js:2431
[ 1376886ms] [LOG] [Fast Refresh] done in 535ms @ http://localhost:3001/_next/static/chunks/0ip4_next_dist_0ccwfps._.js:2431
[ 1462897ms] [LOG] [Fast Refresh] rebuilding @ http://localhost:3001/_next/static/chunks/0ip4_next_dist_0ccwfps._.js:2431
[ 1463245ms] [LOG] [Fast Refresh] done in 260ms @ http://localhost:3001/_next/static/chunks/0ip4_next_dist_0ccwfps._.js:2431
[ 1469647ms] [LOG] [Fast Refresh] rebuilding @ http://localhost:3001/_next/static/chunks/0ip4_next_dist_0ccwfps._.js:2431
[ 1469866ms] [LOG] [Fast Refresh] done in 305ms @ http://localhost:3001/_next/static/chunks/0ip4_next_dist_0ccwfps._.js:2431
[ 1479662ms] [LOG] [Fast Refresh] rebuilding @ http://localhost:3001/_next/static/chunks/0ip4_next_dist_0ccwfps._.js:2431
[ 1482036ms] [LOG] [Fast Refresh] done in 2474ms @ http://localhost:3001/_next/static/chunks/0ip4_next_dist_0ccwfps._.js:2431
[ 1482532ms] [INFO] %cDownload the React DevTools for a better development experience: https://react.dev/link/react-devtools font-weight:bold @ http://localhost:3001/_next/static/chunks/0ip4_next_dist_0ccwfps._.js:2431
[ 1482666ms] [LOG] [HMR] connected @ http://localhost:3001/_next/static/chunks/0ip4_next_dist_0ccwfps._.js:2431
[ 1565163ms] [LOG] [Fast Refresh] rebuilding @ http://localhost:3001/_next/static/chunks/0ip4_next_dist_0ccwfps._.js:2431
[ 1565182ms] [LOG] [Fast Refresh] done in 121ms @ http://localhost:3001/_next/static/chunks/0ip4_next_dist_0ccwfps._.js:2431
[ 1619273ms] [LOG] [Fast Refresh] rebuilding @ http://localhost:3001/_next/static/chunks/0ip4_next_dist_0ccwfps._.js:2431
[ 1619631ms] [LOG] [Fast Refresh] done in 466ms @ http://localhost:3001/_next/static/chunks/0ip4_next_dist_0ccwfps._.js:2431
[ 1619842ms] [INFO] %cDownload the React DevTools for a better development experience: https://react.dev/link/react-devtools font-weight:bold @ http://localhost:3001/_next/static/chunks/0ip4_next_dist_0ccwfps._.js:2431
[ 1619947ms] [LOG] [HMR] connected @ http://localhost:3001/_next/static/chunks/0ip4_next_dist_0ccwfps._.js:2431
[ 1620159ms] [LOG] [Fast Refresh] rebuilding @ http://localhost:3001/_next/static/chunks/0ip4_next_dist_0ccwfps._.js:2431
[ 1620178ms] [LOG] [Fast Refresh] done in 139ms @ http://localhost:3001/_next/static/chunks/0ip4_next_dist_0ccwfps._.js:2431
[ 1650223ms] [LOG] [Fast Refresh] rebuilding @ http://localhost:3001/_next/static/chunks/0ip4_next_dist_0ccwfps._.js:2431
[ 1650416ms] [LOG] [Fast Refresh] done in 290ms @ http://localhost:3001/_next/static/chunks/0ip4_next_dist_0ccwfps._.js:2431
[ 1662520ms] [LOG] [Fast Refresh] rebuilding @ http://localhost:3001/_next/static/chunks/0ip4_next_dist_0ccwfps._.js:2431
[ 1663701ms] [LOG] [Fast Refresh] done in 1282ms @ http://localhost:3001/_next/static/chunks/0ip4_next_dist_0ccwfps._.js:2431
[ 1664297ms] [INFO] %cDownload the React DevTools for a better development experience: https://react.dev/link/react-devtools font-weight:bold @ http://localhost:3001/_next/static/chunks/0ip4_next_dist_0ccwfps._.js:2431
[ 1664392ms] [LOG] [HMR] connected @ http://localhost:3001/_next/static/chunks/0ip4_next_dist_0ccwfps._.js:2431
[ 1671180ms] [LOG] [Fast Refresh] rebuilding @ http://localhost:3001/_next/static/chunks/0ip4_next_dist_0ccwfps._.js:2431
[ 1671432ms] [LOG] [Fast Refresh] done in 359ms @ http://localhost:3001/_next/static/chunks/0ip4_next_dist_0ccwfps._.js:2431
[ 1684796ms] [LOG] [Fast Refresh] rebuilding @ http://localhost:3001/_next/static/chunks/0ip4_next_dist_0ccwfps._.js:2431
[ 1684858ms] [LOG] [Fast Refresh] done in 175ms @ http://localhost:3001/_next/static/chunks/0ip4_next_dist_0ccwfps._.js:2431
[ 1684929ms] [INFO] %cDownload the React DevTools for a better development experience: https://react.dev/link/react-devtools font-weight:bold @ http://localhost:3001/_next/static/chunks/0ip4_next_dist_0ccwfps._.js:2431
[ 1684963ms] [LOG] [HMR] connected @ http://localhost:3001/_next/static/chunks/0ip4_next_dist_0ccwfps._.js:2431
[ 1709056ms] [INFO] %cDownload the React DevTools for a better development experience: https://react.dev/link/react-devtools font-weight:bold @ http://localhost:3001/_next/static/chunks/0ip4_next_dist_0ccwfps._.js:2431
[ 1709093ms] [LOG] [HMR] connected @ http://localhost:3001/_next/static/chunks/0ip4_next_dist_0ccwfps._.js:2431
[ 1717688ms] [LOG] [Fast Refresh] rebuilding @ http://localhost:3001/_next/static/chunks/0ip4_next_dist_0ccwfps._.js:2431
[ 1717750ms] [LOG] [Fast Refresh] done in 168ms @ http://localhost:3001/_next/static/chunks/0ip4_next_dist_0ccwfps._.js:2431
[ 1899564ms] [LOG] [Fast Refresh] rebuilding @ http://localhost:3001/_next/static/chunks/0ip4_next_dist_0ccwfps._.js:2431
[ 1900421ms] [LOG] [Fast Refresh] done in 966ms @ http://localhost:3001/_next/static/chunks/0ip4_next_dist_0ccwfps._.js:2431
[ 1905746ms] [LOG] [Fast Refresh] rebuilding @ http://localhost:3001/_next/static/chunks/0ip4_next_dist_0ccwfps._.js:2431
[ 1906156ms] [LOG] [Fast Refresh] done in 501ms @ http://localhost:3001/_next/static/chunks/0ip4_next_dist_0ccwfps._.js:2431
[ 1906269ms] [LOG] [Fast Refresh] rebuilding @ http://localhost:3001/_next/static/chunks/0ip4_next_dist_0ccwfps._.js:2431
[ 1907283ms] [LOG] [Fast Refresh] done in 1117ms @ http://localhost:3001/_next/static/chunks/0ip4_next_dist_0ccwfps._.js:2431
[ 1907404ms] [LOG] [Fast Refresh] rebuilding @ http://localhost:3001/_next/static/chunks/0ip4_next_dist_0ccwfps._.js:2431
[ 1907425ms] [LOG] [Fast Refresh] done in 124ms @ http://localhost:3001/_next/static/chunks/0ip4_next_dist_0ccwfps._.js:2431
[ 1907529ms] [LOG] [Fast Refresh] rebuilding @ http://localhost:3001/_next/static/chunks/0ip4_next_dist_0ccwfps._.js:2431
[ 1908048ms] [LOG] [Fast Refresh] done in 623ms @ http://localhost:3001/_next/static/chunks/0ip4_next_dist_0ccwfps._.js:2431
[ 1908164ms] [LOG] [Fast Refresh] rebuilding @ http://localhost:3001/_next/static/chunks/0ip4_next_dist_0ccwfps._.js:2431
[ 1908535ms] [LOG] [Fast Refresh] done in 473ms @ http://localhost:3001/_next/static/chunks/0ip4_next_dist_0ccwfps._.js:2431
[ 1908752ms] [LOG] [Fast Refresh] rebuilding @ http://localhost:3001/_next/static/chunks/0ip4_next_dist_0ccwfps._.js:2431
[ 1908755ms] [LOG] [Fast Refresh] done in 107ms @ http://localhost:3001/_next/static/chunks/0ip4_next_dist_0ccwfps._.js:2431
[ 1908887ms] [LOG] [Fast Refresh] rebuilding @ http://localhost:3001/_next/static/chunks/0ip4_next_dist_0ccwfps._.js:2431
[ 1908909ms] [LOG] [Fast Refresh] done in 127ms @ http://localhost:3001/_next/static/chunks/0ip4_next_dist_0ccwfps._.js:2431
[ 1911388ms] [LOG] [Fast Refresh] rebuilding @ http://localhost:3001/_next/static/chunks/0ip4_next_dist_0ccwfps._.js:2431
[ 1912223ms] [LOG] [Fast Refresh] done in 102ms @ http://localhost:3001/_next/static/chunks/0ip4_next_dist_0ccwfps._.js:2431
[ 1912337ms] [LOG] [Fast Refresh] rebuilding @ http://localhost:3001/_next/static/chunks/0ip4_next_dist_0ccwfps._.js:2431
[ 1913049ms] [LOG] [Fast Refresh] done in 813ms @ http://localhost:3001/_next/static/chunks/0ip4_next_dist_0ccwfps._.js:2431
[ 1913176ms] [LOG] [Fast Refresh] rebuilding @ http://localhost:3001/_next/static/chunks/0ip4_next_dist_0ccwfps._.js:2431
[ 1913659ms] [LOG] [Fast Refresh] done in 587ms @ http://localhost:3001/_next/static/chunks/0ip4_next_dist_0ccwfps._.js:2431
[ 1913804ms] [LOG] [Fast Refresh] rebuilding @ http://localhost:3001/_next/static/chunks/0ip4_next_dist_0ccwfps._.js:2431
[ 1913837ms] [LOG] [Fast Refresh] done in 138ms @ http://localhost:3001/_next/static/chunks/0ip4_next_dist_0ccwfps._.js:2431
[ 1913949ms] [LOG] [Fast Refresh] rebuilding @ http://localhost:3001/_next/static/chunks/0ip4_next_dist_0ccwfps._.js:2431
[ 1914042ms] [LOG] [Fast Refresh] done in 202ms @ http://localhost:3001/_next/static/chunks/0ip4_next_dist_0ccwfps._.js:2431
[ 1916525ms] [LOG] [Fast Refresh] rebuilding @ http://localhost:3001/_next/static/chunks/0ip4_next_dist_0ccwfps._.js:2431
[ 1916541ms] [LOG] [Fast Refresh] done in 122ms @ http://localhost:3001/_next/static/chunks/0ip4_next_dist_0ccwfps._.js:2431
[ 1922311ms] [LOG] [Fast Refresh] rebuilding @ http://localhost:3001/_next/static/chunks/0ip4_next_dist_0ccwfps._.js:2431
[ 1922685ms] [LOG] [Fast Refresh] done in 85ms @ http://localhost:3001/_next/static/chunks/0ip4_next_dist_0ccwfps._.js:2431
[ 1922794ms] [LOG] [Fast Refresh] rebuilding @ http://localhost:3001/_next/static/chunks/0ip4_next_dist_0ccwfps._.js:2431
[ 1922863ms] [LOG] [Fast Refresh] done in 169ms @ http://localhost:3001/_next/static/chunks/0ip4_next_dist_0ccwfps._.js:2431
[ 1930512ms] [LOG] [Fast Refresh] rebuilding @ http://localhost:3001/_next/static/chunks/0ip4_next_dist_0ccwfps._.js:2431
[ 1930904ms] [LOG] [Fast Refresh] done in 75ms @ http://localhost:3001/_next/static/chunks/0ip4_next_dist_0ccwfps._.js:2431
[ 1931018ms] [LOG] [Fast Refresh] rebuilding @ http://localhost:3001/_next/static/chunks/0ip4_next_dist_0ccwfps._.js:2431
[ 1931098ms] [LOG] [Fast Refresh] done in 185ms @ http://localhost:3001/_next/static/chunks/0ip4_next_dist_0ccwfps._.js:2431
[ 1948973ms] [LOG] [Fast Refresh] rebuilding @ http://localhost:3001/_next/static/chunks/0ip4_next_dist_0ccwfps._.js:2431
[ 1949033ms] [LOG] [Fast Refresh] done in 78ms @ http://localhost:3001/_next/static/chunks/0ip4_next_dist_0ccwfps._.js:2431
[ 1954550ms] [LOG] [Fast Refresh] rebuilding @ http://localhost:3001/_next/static/chunks/0ip4_next_dist_0ccwfps._.js:2431
[ 1954602ms] [LOG] [Fast Refresh] done in 56ms @ http://localhost:3001/_next/static/chunks/0ip4_next_dist_0ccwfps._.js:2431
[ 1974873ms] [LOG] [Fast Refresh] rebuilding @ http://localhost:3001/_next/static/chunks/0ip4_next_dist_0ccwfps._.js:2431
[ 1974939ms] [LOG] [Fast Refresh] done in 56ms @ http://localhost:3001/_next/static/chunks/0ip4_next_dist_0ccwfps._.js:2431
[ 1998786ms] [LOG] [Fast Refresh] rebuilding @ http://localhost:3001/_next/static/chunks/0ip4_next_dist_0ccwfps._.js:2431
[ 1999000ms] [LOG] [Fast Refresh] done in 48ms @ http://localhost:3001/_next/static/chunks/0ip4_next_dist_0ccwfps._.js:2431
[ 1999109ms] [LOG] [Fast Refresh] rebuilding @ http://localhost:3001/_next/static/chunks/0ip4_next_dist_0ccwfps._.js:2431
[ 1999215ms] [LOG] [Fast Refresh] done in 209ms @ http://localhost:3001/_next/static/chunks/0ip4_next_dist_0ccwfps._.js:2431
[ 2024634ms] [LOG] [Fast Refresh] rebuilding @ http://localhost:3001/_next/static/chunks/0ip4_next_dist_0ccwfps._.js:2431
[ 2024708ms] [LOG] [Fast Refresh] done in 82ms @ http://localhost:3001/_next/static/chunks/0ip4_next_dist_0ccwfps._.js:2431
[ 2039207ms] [LOG] [Fast Refresh] rebuilding @ http://localhost:3001/_next/static/chunks/0ip4_next_dist_0ccwfps._.js:2431
[ 2039264ms] [LOG] [Fast Refresh] done in 51ms @ http://localhost:3001/_next/static/chunks/0ip4_next_dist_0ccwfps._.js:2431
[ 2109838ms] [LOG] [Fast Refresh] rebuilding @ http://localhost:3001/_next/static/chunks/0ip4_next_dist_0ccwfps._.js:2431
[ 2109978ms] [LOG] [Fast Refresh] done in 189ms @ http://localhost:3001/_next/static/chunks/0ip4_next_dist_0ccwfps._.js:2431
[ 2126178ms] [LOG] [Fast Refresh] rebuilding @ http://localhost:3001/_next/static/chunks/0ip4_next_dist_0ccwfps._.js:2431
[ 2126240ms] [LOG] [Fast Refresh] done in 108ms @ http://localhost:3001/_next/static/chunks/0ip4_next_dist_0ccwfps._.js:2431
[ 2156178ms] [LOG] [Fast Refresh] rebuilding @ http://localhost:3001/_next/static/chunks/0ip4_next_dist_0ccwfps._.js:2431
[ 2156178ms] [LOG] [Fast Refresh] done in 108ms @ http://localhost:3001/_next/static/chunks/0ip4_next_dist_0ccwfps._.js:2431
[ 2177359ms] [LOG] [Fast Refresh] rebuilding @ http://localhost:3001/_next/static/chunks/0ip4_next_dist_0ccwfps._.js:2431
[ 2177483ms] [LOG] [Fast Refresh] done in 229ms @ http://localhost:3001/_next/static/chunks/0ip4_next_dist_0ccwfps._.js:2431
[ 2205304ms] [WARNING] Image with src "/images/hero/event.webp" was detected as the Largest Contentful Paint (LCP). Please add the `loading="eager"` property if this image is above the fold.
Read more: https://nextjs.org/docs/app/api-reference/components/image#loading @ http://localhost:3001/_next/static/chunks/0ip4_next_dist_0ccwfps._.js:2431
[ 2205363ms] [LOG] [Fast Refresh] rebuilding @ http://localhost:3001/_next/static/chunks/0ip4_next_dist_0ccwfps._.js:2431
[ 2205719ms] [LOG] [Fast Refresh] done in 465ms @ http://localhost:3001/_next/static/chunks/0ip4_next_dist_0ccwfps._.js:2431
[ 2205848ms] [INFO] %cDownload the React DevTools for a better development experience: https://react.dev/link/react-devtools font-weight:bold @ http://localhost:3001/_next/static/chunks/0ip4_next_dist_0ccwfps._.js:2431
[ 2205890ms] [LOG] [HMR] connected @ http://localhost:3001/_next/static/chunks/0ip4_next_dist_0ccwfps._.js:2431
[ 2217752ms] [LOG] [Fast Refresh] rebuilding @ http://localhost:3001/_next/static/chunks/0ip4_next_dist_0ccwfps._.js:2431
[ 2217835ms] [LOG] [Fast Refresh] done in 186ms @ http://localhost:3001/_next/static/chunks/0ip4_next_dist_0ccwfps._.js:2431
