[     669ms] [INFO] %cDownload the React DevTools for a better development experience: https://react.dev/link/react-devtools font-weight:bold @ http://localhost:3000/_next/static/chunks/0ip4_next_dist_0ccwfps._.js:2431
[     694ms] [LOG] [HMR] connected @ http://localhost:3000/_next/static/chunks/0ip4_next_dist_0ccwfps._.js:2431
[   37728ms] [LOG] [Fast Refresh] rebuilding @ http://localhost:3000/_next/static/chunks/0ip4_next_dist_0ccwfps._.js:2431
[   37819ms] [LOG] [Fast Refresh] done in 157ms @ http://localhost:3000/_next/static/chunks/0ip4_next_dist_0ccwfps._.js:2431
[   56675ms] [LOG] [Fast Refresh] rebuilding @ http://localhost:3000/_next/static/chunks/0ip4_next_dist_0ccwfps._.js:2431
[   56856ms] [LOG] [Fast Refresh] done in 282ms @ http://localhost:3000/_next/static/chunks/0ip4_next_dist_0ccwfps._.js:2431
[   56933ms] [INFO] %cDownload the React DevTools for a better development experience: https://react.dev/link/react-devtools font-weight:bold @ http://localhost:3000/_next/static/chunks/0ip4_next_dist_0ccwfps._.js:2431
[   56967ms] [LOG] [HMR] connected @ http://localhost:3000/_next/static/chunks/0ip4_next_dist_0ccwfps._.js:2431
[   75166ms] [LOG] [Fast Refresh] rebuilding @ http://localhost:3000/_next/static/chunks/0ip4_next_dist_0ccwfps._.js:2431
[   75183ms] [LOG] [Fast Refresh] done in 125ms @ http://localhost:3000/_next/static/chunks/0ip4_next_dist_0ccwfps._.js:2431
[   88780ms] [LOG] [Fast Refresh] rebuilding @ http://localhost:3000/_next/static/chunks/0ip4_next_dist_0ccwfps._.js:2431
[   89724ms] [LOG] [Fast Refresh] done in 1052ms @ http://localhost:3000/_next/static/chunks/0ip4_next_dist_0ccwfps._.js:2431
[  113106ms] [LOG] [Fast Refresh] rebuilding @ http://localhost:3000/_next/static/chunks/0ip4_next_dist_0ccwfps._.js:2431
[  113201ms] [LOG] [Fast Refresh] done in 202ms @ http://localhost:3000/_next/static/chunks/0ip4_next_dist_0ccwfps._.js:2431
[  153353ms] [LOG] [Fast Refresh] rebuilding @ http://localhost:3000/_next/static/chunks/0ip4_next_dist_0ccwfps._.js:2431
[  153527ms] [LOG] [Fast Refresh] done in 283ms @ http://localhost:3000/_next/static/chunks/0ip4_next_dist_0ccwfps._.js:2431
[  416090ms] [LOG] [Fast Refresh] rebuilding @ http://localhost:3000/_next/static/chunks/0ip4_next_dist_0ccwfps._.js:2431
[  416126ms] [LOG] [Fast Refresh] done in 145ms @ http://localhost:3000/_next/static/chunks/0ip4_next_dist_0ccwfps._.js:2431
[  438321ms] [LOG] [Fast Refresh] rebuilding @ http://localhost:3000/_next/static/chunks/0ip4_next_dist_0ccwfps._.js:2431
[  443607ms] [LOG] [Fast Refresh] done in 5400ms @ http://localhost:3000/_next/static/chunks/0ip4_next_dist_0ccwfps._.js:2431
[  444060ms] [LOG] [Fast Refresh] rebuilding @ http://localhost:3000/_next/static/chunks/0ip4_next_dist_0ccwfps._.js:2431
[  444120ms] [LOG] [Fast Refresh] done in 165ms @ http://localhost:3000/_next/static/chunks/0ip4_next_dist_0ccwfps._.js:2431
[  447601ms] [LOG] [Fast Refresh] rebuilding @ http://localhost:3000/_next/static/chunks/0ip4_next_dist_0ccwfps._.js:2431
[  447633ms] [LOG] [Fast Refresh] done in 137ms @ http://localhost:3000/_next/static/chunks/0ip4_next_dist_0ccwfps._.js:2431
[  738310ms] [LOG] [Fast Refresh] rebuilding @ http://localhost:3000/_next/static/chunks/0ip4_next_dist_0ccwfps._.js:2431
[  739674ms] [LOG] [Fast Refresh] done in 1434ms @ http://localhost:3000/_next/static/chunks/0ip4_next_dist_0ccwfps._.js:2431
[  739910ms] [LOG] [Fast Refresh] rebuilding @ http://localhost:3000/_next/static/chunks/0ip4_next_dist_0ccwfps._.js:2431
[  741193ms] [LOG] [Fast Refresh] done in 1386ms @ http://localhost:3000/_next/static/chunks/0ip4_next_dist_0ccwfps._.js:2431
[  741509ms] [LOG] [Fast Refresh] rebuilding @ http://localhost:3000/_next/static/chunks/0ip4_next_dist_0ccwfps._.js:2431
[  742089ms] [LOG] [Fast Refresh] done in 685ms @ http://localhost:3000/_next/static/chunks/0ip4_next_dist_0ccwfps._.js:2431
[  742315ms] [LOG] [Fast Refresh] rebuilding @ http://localhost:3000/_next/static/chunks/0ip4_next_dist_0ccwfps._.js:2431
[  742726ms] [LOG] [Fast Refresh] done in 512ms @ http://localhost:3000/_next/static/chunks/0ip4_next_dist_0ccwfps._.js:2431
