[     592ms] [INFO] %cDownload the React DevTools for a better development experience: https://react.dev/link/react-devtools font-weight:bold @ http://localhost:3000/_next/static/chunks/0ip4_next_dist_0ccwfps._.js:2431
[     719ms] [LOG] [HMR] connected @ http://localhost:3000/_next/static/chunks/0ip4_next_dist_0ccwfps._.js:2431
[    1022ms] [LOG] [Fast Refresh] rebuilding @ http://localhost:3000/_next/static/chunks/0ip4_next_dist_0ccwfps._.js:2431
[    1159ms] [LOG] [Fast Refresh] done in 238ms @ http://localhost:3000/_next/static/chunks/0ip4_next_dist_0ccwfps._.js:2431
[   36251ms] [LOG] [Fast Refresh] rebuilding @ http://localhost:3000/_next/static/chunks/0ip4_next_dist_0ccwfps._.js:2431
[   36654ms] [LOG] [Fast Refresh] done in 511ms @ http://localhost:3000/_next/static/chunks/0ip4_next_dist_0ccwfps._.js:2431
[   37215ms] [INFO] %cDownload the React DevTools for a better development experience: https://react.dev/link/react-devtools font-weight:bold @ http://localhost:3000/_next/static/chunks/0ip4_next_dist_0ccwfps._.js:2431
[   37354ms] [LOG] [HMR] connected @ http://localhost:3000/_next/static/chunks/0ip4_next_dist_0ccwfps._.js:2431
[   38217ms] [LOG] [Fast Refresh] rebuilding @ http://localhost:3000/_next/static/chunks/0ip4_next_dist_0ccwfps._.js:2431
[   38876ms] [LOG] [Fast Refresh] done in 763ms @ http://localhost:3000/_next/static/chunks/0ip4_next_dist_0ccwfps._.js:2431
[   39154ms] [INFO] %cDownload the React DevTools for a better development experience: https://react.dev/link/react-devtools font-weight:bold @ http://localhost:3000/_next/static/chunks/0ip4_next_dist_0ccwfps._.js:2431
[   39273ms] [LOG] [HMR] connected @ http://localhost:3000/_next/static/chunks/0ip4_next_dist_0ccwfps._.js:2431
[  208375ms] [LOG] [Fast Refresh] rebuilding @ http://localhost:3000/_next/static/chunks/0ip4_next_dist_0ccwfps._.js:2431
[  208924ms] [LOG] [Fast Refresh] done in 653ms @ http://localhost:3000/_next/static/chunks/0ip4_next_dist_0ccwfps._.js:2431
[  296238ms] [LOG] [Fast Refresh] rebuilding @ http://localhost:3000/_next/static/chunks/0ip4_next_dist_0ccwfps._.js:2431
[  296310ms] [LOG] [Fast Refresh] done in 174ms @ http://localhost:3000/_next/static/chunks/0ip4_next_dist_0ccwfps._.js:2431
[  566284ms] [LOG] [Fast Refresh] rebuilding @ http://localhost:3000/_next/static/chunks/0ip4_next_dist_0ccwfps._.js:2431
[  566536ms] [LOG] [Fast Refresh] done in 356ms @ http://localhost:3000/_next/static/chunks/0ip4_next_dist_0ccwfps._.js:2431
[  566641ms] [LOG] [Fast Refresh] rebuilding @ http://localhost:3000/_next/static/chunks/0ip4_next_dist_0ccwfps._.js:2431
[  566651ms] [LOG] [Fast Refresh] done in 114ms @ http://localhost:3000/_next/static/chunks/0ip4_next_dist_0ccwfps._.js:2431
[  567532ms] [LOG] [Fast Refresh] rebuilding @ http://localhost:3000/_next/static/chunks/0ip4_next_dist_0ccwfps._.js:2431
[  567645ms] [LOG] [Fast Refresh] done in 215ms @ http://localhost:3000/_next/static/chunks/0ip4_next_dist_0ccwfps._.js:2431
[  567764ms] [LOG] [Fast Refresh] rebuilding @ http://localhost:3000/_next/static/chunks/0ip4_next_dist_0ccwfps._.js:2431
[  567766ms] [LOG] [Fast Refresh] done in 108ms @ http://localhost:3000/_next/static/chunks/0ip4_next_dist_0ccwfps._.js:2431
[  584534ms] [LOG] [Fast Refresh] rebuilding @ http://localhost:3000/_next/static/chunks/0ip4_next_dist_0ccwfps._.js:2431
[  584663ms] [LOG] [Fast Refresh] done in 232ms @ http://localhost:3000/_next/static/chunks/0ip4_next_dist_0ccwfps._.js:2431
[  589922ms] [LOG] [Fast Refresh] rebuilding @ http://localhost:3000/_next/static/chunks/0ip4_next_dist_0ccwfps._.js:2431
[  590322ms] [LOG] [Fast Refresh] done in 514ms @ http://localhost:3000/_next/static/chunks/0ip4_next_dist_0ccwfps._.js:2431
[  590778ms] [LOG] [Fast Refresh] rebuilding @ http://localhost:3000/_next/static/chunks/0ip4_next_dist_0ccwfps._.js:2431
[  590830ms] [LOG] [Fast Refresh] done in 164ms @ http://localhost:3000/_next/static/chunks/0ip4_next_dist_0ccwfps._.js:2431
[  733533ms] [LOG] [Fast Refresh] rebuilding @ http://localhost:3000/_next/static/chunks/0ip4_next_dist_0ccwfps._.js:2431
[  733553ms] [LOG] [Fast Refresh] done in 128ms @ http://localhost:3000/_next/static/chunks/0ip4_next_dist_0ccwfps._.js:2431
[  734445ms] [LOG] [Fast Refresh] rebuilding @ http://localhost:3000/_next/static/chunks/0ip4_next_dist_0ccwfps._.js:2431
[  734485ms] [LOG] [Fast Refresh] done in 142ms @ http://localhost:3000/_next/static/chunks/0ip4_next_dist_0ccwfps._.js:2431
[  745620ms] [LOG] [Fast Refresh] rebuilding @ http://localhost:3000/_next/static/chunks/0ip4_next_dist_0ccwfps._.js:2431
[  745708ms] [LOG] [Fast Refresh] done in 192ms @ http://localhost:3000/_next/static/chunks/0ip4_next_dist_0ccwfps._.js:2431
[  748049ms] [LOG] [Fast Refresh] rebuilding @ http://localhost:3000/_next/static/chunks/0ip4_next_dist_0ccwfps._.js:2431
[  748057ms] [LOG] [Fast Refresh] done in 109ms @ http://localhost:3000/_next/static/chunks/0ip4_next_dist_0ccwfps._.js:2431
[  748990ms] [LOG] [Fast Refresh] rebuilding @ http://localhost:3000/_next/static/chunks/0ip4_next_dist_0ccwfps._.js:2431
[  749004ms] [LOG] [Fast Refresh] done in 127ms @ http://localhost:3000/_next/static/chunks/0ip4_next_dist_0ccwfps._.js:2431
[  749885ms] [LOG] [Fast Refresh] rebuilding @ http://localhost:3000/_next/static/chunks/0ip4_next_dist_0ccwfps._.js:2431
[  749899ms] [LOG] [Fast Refresh] done in 122ms @ http://localhost:3000/_next/static/chunks/0ip4_next_dist_0ccwfps._.js:2431
[  828503ms] [ERROR] WebSocket connection to 'ws://localhost:3000/_next/webpack-hmr?id=YLBdvH0LwVg5F_YHRs6I7' failed: Error in connection establishment: net::ERR_CONNECTION_REFUSED @ http://localhost:3000/_next/static/chunks/0ip4_next_dist_client_0t5wiib._.js:13299
[  840807ms] [ERROR] WebSocket connection to 'ws://localhost:3000/_next/webpack-hmr?id=YLBdvH0LwVg5F_YHRs6I7' failed: Error in connection establishment: net::ERR_CONNECTION_REFUSED @ http://localhost:3000/_next/static/chunks/0ip4_next_dist_client_0t5wiib._.js:13299
[  850974ms] [LOG] [HMR] connected @ http://localhost:3000/_next/static/chunks/0ip4_next_dist_0ccwfps._.js:2431
[  861493ms] [INFO] %cDownload the React DevTools for a better development experience: https://react.dev/link/react-devtools font-weight:bold @ http://localhost:3000/_next/static/chunks/0o14_next_dist_0245bnp._.js:2431
[  862152ms] [LOG] [HMR] connected @ http://localhost:3000/_next/static/chunks/0o14_next_dist_0245bnp._.js:2431
[  865930ms] [LOG] [Fast Refresh] rebuilding @ http://localhost:3000/_next/static/chunks/0o14_next_dist_0245bnp._.js:2431
[  866252ms] [LOG] [Fast Refresh] done in 428ms @ http://localhost:3000/_next/static/chunks/0o14_next_dist_0245bnp._.js:2431
[  866571ms] [LOG] [Fast Refresh] rebuilding @ http://localhost:3000/_next/static/chunks/0o14_next_dist_0245bnp._.js:2431
[  866882ms] [LOG] [Fast Refresh] done in 426ms @ http://localhost:3000/_next/static/chunks/0o14_next_dist_0245bnp._.js:2431
[  881617ms] [LOG] [Fast Refresh] rebuilding @ http://localhost:3000/_next/static/chunks/0o14_next_dist_0245bnp._.js:2431
[  881802ms] [LOG] [Fast Refresh] done in 300ms @ http://localhost:3000/_next/static/chunks/0o14_next_dist_0245bnp._.js:2431
[  882393ms] [LOG] [Fast Refresh] rebuilding @ http://localhost:3000/_next/static/chunks/0o14_next_dist_0245bnp._.js:2431
[  882441ms] [LOG] [Fast Refresh] done in 152ms @ http://localhost:3000/_next/static/chunks/0o14_next_dist_0245bnp._.js:2431
[  883223ms] [LOG] [Fast Refresh] rebuilding @ http://localhost:3000/_next/static/chunks/0o14_next_dist_0245bnp._.js:2431
[  883444ms] [LOG] [Fast Refresh] done in 323ms @ http://localhost:3000/_next/static/chunks/0o14_next_dist_0245bnp._.js:2431
[  907044ms] [LOG] [Fast Refresh] rebuilding @ http://localhost:3000/_next/static/chunks/0o14_next_dist_0245bnp._.js:2431
[  907169ms] [LOG] [Fast Refresh] done in 230ms @ http://localhost:3000/_next/static/chunks/0o14_next_dist_0245bnp._.js:2431
[  935000ms] [LOG] [Fast Refresh] rebuilding @ http://localhost:3000/_next/static/chunks/0o14_next_dist_0245bnp._.js:2431
[  935032ms] [LOG] [Fast Refresh] done in 137ms @ http://localhost:3000/_next/static/chunks/0o14_next_dist_0245bnp._.js:2431
[ 1365580ms] [LOG] [Fast Refresh] rebuilding @ http://localhost:3000/_next/static/chunks/0o14_next_dist_0245bnp._.js:2431
[ 1365713ms] [LOG] [Fast Refresh] done in 237ms @ http://localhost:3000/_next/static/chunks/0o14_next_dist_0245bnp._.js:2431
[ 1633265ms] [LOG] [Fast Refresh] rebuilding @ http://localhost:3000/_next/static/chunks/0o14_next_dist_0245bnp._.js:2431
[ 1633882ms] [LOG] [Fast Refresh] done in 732ms @ http://localhost:3000/_next/static/chunks/0o14_next_dist_0245bnp._.js:2431
[ 1719670ms] [LOG] [Fast Refresh] rebuilding @ http://localhost:3000/_next/static/chunks/0o14_next_dist_0245bnp._.js:2431
[ 1720028ms] [LOG] [Fast Refresh] done in 460ms @ http://localhost:3000/_next/static/chunks/0o14_next_dist_0245bnp._.js:2431
[ 1790235ms] [LOG] [Fast Refresh] rebuilding @ http://localhost:3000/_next/static/chunks/0o14_next_dist_0245bnp._.js:2431
[ 1790345ms] [LOG] [Fast Refresh] done in 215ms @ http://localhost:3000/_next/static/chunks/0o14_next_dist_0245bnp._.js:2431
[ 1915335ms] [LOG] [Fast Refresh] rebuilding @ http://localhost:3000/_next/static/chunks/0o14_next_dist_0245bnp._.js:2431
[ 1917098ms] [LOG] [Fast Refresh] done in 760ms @ http://localhost:3000/_next/static/chunks/0o14_next_dist_0245bnp._.js:2431
[ 1917292ms] [LOG] [Fast Refresh] rebuilding @ http://localhost:3000/_next/static/chunks/0o14_next_dist_0245bnp._.js:2431
[ 1918655ms] [LOG] [Fast Refresh] done in 1464ms @ http://localhost:3000/_next/static/chunks/0o14_next_dist_0245bnp._.js:2431
[ 1918820ms] [LOG] [Fast Refresh] rebuilding @ http://localhost:3000/_next/static/chunks/0o14_next_dist_0245bnp._.js:2431
[ 1918895ms] [LOG] [Fast Refresh] done in 177ms @ http://localhost:3000/_next/static/chunks/0o14_next_dist_0245bnp._.js:2431
[ 1919005ms] [LOG] [Fast Refresh] rebuilding @ http://localhost:3000/_next/static/chunks/0o14_next_dist_0245bnp._.js:2431
[ 1919376ms] [LOG] [Fast Refresh] done in 480ms @ http://localhost:3000/_next/static/chunks/0o14_next_dist_0245bnp._.js:2431
[ 1919542ms] [LOG] [Fast Refresh] rebuilding @ http://localhost:3000/_next/static/chunks/0o14_next_dist_0245bnp._.js:2431
[ 1919620ms] [LOG] [Fast Refresh] done in 182ms @ http://localhost:3000/_next/static/chunks/0o14_next_dist_0245bnp._.js:2431
[ 1919728ms] [LOG] [Fast Refresh] rebuilding @ http://localhost:3000/_next/static/chunks/0o14_next_dist_0245bnp._.js:2431
[ 1920392ms] [LOG] [Fast Refresh] done in 767ms @ http://localhost:3000/_next/static/chunks/0o14_next_dist_0245bnp._.js:2431
[ 1921039ms] [LOG] [Fast Refresh] rebuilding @ http://localhost:3000/_next/static/chunks/0o14_next_dist_0245bnp._.js:2431
[ 1922291ms] [LOG] [Fast Refresh] done in 1355ms @ http://localhost:3000/_next/static/chunks/0o14_next_dist_0245bnp._.js:2431
[ 1954740ms] [LOG] [Fast Refresh] rebuilding @ http://localhost:3000/_next/static/chunks/0o14_next_dist_0245bnp._.js:2431
[ 1955365ms] [LOG] [Fast Refresh] done in 156ms @ http://localhost:3000/_next/static/chunks/0o14_next_dist_0245bnp._.js:2431
[ 1955522ms] [LOG] [Fast Refresh] rebuilding @ http://localhost:3000/_next/static/chunks/0o14_next_dist_0245bnp._.js:2431
[ 1955533ms] [LOG] [Fast Refresh] done in 116ms @ http://localhost:3000/_next/static/chunks/0o14_next_dist_0245bnp._.js:2431
[ 1955650ms] [LOG] [Fast Refresh] rebuilding @ http://localhost:3000/_next/static/chunks/0o14_next_dist_0245bnp._.js:2431
[ 1955656ms] [LOG] [Fast Refresh] done in 109ms @ http://localhost:3000/_next/static/chunks/0o14_next_dist_0245bnp._.js:2431
[ 1955908ms] [LOG] [Fast Refresh] rebuilding @ http://localhost:3000/_next/static/chunks/0o14_next_dist_0245bnp._.js:2431
[ 1955940ms] [LOG] [Fast Refresh] done in 135ms @ http://localhost:3000/_next/static/chunks/0o14_next_dist_0245bnp._.js:2431
[ 1976526ms] [LOG] [Fast Refresh] rebuilding @ http://localhost:3000/_next/static/chunks/0o14_next_dist_0245bnp._.js:2431
[ 1977154ms] [LOG] [Fast Refresh] done in 111ms @ http://localhost:3000/_next/static/chunks/0o14_next_dist_0245bnp._.js:2431
[ 1977271ms] [LOG] [Fast Refresh] rebuilding @ http://localhost:3000/_next/static/chunks/0o14_next_dist_0245bnp._.js:2431
[ 1977317ms] [LOG] [Fast Refresh] done in 150ms @ http://localhost:3000/_next/static/chunks/0o14_next_dist_0245bnp._.js:2431
[ 1977498ms] [LOG] [Fast Refresh] rebuilding @ http://localhost:3000/_next/static/chunks/0o14_next_dist_0245bnp._.js:2431
[ 1977566ms] [LOG] [Fast Refresh] done in 173ms @ http://localhost:3000/_next/static/chunks/0o14_next_dist_0245bnp._.js:2431
[ 1977797ms] [LOG] [Fast Refresh] rebuilding @ http://localhost:3000/_next/static/chunks/0o14_next_dist_0245bnp._.js:2431
[ 1977810ms] [LOG] [Fast Refresh] done in 118ms @ http://localhost:3000/_next/static/chunks/0o14_next_dist_0245bnp._.js:2431
[ 1993912ms] [LOG] [Fast Refresh] rebuilding @ http://localhost:3000/_next/static/chunks/0o14_next_dist_0245bnp._.js:2431
[ 1994174ms] [LOG] [Fast Refresh] done in 319ms @ http://localhost:3000/_next/static/chunks/0o14_next_dist_0245bnp._.js:2431
[ 1994327ms] [LOG] [Fast Refresh] rebuilding @ http://localhost:3000/_next/static/chunks/0o14_next_dist_0245bnp._.js:2431
[ 1997349ms] [LOG] [Fast Refresh] done in 3123ms @ http://localhost:3000/_next/static/chunks/0o14_next_dist_0245bnp._.js:2431
[ 1997509ms] [LOG] [Fast Refresh] rebuilding @ http://localhost:3000/_next/static/chunks/0o14_next_dist_0245bnp._.js:2431
[ 1998288ms] [LOG] [Fast Refresh] done in 880ms @ http://localhost:3000/_next/static/chunks/0o14_next_dist_0245bnp._.js:2431
[ 1998713ms] [LOG] [Fast Refresh] rebuilding @ http://localhost:3000/_next/static/chunks/0o14_next_dist_0245bnp._.js:2431
[ 2000033ms] [LOG] [Fast Refresh] done in 1428ms @ http://localhost:3000/_next/static/chunks/0o14_next_dist_0245bnp._.js:2431
[ 2000212ms] [LOG] [Fast Refresh] rebuilding @ http://localhost:3000/_next/static/chunks/0o14_next_dist_0245bnp._.js:2431
[ 2000303ms] [LOG] [Fast Refresh] done in 199ms @ http://localhost:3000/_next/static/chunks/0o14_next_dist_0245bnp._.js:2431
[ 2000525ms] [LOG] [Fast Refresh] rebuilding @ http://localhost:3000/_next/static/chunks/0o14_next_dist_0245bnp._.js:2431
[ 2000687ms] [LOG] [Fast Refresh] done in 263ms @ http://localhost:3000/_next/static/chunks/0o14_next_dist_0245bnp._.js:2431
[ 2000914ms] [LOG] [Fast Refresh] rebuilding @ http://localhost:3000/_next/static/chunks/0o14_next_dist_0245bnp._.js:2431
[ 2001136ms] [LOG] [Fast Refresh] done in 325ms @ http://localhost:3000/_next/static/chunks/0o14_next_dist_0245bnp._.js:2431
[ 2038157ms] [LOG] [Fast Refresh] rebuilding @ http://localhost:3000/_next/static/chunks/0o14_next_dist_0245bnp._.js:2431
[ 2039411ms] [LOG] [Fast Refresh] done in 1360ms @ http://localhost:3000/_next/static/chunks/0o14_next_dist_0245bnp._.js:2431
[ 2040394ms] [LOG] [Fast Refresh] rebuilding @ http://localhost:3000/_next/static/chunks/0o14_next_dist_0245bnp._.js:2431
[ 2040492ms] [LOG] [Fast Refresh] done in 201ms @ http://localhost:3000/_next/static/chunks/0o14_next_dist_0245bnp._.js:2431
[ 2041247ms] [LOG] [Fast Refresh] rebuilding @ http://localhost:3000/_next/static/chunks/0o14_next_dist_0245bnp._.js:2431
[ 2041341ms] [LOG] [Fast Refresh] done in 198ms @ http://localhost:3000/_next/static/chunks/0o14_next_dist_0245bnp._.js:2431
[ 2053936ms] [LOG] [Fast Refresh] rebuilding @ http://localhost:3000/_next/static/chunks/0o14_next_dist_0245bnp._.js:2431
[ 2054015ms] [LOG] [Fast Refresh] done in 185ms @ http://localhost:3000/_next/static/chunks/0o14_next_dist_0245bnp._.js:2431
[ 2097423ms] [LOG] [Fast Refresh] rebuilding @ http://localhost:3000/_next/static/chunks/0o14_next_dist_0245bnp._.js:2431
[ 2097440ms] [LOG] [Fast Refresh] done in 122ms @ http://localhost:3000/_next/static/chunks/0o14_next_dist_0245bnp._.js:2431
[ 2193654ms] [LOG] [Fast Refresh] rebuilding @ http://localhost:3000/_next/static/chunks/0o14_next_dist_0245bnp._.js:2431
[ 2193763ms] [LOG] [Fast Refresh] done in 215ms @ http://localhost:3000/_next/static/chunks/0o14_next_dist_0245bnp._.js:2431
[ 2248237ms] [LOG] [Fast Refresh] rebuilding @ http://localhost:3000/_next/static/chunks/0o14_next_dist_0245bnp._.js:2431
[ 2248315ms] [LOG] [Fast Refresh] done in 184ms @ http://localhost:3000/_next/static/chunks/0o14_next_dist_0245bnp._.js:2431
[ 2288163ms] [LOG] [Fast Refresh] rebuilding @ http://localhost:3000/_next/static/chunks/0o14_next_dist_0245bnp._.js:2431
[ 2288525ms] [LOG] [Fast Refresh] done in 469ms @ http://localhost:3000/_next/static/chunks/0o14_next_dist_0245bnp._.js:2431
[ 2302666ms] [LOG] [Fast Refresh] rebuilding @ http://localhost:3000/_next/static/chunks/0o14_next_dist_0245bnp._.js:2431
[ 2303060ms] [LOG] [Fast Refresh] done in 505ms @ http://localhost:3000/_next/static/chunks/0o14_next_dist_0245bnp._.js:2431
[ 2402302ms] [LOG] [Fast Refresh] rebuilding @ http://localhost:3000/_next/static/chunks/0o14_next_dist_0245bnp._.js:2431
[ 2402345ms] [LOG] [Fast Refresh] done in 155ms @ http://localhost:3000/_next/static/chunks/0o14_next_dist_0245bnp._.js:2431
[ 2558155ms] [LOG] [Fast Refresh] rebuilding @ http://localhost:3000/_next/static/chunks/0o14_next_dist_0245bnp._.js:2431
[ 2558309ms] [LOG] [Fast Refresh] done in 259ms @ http://localhost:3000/_next/static/chunks/0o14_next_dist_0245bnp._.js:2431
[ 2687524ms] [LOG] [Fast Refresh] rebuilding @ http://localhost:3000/_next/static/chunks/0o14_next_dist_0245bnp._.js:2431
[ 2687972ms] [LOG] [Fast Refresh] done in 526ms @ http://localhost:3000/_next/static/chunks/0o14_next_dist_0245bnp._.js:2431
[ 2688076ms] [LOG] [Fast Refresh] rebuilding @ http://localhost:3000/_next/static/chunks/0o14_next_dist_0245bnp._.js:2431
[ 2689805ms] [LOG] [Fast Refresh] done in 1833ms @ http://localhost:3000/_next/static/chunks/0o14_next_dist_0245bnp._.js:2431
[ 2689935ms] [LOG] [Fast Refresh] rebuilding @ http://localhost:3000/_next/static/chunks/0o14_next_dist_0245bnp._.js:2431
[ 2690476ms] [LOG] [Fast Refresh] done in 644ms @ http://localhost:3000/_next/static/chunks/0o14_next_dist_0245bnp._.js:2431
[ 2690604ms] [LOG] [Fast Refresh] rebuilding @ http://localhost:3000/_next/static/chunks/0o14_next_dist_0245bnp._.js:2431
[ 2691321ms] [LOG] [Fast Refresh] done in 820ms @ http://localhost:3000/_next/static/chunks/0o14_next_dist_0245bnp._.js:2431
[ 2691862ms] [LOG] [Fast Refresh] rebuilding @ http://localhost:3000/_next/static/chunks/0o14_next_dist_0245bnp._.js:2431
[ 2691865ms] [LOG] [Fast Refresh] done in 211ms @ http://localhost:3000/_next/static/chunks/0o14_next_dist_0245bnp._.js:2431
[ 2724952ms] [LOG] [Fast Refresh] rebuilding @ http://localhost:3000/_next/static/chunks/0o14_next_dist_0245bnp._.js:2431
[ 2725461ms] [LOG] [Fast Refresh] done in 110ms @ http://localhost:3000/_next/static/chunks/0o14_next_dist_0245bnp._.js:2431
[ 2725749ms] [LOG] [Fast Refresh] rebuilding @ http://localhost:3000/_next/static/chunks/0o14_next_dist_0245bnp._.js:2431
[ 2725769ms] [LOG] [Fast Refresh] done in 125ms @ http://localhost:3000/_next/static/chunks/0o14_next_dist_0245bnp._.js:2431
[ 2725874ms] [LOG] [Fast Refresh] rebuilding @ http://localhost:3000/_next/static/chunks/0o14_next_dist_0245bnp._.js:2431
[ 2725893ms] [LOG] [Fast Refresh] done in 123ms @ http://localhost:3000/_next/static/chunks/0o14_next_dist_0245bnp._.js:2431
[ 2726496ms] [LOG] [Fast Refresh] rebuilding @ http://localhost:3000/_next/static/chunks/0o14_next_dist_0245bnp._.js:2431
[ 2726663ms] [LOG] [Fast Refresh] done in 272ms @ http://localhost:3000/_next/static/chunks/0o14_next_dist_0245bnp._.js:2431
[ 2759036ms] [LOG] [Fast Refresh] rebuilding @ http://localhost:3000/_next/static/chunks/0o14_next_dist_0245bnp._.js:2431
[ 2761273ms] [LOG] [Fast Refresh] done in 2338ms @ http://localhost:3000/_next/static/chunks/0o14_next_dist_0245bnp._.js:2431
[ 2763697ms] [LOG] [Fast Refresh] rebuilding @ http://localhost:3000/_next/static/chunks/0o14_next_dist_0245bnp._.js:2431
[ 2764294ms] [LOG] [Fast Refresh] done in 707ms @ http://localhost:3000/_next/static/chunks/0o14_next_dist_0245bnp._.js:2431
[ 2766014ms] [LOG] [Fast Refresh] rebuilding @ http://localhost:3000/_next/static/chunks/0o14_next_dist_0245bnp._.js:2431
[ 2766918ms] [LOG] [Fast Refresh] done in 1004ms @ http://localhost:3000/_next/static/chunks/0o14_next_dist_0245bnp._.js:2431
[ 2829652ms] [LOG] [Fast Refresh] rebuilding @ http://localhost:3000/_next/static/chunks/0o14_next_dist_0245bnp._.js:2431
[ 2830075ms] [LOG] [Fast Refresh] done in 528ms @ http://localhost:3000/_next/static/chunks/0o14_next_dist_0245bnp._.js:2431
[ 2919856ms] [LOG] [Fast Refresh] rebuilding @ http://localhost:3000/_next/static/chunks/0o14_next_dist_0245bnp._.js:2431
[ 2920232ms] [LOG] [Fast Refresh] done in 490ms @ http://localhost:3000/_next/static/chunks/0o14_next_dist_0245bnp._.js:2431
[ 2992772ms] [LOG] [Fast Refresh] rebuilding @ http://localhost:3000/_next/static/chunks/0o14_next_dist_0245bnp._.js:2431
[ 2993427ms] [LOG] [Fast Refresh] done in 756ms @ http://localhost:3000/_next/static/chunks/0o14_next_dist_0245bnp._.js:2431
[ 3109689ms] [LOG] [Fast Refresh] rebuilding @ http://localhost:3000/_next/static/chunks/0o14_next_dist_0245bnp._.js:2431
[ 3110293ms] [LOG] [Fast Refresh] done in 717ms @ http://localhost:3000/_next/static/chunks/0o14_next_dist_0245bnp._.js:2431
[ 3323135ms] [LOG] [Fast Refresh] rebuilding @ http://localhost:3000/_next/static/chunks/0o14_next_dist_0245bnp._.js:2431
[ 3323350ms] [LOG] [Fast Refresh] done in 316ms @ http://localhost:3000/_next/static/chunks/0o14_next_dist_0245bnp._.js:2431
[ 3455078ms] [LOG] [Fast Refresh] rebuilding @ http://localhost:3000/_next/static/chunks/0o14_next_dist_0245bnp._.js:2431
[ 3455388ms] [LOG] [Fast Refresh] done in 414ms @ http://localhost:3000/_next/static/chunks/0o14_next_dist_0245bnp._.js:2431
[ 3455494ms] [LOG] [Fast Refresh] rebuilding @ http://localhost:3000/_next/static/chunks/0o14_next_dist_0245bnp._.js:2431
[ 3455930ms] [LOG] [Fast Refresh] done in 542ms @ http://localhost:3000/_next/static/chunks/0o14_next_dist_0245bnp._.js:2431
[ 3456040ms] [LOG] [Fast Refresh] rebuilding @ http://localhost:3000/_next/static/chunks/0o14_next_dist_0245bnp._.js:2431
[ 3456138ms] [LOG] [Fast Refresh] done in 198ms @ http://localhost:3000/_next/static/chunks/0o14_next_dist_0245bnp._.js:2431
[ 3456258ms] [LOG] [Fast Refresh] rebuilding @ http://localhost:3000/_next/static/chunks/0o14_next_dist_0245bnp._.js:2431
[ 3456322ms] [LOG] [Fast Refresh] done in 166ms @ http://localhost:3000/_next/static/chunks/0o14_next_dist_0245bnp._.js:2431
[ 3456554ms] [LOG] [Fast Refresh] rebuilding @ http://localhost:3000/_next/static/chunks/0o14_next_dist_0245bnp._.js:2431
[ 3456646ms] [LOG] [Fast Refresh] done in 196ms @ http://localhost:3000/_next/static/chunks/0o14_next_dist_0245bnp._.js:2431
[ 3488976ms] [LOG] [Fast Refresh] rebuilding @ http://localhost:3000/_next/static/chunks/0o14_next_dist_0245bnp._.js:2431
[ 3494109ms] [LOG] [Fast Refresh] done in 5237ms @ http://localhost:3000/_next/static/chunks/0o14_next_dist_0245bnp._.js:2431
[ 3498718ms] [LOG] [Fast Refresh] rebuilding @ http://localhost:3000/_next/static/chunks/0o14_next_dist_0245bnp._.js:2431
[ 3499113ms] [LOG] [Fast Refresh] done in 495ms @ http://localhost:3000/_next/static/chunks/0o14_next_dist_0245bnp._.js:2431
[ 3500790ms] [LOG] [Fast Refresh] rebuilding @ http://localhost:3000/_next/static/chunks/0o14_next_dist_0245bnp._.js:2431
[ 3500866ms] [LOG] [Fast Refresh] done in 178ms @ http://localhost:3000/_next/static/chunks/0o14_next_dist_0245bnp._.js:2431
[ 3508938ms] [LOG] [Fast Refresh] rebuilding @ http://localhost:3000/_next/static/chunks/0o14_next_dist_0245bnp._.js:2431
[ 3510913ms] [LOG] [Fast Refresh] done in 151ms @ http://localhost:3000/_next/static/chunks/0o14_next_dist_0245bnp._.js:2431
[ 3511118ms] [LOG] [Fast Refresh] rebuilding @ http://localhost:3000/_next/static/chunks/0o14_next_dist_0245bnp._.js:2431
[ 3512153ms] [LOG] [Fast Refresh] done in 1138ms @ http://localhost:3000/_next/static/chunks/0o14_next_dist_0245bnp._.js:2431
[ 3512307ms] [LOG] [Fast Refresh] rebuilding @ http://localhost:3000/_next/static/chunks/0o14_next_dist_0245bnp._.js:2431
[ 3512866ms] [LOG] [Fast Refresh] done in 663ms @ http://localhost:3000/_next/static/chunks/0o14_next_dist_0245bnp._.js:2431
[ 3512980ms] [LOG] [Fast Refresh] rebuilding @ http://localhost:3000/_next/static/chunks/0o14_next_dist_0245bnp._.js:2431
[ 3513376ms] [LOG] [Fast Refresh] done in 509ms @ http://localhost:3000/_next/static/chunks/0o14_next_dist_0245bnp._.js:2431
[ 3513807ms] [LOG] [Fast Refresh] rebuilding @ http://localhost:3000/_next/static/chunks/0o14_next_dist_0245bnp._.js:2431
[ 3514064ms] [LOG] [Fast Refresh] done in 358ms @ http://localhost:3000/_next/static/chunks/0o14_next_dist_0245bnp._.js:2431
[ 3514295ms] [LOG] [Fast Refresh] rebuilding @ http://localhost:3000/_next/static/chunks/0o14_next_dist_0245bnp._.js:2431
[ 3515091ms] [LOG] [Fast Refresh] done in 899ms @ http://localhost:3000/_next/static/chunks/0o14_next_dist_0245bnp._.js:2431
[ 3537785ms] [LOG] [Fast Refresh] rebuilding @ http://localhost:3000/_next/static/chunks/0o14_next_dist_0245bnp._.js:2431
[ 3539996ms] [LOG] [Fast Refresh] done in 353ms @ http://localhost:3000/_next/static/chunks/0o14_next_dist_0245bnp._.js:2431
[ 3540481ms] [LOG] [Fast Refresh] rebuilding @ http://localhost:3000/_next/static/chunks/0o14_next_dist_0245bnp._.js:2431
[ 3541453ms] [LOG] [Fast Refresh] done in 1078ms @ http://localhost:3000/_next/static/chunks/0o14_next_dist_0245bnp._.js:2431
[ 3543291ms] [LOG] [Fast Refresh] rebuilding @ http://localhost:3000/_next/static/chunks/0o14_next_dist_0245bnp._.js:2431
[ 3543426ms] [LOG] [Fast Refresh] done in 244ms @ http://localhost:3000/_next/static/chunks/0o14_next_dist_0245bnp._.js:2431
[ 3543694ms] [LOG] [Fast Refresh] rebuilding @ http://localhost:3000/_next/static/chunks/0o14_next_dist_0245bnp._.js:2431
[ 3543927ms] [LOG] [Fast Refresh] done in 337ms @ http://localhost:3000/_next/static/chunks/0o14_next_dist_0245bnp._.js:2431
[ 3544502ms] [LOG] [Fast Refresh] rebuilding @ http://localhost:3000/_next/static/chunks/0o14_next_dist_0245bnp._.js:2431
[ 3544871ms] [LOG] [Fast Refresh] done in 471ms @ http://localhost:3000/_next/static/chunks/0o14_next_dist_0245bnp._.js:2431
[ 3576729ms] [LOG] [Fast Refresh] rebuilding @ http://localhost:3000/_next/static/chunks/0o14_next_dist_0245bnp._.js:2431
[ 3577921ms] [LOG] [Fast Refresh] done in 165ms @ http://localhost:3000/_next/static/chunks/0o14_next_dist_0245bnp._.js:2431
[ 3578073ms] [LOG] [Fast Refresh] rebuilding @ http://localhost:3000/_next/static/chunks/0o14_next_dist_0245bnp._.js:2431
[ 3578551ms] [LOG] [Fast Refresh] done in 584ms @ http://localhost:3000/_next/static/chunks/0o14_next_dist_0245bnp._.js:2431
[ 3578652ms] [LOG] [Fast Refresh] rebuilding @ http://localhost:3000/_next/static/chunks/0o14_next_dist_0245bnp._.js:2431
[ 3578712ms] [LOG] [Fast Refresh] done in 161ms @ http://localhost:3000/_next/static/chunks/0o14_next_dist_0245bnp._.js:2431
[ 3578847ms] [LOG] [Fast Refresh] rebuilding @ http://localhost:3000/_next/static/chunks/0o14_next_dist_0245bnp._.js:2431
[ 3579570ms] [LOG] [Fast Refresh] done in 829ms @ http://localhost:3000/_next/static/chunks/0o14_next_dist_0245bnp._.js:2431
[ 3579737ms] [LOG] [Fast Refresh] rebuilding @ http://localhost:3000/_next/static/chunks/0o14_next_dist_0245bnp._.js:2431
[ 3579884ms] [LOG] [Fast Refresh] done in 251ms @ http://localhost:3000/_next/static/chunks/0o14_next_dist_0245bnp._.js:2431
[ 3580121ms] [LOG] [Fast Refresh] rebuilding @ http://localhost:3000/_next/static/chunks/0o14_next_dist_0245bnp._.js:2431
[ 3580272ms] [LOG] [Fast Refresh] done in 254ms @ http://localhost:3000/_next/static/chunks/0o14_next_dist_0245bnp._.js:2431
[ 3580527ms] [LOG] [Fast Refresh] rebuilding @ http://localhost:3000/_next/static/chunks/0o14_next_dist_0245bnp._.js:2431
[ 3580640ms] [LOG] [Fast Refresh] done in 216ms @ http://localhost:3000/_next/static/chunks/0o14_next_dist_0245bnp._.js:2431
