[    8601ms] [INFO] %cDownload the React DevTools for a better development experience: https://react.dev/link/react-devtools font-weight:bold @ http://localhost:3210/_next/static/chunks/0ip4_next_dist_0ccwfps._.js:2431
[   10400ms] [LOG] [HMR] connected @ http://localhost:3210/_next/static/chunks/0ip4_next_dist_0ccwfps._.js:2431
[   11533ms] [LOG] [Fast Refresh] rebuilding @ http://localhost:3210/_next/static/chunks/0ip4_next_dist_0ccwfps._.js:2431
[   11646ms] [LOG] [Fast Refresh] done in 232ms @ http://localhost:3210/_next/static/chunks/0ip4_next_dist_0ccwfps._.js:2431
[   39846ms] [LOG] [Fast Refresh] rebuilding @ http://localhost:3210/_next/static/chunks/0ip4_next_dist_0ccwfps._.js:2431
[   39862ms] [LOG] [Fast Refresh] done in 131ms @ http://localhost:3210/_next/static/chunks/0ip4_next_dist_0ccwfps._.js:2431
[  162789ms] [LOG] [Fast Refresh] rebuilding @ http://localhost:3210/_next/static/chunks/0ip4_next_dist_0ccwfps._.js:2431
[  162811ms] [LOG] [Fast Refresh] done in 133ms @ http://localhost:3210/_next/static/chunks/0ip4_next_dist_0ccwfps._.js:2431
[  187718ms] [LOG] [Fast Refresh] rebuilding @ http://localhost:3210/_next/static/chunks/0ip4_next_dist_0ccwfps._.js:2431
[  187803ms] [LOG] [Fast Refresh] done in 186ms @ http://localhost:3210/_next/static/chunks/0ip4_next_dist_0ccwfps._.js:2431
[  436503ms] [LOG] [Fast Refresh] rebuilding @ http://localhost:3210/_next/static/chunks/0ip4_next_dist_0ccwfps._.js:2431
[  437201ms] [LOG] [Fast Refresh] done in 800ms @ http://localhost:3210/_next/static/chunks/0ip4_next_dist_0ccwfps._.js:2431
[  437368ms] [LOG] [Fast Refresh] rebuilding @ http://localhost:3210/_next/static/chunks/0ip4_next_dist_0ccwfps._.js:2431
[  438325ms] [LOG] [Fast Refresh] done in 1064ms @ http://localhost:3210/_next/static/chunks/0ip4_next_dist_0ccwfps._.js:2431
[  458712ms] [LOG] [Fast Refresh] rebuilding @ http://localhost:3210/_next/static/chunks/0ip4_next_dist_0ccwfps._.js:2431
[  459005ms] [LOG] [Fast Refresh] done in 396ms @ http://localhost:3210/_next/static/chunks/0ip4_next_dist_0ccwfps._.js:2431
[  459115ms] [LOG] [Fast Refresh] rebuilding @ http://localhost:3210/_next/static/chunks/0ip4_next_dist_0ccwfps._.js:2431
[  459278ms] [LOG] [Fast Refresh] done in 270ms @ http://localhost:3210/_next/static/chunks/0ip4_next_dist_0ccwfps._.js:2431
[  459468ms] [LOG] [Fast Refresh] rebuilding @ http://localhost:3210/_next/static/chunks/0ip4_next_dist_0ccwfps._.js:2431
[  459518ms] [LOG] [Fast Refresh] done in 154ms @ http://localhost:3210/_next/static/chunks/0ip4_next_dist_0ccwfps._.js:2431
