[    1601ms] [INFO] %cDownload the React DevTools for a better development experience: https://react.dev/link/react-devtools font-weight:bold @ http://localhost:3000/_next/static/chunks/0ip4_next_dist_0ccwfps._.js:2431
[    2037ms] [LOG] [HMR] connected @ http://localhost:3000/_next/static/chunks/0ip4_next_dist_0ccwfps._.js:2431
[    3469ms] [LOG] [Fast Refresh] rebuilding @ http://localhost:3000/_next/static/chunks/0ip4_next_dist_0ccwfps._.js:2431
[    3613ms] [LOG] [Fast Refresh] done in 241ms @ http://localhost:3000/_next/static/chunks/0ip4_next_dist_0ccwfps._.js:2431
[   39990ms] [LOG] [Fast Refresh] rebuilding @ http://localhost:3000/_next/static/chunks/0ip4_next_dist_0ccwfps._.js:2431
[   40017ms] [LOG] [Fast Refresh] done in 129ms @ http://localhost:3000/_next/static/chunks/0ip4_next_dist_0ccwfps._.js:2431
[   40120ms] [INFO] %cDownload the React DevTools for a better development experience: https://react.dev/link/react-devtools font-weight:bold @ http://localhost:3000/_next/static/chunks/0ip4_next_dist_0ccwfps._.js:2431
[   40159ms] [LOG] [HMR] connected @ http://localhost:3000/_next/static/chunks/0ip4_next_dist_0ccwfps._.js:2431
[   40840ms] [LOG] [Fast Refresh] rebuilding @ http://localhost:3000/_next/static/chunks/0ip4_next_dist_0ccwfps._.js:2431
[   40884ms] [LOG] [Fast Refresh] done in 147ms @ http://localhost:3000/_next/static/chunks/0ip4_next_dist_0ccwfps._.js:2431
[   40957ms] [INFO] %cDownload the React DevTools for a better development experience: https://react.dev/link/react-devtools font-weight:bold @ http://localhost:3000/_next/static/chunks/0ip4_next_dist_0ccwfps._.js:2431
[   41010ms] [LOG] [HMR] connected @ http://localhost:3000/_next/static/chunks/0ip4_next_dist_0ccwfps._.js:2431
[   67545ms] [LOG] [Fast Refresh] rebuilding @ http://localhost:3000/_next/static/chunks/0ip4_next_dist_0ccwfps._.js:2431
[   67824ms] [LOG] [Fast Refresh] done in 384ms @ http://localhost:3000/_next/static/chunks/0ip4_next_dist_0ccwfps._.js:2431
[   68027ms] [INFO] %cDownload the React DevTools for a better development experience: https://react.dev/link/react-devtools font-weight:bold @ http://localhost:3000/_next/static/chunks/0ip4_next_dist_0ccwfps._.js:2431
[   68110ms] [LOG] [HMR] connected @ http://localhost:3000/_next/static/chunks/0ip4_next_dist_0ccwfps._.js:2431
[  179781ms] [LOG] [Fast Refresh] rebuilding @ http://localhost:3000/_next/static/chunks/0ip4_next_dist_0ccwfps._.js:2431
[  179879ms] [LOG] [Fast Refresh] done in 201ms @ http://localhost:3000/_next/static/chunks/0ip4_next_dist_0ccwfps._.js:2431
[  251635ms] [LOG] [Fast Refresh] rebuilding @ http://localhost:3000/_next/static/chunks/0ip4_next_dist_0ccwfps._.js:2431
[  255857ms] [LOG] [Fast Refresh] done in 4209ms @ http://localhost:3000/_next/static/chunks/0ip4_next_dist_0ccwfps._.js:2431
[  255963ms] [LOG] [Fast Refresh] rebuilding @ http://localhost:3000/_next/static/chunks/0ip4_next_dist_0ccwfps._.js:2431
[  262692ms] [LOG] [Fast Refresh] done in 6835ms @ http://localhost:3000/_next/static/chunks/0ip4_next_dist_0ccwfps._.js:2431
[  275090ms] [LOG] [Fast Refresh] rebuilding @ http://localhost:3000/_next/static/chunks/0ip4_next_dist_0ccwfps._.js:2431
[  276711ms] [LOG] [Fast Refresh] done in 1723ms @ http://localhost:3000/_next/static/chunks/0ip4_next_dist_0ccwfps._.js:2431
[  277567ms] [LOG] [Fast Refresh] rebuilding @ http://localhost:3000/_next/static/chunks/0ip4_next_dist_0ccwfps._.js:2431
[  277828ms] [LOG] [Fast Refresh] done in 361ms @ http://localhost:3000/_next/static/chunks/0ip4_next_dist_0ccwfps._.js:2431
[  277939ms] [LOG] [Fast Refresh] rebuilding @ http://localhost:3000/_next/static/chunks/0ip4_next_dist_0ccwfps._.js:2431
[  278352ms] [LOG] [Fast Refresh] done in 513ms @ http://localhost:3000/_next/static/chunks/0ip4_next_dist_0ccwfps._.js:2431
[  278513ms] [LOG] [Fast Refresh] rebuilding @ http://localhost:3000/_next/static/chunks/0ip4_next_dist_0ccwfps._.js:2431
[  278943ms] [LOG] [Fast Refresh] done in 536ms @ http://localhost:3000/_next/static/chunks/0ip4_next_dist_0ccwfps._.js:2431
[  279150ms] [LOG] [Fast Refresh] rebuilding @ http://localhost:3000/_next/static/chunks/0ip4_next_dist_0ccwfps._.js:2431
[  279333ms] [LOG] [Fast Refresh] done in 293ms @ http://localhost:3000/_next/static/chunks/0ip4_next_dist_0ccwfps._.js:2431
[  279468ms] [LOG] [Fast Refresh] rebuilding @ http://localhost:3000/_next/static/chunks/0ip4_next_dist_0ccwfps._.js:2431
[  279970ms] [LOG] [Fast Refresh] done in 609ms @ http://localhost:3000/_next/static/chunks/0ip4_next_dist_0ccwfps._.js:2431
[  281493ms] [LOG] [Fast Refresh] rebuilding @ http://localhost:3000/_next/static/chunks/0ip4_next_dist_0ccwfps._.js:2431
[  282850ms] [LOG] [Fast Refresh] done in 1460ms @ http://localhost:3000/_next/static/chunks/0ip4_next_dist_0ccwfps._.js:2431
[  284061ms] [LOG] [Fast Refresh] rebuilding @ http://localhost:3000/_next/static/chunks/0ip4_next_dist_0ccwfps._.js:2431
[  284570ms] [LOG] [Fast Refresh] done in 613ms @ http://localhost:3000/_next/static/chunks/0ip4_next_dist_0ccwfps._.js:2431
[  286421ms] [LOG] [Fast Refresh] rebuilding @ http://localhost:3000/_next/static/chunks/0ip4_next_dist_0ccwfps._.js:2431
[  287215ms] [LOG] [Fast Refresh] done in 897ms @ http://localhost:3000/_next/static/chunks/0ip4_next_dist_0ccwfps._.js:2431
[  287387ms] [LOG] [Fast Refresh] rebuilding @ http://localhost:3000/_next/static/chunks/0ip4_next_dist_0ccwfps._.js:2431
[  287794ms] [LOG] [Fast Refresh] done in 519ms @ http://localhost:3000/_next/static/chunks/0ip4_next_dist_0ccwfps._.js:2431
[  287923ms] [LOG] [Fast Refresh] rebuilding @ http://localhost:3000/_next/static/chunks/0ip4_next_dist_0ccwfps._.js:2431
[  288291ms] [LOG] [Fast Refresh] done in 468ms @ http://localhost:3000/_next/static/chunks/0ip4_next_dist_0ccwfps._.js:2431
[  288437ms] [LOG] [Fast Refresh] rebuilding @ http://localhost:3000/_next/static/chunks/0ip4_next_dist_0ccwfps._.js:2431
[  288719ms] [LOG] [Fast Refresh] done in 384ms @ http://localhost:3000/_next/static/chunks/0ip4_next_dist_0ccwfps._.js:2431
[  323866ms] [LOG] [Fast Refresh] rebuilding @ http://localhost:3000/_next/static/chunks/0ip4_next_dist_0ccwfps._.js:2431
[  323875ms] [LOG] [Fast Refresh] done in 114ms @ http://localhost:3000/_next/static/chunks/0ip4_next_dist_0ccwfps._.js:2431
[  339777ms] [LOG] [Fast Refresh] rebuilding @ http://localhost:3000/_next/static/chunks/0ip4_next_dist_0ccwfps._.js:2431
[  339995ms] [LOG] [Fast Refresh] done in 328ms @ http://localhost:3000/_next/static/chunks/0ip4_next_dist_0ccwfps._.js:2431
[  340364ms] [LOG] [Fast Refresh] rebuilding @ http://localhost:3000/_next/static/chunks/0ip4_next_dist_0ccwfps._.js:2431
[  340504ms] [LOG] [Fast Refresh] done in 241ms @ http://localhost:3000/_next/static/chunks/0ip4_next_dist_0ccwfps._.js:2431
[  340671ms] [LOG] [Fast Refresh] rebuilding @ http://localhost:3000/_next/static/chunks/0ip4_next_dist_0ccwfps._.js:2431
[  340811ms] [LOG] [Fast Refresh] done in 242ms @ http://localhost:3000/_next/static/chunks/0ip4_next_dist_0ccwfps._.js:2431
[  375910ms] [LOG] [Fast Refresh] rebuilding @ http://localhost:3000/_next/static/chunks/0ip4_next_dist_0ccwfps._.js:2431
[  376295ms] [LOG] [Fast Refresh] done in 501ms @ http://localhost:3000/_next/static/chunks/0ip4_next_dist_0ccwfps._.js:2431
[  377877ms] [LOG] [Fast Refresh] rebuilding @ http://localhost:3000/_next/static/chunks/0ip4_next_dist_0ccwfps._.js:2431
[  378527ms] [LOG] [Fast Refresh] done in 763ms @ http://localhost:3000/_next/static/chunks/0ip4_next_dist_0ccwfps._.js:2431
[  548036ms] [LOG] [Fast Refresh] rebuilding @ http://localhost:3000/_next/static/chunks/0ip4_next_dist_0ccwfps._.js:2431
[  548573ms] [LOG] [Fast Refresh] done in 639ms @ http://localhost:3000/_next/static/chunks/0ip4_next_dist_0ccwfps._.js:2431
[  635889ms] [LOG] [Fast Refresh] rebuilding @ http://localhost:3000/_next/static/chunks/0ip4_next_dist_0ccwfps._.js:2431
[  635962ms] [LOG] [Fast Refresh] done in 173ms @ http://localhost:3000/_next/static/chunks/0ip4_next_dist_0ccwfps._.js:2431
[  905940ms] [LOG] [Fast Refresh] rebuilding @ http://localhost:3000/_next/static/chunks/0ip4_next_dist_0ccwfps._.js:2431
[  906187ms] [LOG] [Fast Refresh] done in 357ms @ http://localhost:3000/_next/static/chunks/0ip4_next_dist_0ccwfps._.js:2431
[  906295ms] [LOG] [Fast Refresh] rebuilding @ http://localhost:3000/_next/static/chunks/0ip4_next_dist_0ccwfps._.js:2431
[  906303ms] [LOG] [Fast Refresh] done in 114ms @ http://localhost:3000/_next/static/chunks/0ip4_next_dist_0ccwfps._.js:2431
[  907200ms] [LOG] [Fast Refresh] rebuilding @ http://localhost:3000/_next/static/chunks/0ip4_next_dist_0ccwfps._.js:2431
[  907312ms] [LOG] [Fast Refresh] done in 219ms @ http://localhost:3000/_next/static/chunks/0ip4_next_dist_0ccwfps._.js:2431
[  929782ms] [LOG] [Fast Refresh] rebuilding @ http://localhost:3000/_next/static/chunks/0ip4_next_dist_0ccwfps._.js:2431
[  929981ms] [LOG] [Fast Refresh] done in 302ms @ http://localhost:3000/_next/static/chunks/0ip4_next_dist_0ccwfps._.js:2431
[ 1073185ms] [LOG] [Fast Refresh] rebuilding @ http://localhost:3000/_next/static/chunks/0ip4_next_dist_0ccwfps._.js:2431
[ 1073205ms] [LOG] [Fast Refresh] done in 127ms @ http://localhost:3000/_next/static/chunks/0ip4_next_dist_0ccwfps._.js:2431
[ 1085371ms] [LOG] [Fast Refresh] rebuilding @ http://localhost:3000/_next/static/chunks/0ip4_next_dist_0ccwfps._.js:2431
[ 1085373ms] [LOG] [Fast Refresh] done in 195ms @ http://localhost:3000/_next/static/chunks/0ip4_next_dist_0ccwfps._.js:2431
[ 1166094ms] [ERROR] WebSocket connection to 'ws://localhost:3000/_next/webpack-hmr?id=boQcOKG-3loa-X4w_KNMr' failed: Error in connection establishment: net::ERR_CONNECTION_REFUSED @ http://localhost:3000/_next/static/chunks/0ip4_next_dist_client_0t5wiib._.js:13299
[ 1178392ms] [ERROR] WebSocket connection to 'ws://localhost:3000/_next/webpack-hmr?id=boQcOKG-3loa-X4w_KNMr' failed: Error in connection establishment: net::ERR_CONNECTION_REFUSED @ http://localhost:3000/_next/static/chunks/0ip4_next_dist_client_0t5wiib._.js:13299
[ 1190583ms] [LOG] [HMR] connected @ http://localhost:3000/_next/static/chunks/0ip4_next_dist_0ccwfps._.js:2431
[ 1201360ms] [INFO] %cDownload the React DevTools for a better development experience: https://react.dev/link/react-devtools font-weight:bold @ http://localhost:3000/_next/static/chunks/0o14_next_dist_0245bnp._.js:2431
[ 1202436ms] [LOG] [HMR] connected @ http://localhost:3000/_next/static/chunks/0o14_next_dist_0245bnp._.js:2431
[ 1205582ms] [LOG] [Fast Refresh] rebuilding @ http://localhost:3000/_next/static/chunks/0o14_next_dist_0245bnp._.js:2431
[ 1205903ms] [LOG] [Fast Refresh] done in 427ms @ http://localhost:3000/_next/static/chunks/0o14_next_dist_0245bnp._.js:2431
[ 1206223ms] [LOG] [Fast Refresh] rebuilding @ http://localhost:3000/_next/static/chunks/0o14_next_dist_0245bnp._.js:2431
[ 1206532ms] [LOG] [Fast Refresh] done in 423ms @ http://localhost:3000/_next/static/chunks/0o14_next_dist_0245bnp._.js:2431
[ 1221269ms] [LOG] [Fast Refresh] rebuilding @ http://localhost:3000/_next/static/chunks/0o14_next_dist_0245bnp._.js:2431
[ 1221454ms] [LOG] [Fast Refresh] done in 300ms @ http://localhost:3000/_next/static/chunks/0o14_next_dist_0245bnp._.js:2431
[ 1222047ms] [LOG] [Fast Refresh] rebuilding @ http://localhost:3000/_next/static/chunks/0o14_next_dist_0245bnp._.js:2431
[ 1222096ms] [LOG] [Fast Refresh] done in 155ms @ http://localhost:3000/_next/static/chunks/0o14_next_dist_0245bnp._.js:2431
[ 1222876ms] [LOG] [Fast Refresh] rebuilding @ http://localhost:3000/_next/static/chunks/0o14_next_dist_0245bnp._.js:2431
[ 1223111ms] [LOG] [Fast Refresh] done in 338ms @ http://localhost:3000/_next/static/chunks/0o14_next_dist_0245bnp._.js:2431
[ 1246697ms] [LOG] [Fast Refresh] rebuilding @ http://localhost:3000/_next/static/chunks/0o14_next_dist_0245bnp._.js:2431
[ 1246821ms] [LOG] [Fast Refresh] done in 231ms @ http://localhost:3000/_next/static/chunks/0o14_next_dist_0245bnp._.js:2431
[ 1274652ms] [LOG] [Fast Refresh] rebuilding @ http://localhost:3000/_next/static/chunks/0o14_next_dist_0245bnp._.js:2431
[ 1274685ms] [LOG] [Fast Refresh] done in 138ms @ http://localhost:3000/_next/static/chunks/0o14_next_dist_0245bnp._.js:2431
[ 1705232ms] [LOG] [Fast Refresh] rebuilding @ http://localhost:3000/_next/static/chunks/0o14_next_dist_0245bnp._.js:2431
[ 1705365ms] [LOG] [Fast Refresh] done in 238ms @ http://localhost:3000/_next/static/chunks/0o14_next_dist_0245bnp._.js:2431
[ 1972917ms] [LOG] [Fast Refresh] rebuilding @ http://localhost:3000/_next/static/chunks/0o14_next_dist_0245bnp._.js:2431
[ 1973572ms] [LOG] [Fast Refresh] done in 770ms @ http://localhost:3000/_next/static/chunks/0o14_next_dist_0245bnp._.js:2431
[ 2059323ms] [LOG] [Fast Refresh] rebuilding @ http://localhost:3000/_next/static/chunks/0o14_next_dist_0245bnp._.js:2431
[ 2059681ms] [LOG] [Fast Refresh] done in 460ms @ http://localhost:3000/_next/static/chunks/0o14_next_dist_0245bnp._.js:2431
[ 2129888ms] [LOG] [Fast Refresh] rebuilding @ http://localhost:3000/_next/static/chunks/0o14_next_dist_0245bnp._.js:2431
[ 2129997ms] [LOG] [Fast Refresh] done in 214ms @ http://localhost:3000/_next/static/chunks/0o14_next_dist_0245bnp._.js:2431
[ 2254987ms] [LOG] [Fast Refresh] rebuilding @ http://localhost:3000/_next/static/chunks/0o14_next_dist_0245bnp._.js:2431
[ 2256775ms] [LOG] [Fast Refresh] done in 761ms @ http://localhost:3000/_next/static/chunks/0o14_next_dist_0245bnp._.js:2431
[ 2256988ms] [LOG] [Fast Refresh] rebuilding @ http://localhost:3000/_next/static/chunks/0o14_next_dist_0245bnp._.js:2431
[ 2258308ms] [LOG] [Fast Refresh] done in 1441ms @ http://localhost:3000/_next/static/chunks/0o14_next_dist_0245bnp._.js:2431
[ 2258472ms] [LOG] [Fast Refresh] rebuilding @ http://localhost:3000/_next/static/chunks/0o14_next_dist_0245bnp._.js:2431
[ 2258547ms] [LOG] [Fast Refresh] done in 178ms @ http://localhost:3000/_next/static/chunks/0o14_next_dist_0245bnp._.js:2431
[ 2258658ms] [LOG] [Fast Refresh] rebuilding @ http://localhost:3000/_next/static/chunks/0o14_next_dist_0245bnp._.js:2431
[ 2259036ms] [LOG] [Fast Refresh] done in 487ms @ http://localhost:3000/_next/static/chunks/0o14_next_dist_0245bnp._.js:2431
[ 2259192ms] [LOG] [Fast Refresh] rebuilding @ http://localhost:3000/_next/static/chunks/0o14_next_dist_0245bnp._.js:2431
[ 2259277ms] [LOG] [Fast Refresh] done in 185ms @ http://localhost:3000/_next/static/chunks/0o14_next_dist_0245bnp._.js:2431
[ 2259396ms] [LOG] [Fast Refresh] rebuilding @ http://localhost:3000/_next/static/chunks/0o14_next_dist_0245bnp._.js:2431
[ 2260074ms] [LOG] [Fast Refresh] done in 791ms @ http://localhost:3000/_next/static/chunks/0o14_next_dist_0245bnp._.js:2431
[ 2260705ms] [LOG] [Fast Refresh] rebuilding @ http://localhost:3000/_next/static/chunks/0o14_next_dist_0245bnp._.js:2431
[ 2261945ms] [LOG] [Fast Refresh] done in 1356ms @ http://localhost:3000/_next/static/chunks/0o14_next_dist_0245bnp._.js:2431
[ 2294392ms] [LOG] [Fast Refresh] rebuilding @ http://localhost:3000/_next/static/chunks/0o14_next_dist_0245bnp._.js:2431
[ 2295017ms] [LOG] [Fast Refresh] done in 164ms @ http://localhost:3000/_next/static/chunks/0o14_next_dist_0245bnp._.js:2431
[ 2295177ms] [LOG] [Fast Refresh] rebuilding @ http://localhost:3000/_next/static/chunks/0o14_next_dist_0245bnp._.js:2431
[ 2295185ms] [LOG] [Fast Refresh] done in 117ms @ http://localhost:3000/_next/static/chunks/0o14_next_dist_0245bnp._.js:2431
[ 2295568ms] [LOG] [Fast Refresh] rebuilding @ http://localhost:3000/_next/static/chunks/0o14_next_dist_0245bnp._.js:2431
[ 2295592ms] [LOG] [Fast Refresh] done in 134ms @ http://localhost:3000/_next/static/chunks/0o14_next_dist_0245bnp._.js:2431
[ 2316178ms] [LOG] [Fast Refresh] rebuilding @ http://localhost:3000/_next/static/chunks/0o14_next_dist_0245bnp._.js:2431
[ 2316806ms] [LOG] [Fast Refresh] done in 112ms @ http://localhost:3000/_next/static/chunks/0o14_next_dist_0245bnp._.js:2431
[ 2316925ms] [LOG] [Fast Refresh] rebuilding @ http://localhost:3000/_next/static/chunks/0o14_next_dist_0245bnp._.js:2431
[ 2316969ms] [LOG] [Fast Refresh] done in 149ms @ http://localhost:3000/_next/static/chunks/0o14_next_dist_0245bnp._.js:2431
[ 2317158ms] [LOG] [Fast Refresh] rebuilding @ http://localhost:3000/_next/static/chunks/0o14_next_dist_0245bnp._.js:2431
[ 2317224ms] [LOG] [Fast Refresh] done in 180ms @ http://localhost:3000/_next/static/chunks/0o14_next_dist_0245bnp._.js:2431
[ 2317448ms] [LOG] [Fast Refresh] rebuilding @ http://localhost:3000/_next/static/chunks/0o14_next_dist_0245bnp._.js:2431
[ 2317462ms] [LOG] [Fast Refresh] done in 119ms @ http://localhost:3000/_next/static/chunks/0o14_next_dist_0245bnp._.js:2431
[ 2333566ms] [LOG] [Fast Refresh] rebuilding @ http://localhost:3000/_next/static/chunks/0o14_next_dist_0245bnp._.js:2431
[ 2333834ms] [LOG] [Fast Refresh] done in 319ms @ http://localhost:3000/_next/static/chunks/0o14_next_dist_0245bnp._.js:2431
[ 2333995ms] [LOG] [Fast Refresh] rebuilding @ http://localhost:3000/_next/static/chunks/0o14_next_dist_0245bnp._.js:2431
[ 2337030ms] [LOG] [Fast Refresh] done in 3139ms @ http://localhost:3000/_next/static/chunks/0o14_next_dist_0245bnp._.js:2431
[ 2337354ms] [LOG] [Fast Refresh] rebuilding @ http://localhost:3000/_next/static/chunks/0o14_next_dist_0245bnp._.js:2431
[ 2337969ms] [LOG] [Fast Refresh] done in 725ms @ http://localhost:3000/_next/static/chunks/0o14_next_dist_0245bnp._.js:2431
[ 2338366ms] [LOG] [Fast Refresh] rebuilding @ http://localhost:3000/_next/static/chunks/0o14_next_dist_0245bnp._.js:2431
[ 2339697ms] [LOG] [Fast Refresh] done in 1442ms @ http://localhost:3000/_next/static/chunks/0o14_next_dist_0245bnp._.js:2431
[ 2339871ms] [LOG] [Fast Refresh] rebuilding @ http://localhost:3000/_next/static/chunks/0o14_next_dist_0245bnp._.js:2431
[ 2339958ms] [LOG] [Fast Refresh] done in 201ms @ http://localhost:3000/_next/static/chunks/0o14_next_dist_0245bnp._.js:2431
[ 2340191ms] [LOG] [Fast Refresh] rebuilding @ http://localhost:3000/_next/static/chunks/0o14_next_dist_0245bnp._.js:2431
[ 2340339ms] [LOG] [Fast Refresh] done in 250ms @ http://localhost:3000/_next/static/chunks/0o14_next_dist_0245bnp._.js:2431
[ 2340564ms] [LOG] [Fast Refresh] rebuilding @ http://localhost:3000/_next/static/chunks/0o14_next_dist_0245bnp._.js:2431
[ 2340790ms] [LOG] [Fast Refresh] done in 330ms @ http://localhost:3000/_next/static/chunks/0o14_next_dist_0245bnp._.js:2431
[ 2377809ms] [LOG] [Fast Refresh] rebuilding @ http://localhost:3000/_next/static/chunks/0o14_next_dist_0245bnp._.js:2431
[ 2379063ms] [LOG] [Fast Refresh] done in 1359ms @ http://localhost:3000/_next/static/chunks/0o14_next_dist_0245bnp._.js:2431
[ 2380047ms] [LOG] [Fast Refresh] rebuilding @ http://localhost:3000/_next/static/chunks/0o14_next_dist_0245bnp._.js:2431
[ 2380145ms] [LOG] [Fast Refresh] done in 201ms @ http://localhost:3000/_next/static/chunks/0o14_next_dist_0245bnp._.js:2431
[ 2380899ms] [LOG] [Fast Refresh] rebuilding @ http://localhost:3000/_next/static/chunks/0o14_next_dist_0245bnp._.js:2431
[ 2380994ms] [LOG] [Fast Refresh] done in 200ms @ http://localhost:3000/_next/static/chunks/0o14_next_dist_0245bnp._.js:2431
[ 2393599ms] [LOG] [Fast Refresh] rebuilding @ http://localhost:3000/_next/static/chunks/0o14_next_dist_0245bnp._.js:2431
[ 2393667ms] [LOG] [Fast Refresh] done in 184ms @ http://localhost:3000/_next/static/chunks/0o14_next_dist_0245bnp._.js:2431
[ 2437075ms] [LOG] [Fast Refresh] rebuilding @ http://localhost:3000/_next/static/chunks/0o14_next_dist_0245bnp._.js:2431
[ 2437092ms] [LOG] [Fast Refresh] done in 122ms @ http://localhost:3000/_next/static/chunks/0o14_next_dist_0245bnp._.js:2431
[ 2533315ms] [LOG] [Fast Refresh] rebuilding @ http://localhost:3000/_next/static/chunks/0o14_next_dist_0245bnp._.js:2431
[ 2533415ms] [LOG] [Fast Refresh] done in 213ms @ http://localhost:3000/_next/static/chunks/0o14_next_dist_0245bnp._.js:2431
[ 2587899ms] [LOG] [Fast Refresh] rebuilding @ http://localhost:3000/_next/static/chunks/0o14_next_dist_0245bnp._.js:2431
[ 2587967ms] [LOG] [Fast Refresh] done in 185ms @ http://localhost:3000/_next/static/chunks/0o14_next_dist_0245bnp._.js:2431
[ 2627815ms] [LOG] [Fast Refresh] rebuilding @ http://localhost:3000/_next/static/chunks/0o14_next_dist_0245bnp._.js:2431
[ 2628177ms] [LOG] [Fast Refresh] done in 468ms @ http://localhost:3000/_next/static/chunks/0o14_next_dist_0245bnp._.js:2431
[ 2642319ms] [LOG] [Fast Refresh] rebuilding @ http://localhost:3000/_next/static/chunks/0o14_next_dist_0245bnp._.js:2431
[ 2642713ms] [LOG] [Fast Refresh] done in 505ms @ http://localhost:3000/_next/static/chunks/0o14_next_dist_0245bnp._.js:2431
[ 2741954ms] [LOG] [Fast Refresh] rebuilding @ http://localhost:3000/_next/static/chunks/0o14_next_dist_0245bnp._.js:2431
[ 2741997ms] [LOG] [Fast Refresh] done in 155ms @ http://localhost:3000/_next/static/chunks/0o14_next_dist_0245bnp._.js:2431
[ 2897807ms] [LOG] [Fast Refresh] rebuilding @ http://localhost:3000/_next/static/chunks/0o14_next_dist_0245bnp._.js:2431
[ 2897962ms] [LOG] [Fast Refresh] done in 259ms @ http://localhost:3000/_next/static/chunks/0o14_next_dist_0245bnp._.js:2431
[ 3027176ms] [LOG] [Fast Refresh] rebuilding @ http://localhost:3000/_next/static/chunks/0o14_next_dist_0245bnp._.js:2431
[ 3027513ms] [LOG] [Fast Refresh] done in 435ms @ http://localhost:3000/_next/static/chunks/0o14_next_dist_0245bnp._.js:2431
[ 3027641ms] [LOG] [Fast Refresh] rebuilding @ http://localhost:3000/_next/static/chunks/0o14_next_dist_0245bnp._.js:2431
[ 3029485ms] [LOG] [Fast Refresh] done in 1960ms @ http://localhost:3000/_next/static/chunks/0o14_next_dist_0245bnp._.js:2431
[ 3029618ms] [LOG] [Fast Refresh] rebuilding @ http://localhost:3000/_next/static/chunks/0o14_next_dist_0245bnp._.js:2431
[ 3030128ms] [LOG] [Fast Refresh] done in 626ms @ http://localhost:3000/_next/static/chunks/0o14_next_dist_0245bnp._.js:2431
[ 3030280ms] [LOG] [Fast Refresh] rebuilding @ http://localhost:3000/_next/static/chunks/0o14_next_dist_0245bnp._.js:2431
[ 3030973ms] [LOG] [Fast Refresh] done in 807ms @ http://localhost:3000/_next/static/chunks/0o14_next_dist_0245bnp._.js:2431
[ 3031141ms] [LOG] [Fast Refresh] rebuilding @ http://localhost:3000/_next/static/chunks/0o14_next_dist_0245bnp._.js:2431
[ 3031226ms] [LOG] [Fast Refresh] done in 191ms @ http://localhost:3000/_next/static/chunks/0o14_next_dist_0245bnp._.js:2431
[ 3064606ms] [LOG] [Fast Refresh] rebuilding @ http://localhost:3000/_next/static/chunks/0o14_next_dist_0245bnp._.js:2431
[ 3065113ms] [LOG] [Fast Refresh] done in 114ms @ http://localhost:3000/_next/static/chunks/0o14_next_dist_0245bnp._.js:2431
[ 3065408ms] [LOG] [Fast Refresh] rebuilding @ http://localhost:3000/_next/static/chunks/0o14_next_dist_0245bnp._.js:2431
[ 3065421ms] [LOG] [Fast Refresh] done in 125ms @ http://localhost:3000/_next/static/chunks/0o14_next_dist_0245bnp._.js:2431
[ 3065526ms] [LOG] [Fast Refresh] rebuilding @ http://localhost:3000/_next/static/chunks/0o14_next_dist_0245bnp._.js:2431
[ 3065545ms] [LOG] [Fast Refresh] done in 123ms @ http://localhost:3000/_next/static/chunks/0o14_next_dist_0245bnp._.js:2431
[ 3066164ms] [LOG] [Fast Refresh] rebuilding @ http://localhost:3000/_next/static/chunks/0o14_next_dist_0245bnp._.js:2431
[ 3066315ms] [LOG] [Fast Refresh] done in 264ms @ http://localhost:3000/_next/static/chunks/0o14_next_dist_0245bnp._.js:2431
[ 3098688ms] [LOG] [Fast Refresh] rebuilding @ http://localhost:3000/_next/static/chunks/0o14_next_dist_0245bnp._.js:2431
[ 3100932ms] [LOG] [Fast Refresh] done in 2346ms @ http://localhost:3000/_next/static/chunks/0o14_next_dist_0245bnp._.js:2431
[ 3103922ms] [LOG] [Fast Refresh] rebuilding @ http://localhost:3000/_next/static/chunks/0o14_next_dist_0245bnp._.js:2431
[ 3103964ms] [LOG] [Fast Refresh] done in 275ms @ http://localhost:3000/_next/static/chunks/0o14_next_dist_0245bnp._.js:2431
[ 3106567ms] [LOG] [Fast Refresh] rebuilding @ http://localhost:3000/_next/static/chunks/0o14_next_dist_0245bnp._.js:2431
[ 3108033ms] [LOG] [Fast Refresh] done in 2458ms @ http://localhost:3000/_next/static/chunks/0o14_next_dist_0245bnp._.js:2431
[ 3169304ms] [LOG] [Fast Refresh] rebuilding @ http://localhost:3000/_next/static/chunks/0o14_next_dist_0245bnp._.js:2431
[ 3169730ms] [LOG] [Fast Refresh] done in 530ms @ http://localhost:3000/_next/static/chunks/0o14_next_dist_0245bnp._.js:2431
[ 3259507ms] [LOG] [Fast Refresh] rebuilding @ http://localhost:3000/_next/static/chunks/0o14_next_dist_0245bnp._.js:2431
[ 3259887ms] [LOG] [Fast Refresh] done in 493ms @ http://localhost:3000/_next/static/chunks/0o14_next_dist_0245bnp._.js:2431
[ 3332424ms] [LOG] [Fast Refresh] rebuilding @ http://localhost:3000/_next/static/chunks/0o14_next_dist_0245bnp._.js:2431
[ 3333113ms] [LOG] [Fast Refresh] done in 789ms @ http://localhost:3000/_next/static/chunks/0o14_next_dist_0245bnp._.js:2431
[ 3449341ms] [LOG] [Fast Refresh] rebuilding @ http://localhost:3000/_next/static/chunks/0o14_next_dist_0245bnp._.js:2431
[ 3449945ms] [LOG] [Fast Refresh] done in 716ms @ http://localhost:3000/_next/static/chunks/0o14_next_dist_0245bnp._.js:2431
[ 3662787ms] [LOG] [Fast Refresh] rebuilding @ http://localhost:3000/_next/static/chunks/0o14_next_dist_0245bnp._.js:2431
[ 3663002ms] [LOG] [Fast Refresh] done in 316ms @ http://localhost:3000/_next/static/chunks/0o14_next_dist_0245bnp._.js:2431
[ 3794730ms] [LOG] [Fast Refresh] rebuilding @ http://localhost:3000/_next/static/chunks/0o14_next_dist_0245bnp._.js:2431
[ 3795038ms] [LOG] [Fast Refresh] done in 411ms @ http://localhost:3000/_next/static/chunks/0o14_next_dist_0245bnp._.js:2431
[ 3795140ms] [LOG] [Fast Refresh] rebuilding @ http://localhost:3000/_next/static/chunks/0o14_next_dist_0245bnp._.js:2431
[ 3795581ms] [LOG] [Fast Refresh] done in 543ms @ http://localhost:3000/_next/static/chunks/0o14_next_dist_0245bnp._.js:2431
[ 3795692ms] [LOG] [Fast Refresh] rebuilding @ http://localhost:3000/_next/static/chunks/0o14_next_dist_0245bnp._.js:2431
[ 3795790ms] [LOG] [Fast Refresh] done in 198ms @ http://localhost:3000/_next/static/chunks/0o14_next_dist_0245bnp._.js:2431
[ 3795910ms] [LOG] [Fast Refresh] rebuilding @ http://localhost:3000/_next/static/chunks/0o14_next_dist_0245bnp._.js:2431
[ 3795974ms] [LOG] [Fast Refresh] done in 164ms @ http://localhost:3000/_next/static/chunks/0o14_next_dist_0245bnp._.js:2431
[ 3796213ms] [LOG] [Fast Refresh] rebuilding @ http://localhost:3000/_next/static/chunks/0o14_next_dist_0245bnp._.js:2431
[ 3796298ms] [LOG] [Fast Refresh] done in 197ms @ http://localhost:3000/_next/static/chunks/0o14_next_dist_0245bnp._.js:2431
[ 3828628ms] [LOG] [Fast Refresh] rebuilding @ http://localhost:3000/_next/static/chunks/0o14_next_dist_0245bnp._.js:2431
[ 3833828ms] [LOG] [Fast Refresh] done in 5231ms @ http://localhost:3000/_next/static/chunks/0o14_next_dist_0245bnp._.js:2431
[ 3839011ms] [LOG] [Fast Refresh] rebuilding @ http://localhost:3000/_next/static/chunks/0o14_next_dist_0245bnp._.js:2431
[ 3839013ms] [LOG] [Fast Refresh] done in 265ms @ http://localhost:3000/_next/static/chunks/0o14_next_dist_0245bnp._.js:2431
[ 3848590ms] [LOG] [Fast Refresh] rebuilding @ http://localhost:3000/_next/static/chunks/0o14_next_dist_0245bnp._.js:2431
[ 3850576ms] [LOG] [Fast Refresh] done in 149ms @ http://localhost:3000/_next/static/chunks/0o14_next_dist_0245bnp._.js:2431
[ 3850770ms] [LOG] [Fast Refresh] rebuilding @ http://localhost:3000/_next/static/chunks/0o14_next_dist_0245bnp._.js:2431
[ 3851808ms] [LOG] [Fast Refresh] done in 1149ms @ http://localhost:3000/_next/static/chunks/0o14_next_dist_0245bnp._.js:2431
[ 3851957ms] [LOG] [Fast Refresh] rebuilding @ http://localhost:3000/_next/static/chunks/0o14_next_dist_0245bnp._.js:2431
[ 3852518ms] [LOG] [Fast Refresh] done in 662ms @ http://localhost:3000/_next/static/chunks/0o14_next_dist_0245bnp._.js:2431
[ 3852639ms] [LOG] [Fast Refresh] rebuilding @ http://localhost:3000/_next/static/chunks/0o14_next_dist_0245bnp._.js:2431
[ 3853031ms] [LOG] [Fast Refresh] done in 512ms @ http://localhost:3000/_next/static/chunks/0o14_next_dist_0245bnp._.js:2431
[ 3853557ms] [LOG] [Fast Refresh] rebuilding @ http://localhost:3000/_next/static/chunks/0o14_next_dist_0245bnp._.js:2431
[ 3853798ms] [LOG] [Fast Refresh] done in 354ms @ http://localhost:3000/_next/static/chunks/0o14_next_dist_0245bnp._.js:2431
[ 3854001ms] [LOG] [Fast Refresh] rebuilding @ http://localhost:3000/_next/static/chunks/0o14_next_dist_0245bnp._.js:2431
[ 3854742ms] [LOG] [Fast Refresh] done in 849ms @ http://localhost:3000/_next/static/chunks/0o14_next_dist_0245bnp._.js:2431
[ 3877437ms] [LOG] [Fast Refresh] rebuilding @ http://localhost:3000/_next/static/chunks/0o14_next_dist_0245bnp._.js:2431
[ 3879908ms] [LOG] [Fast Refresh] done in 358ms @ http://localhost:3000/_next/static/chunks/0o14_next_dist_0245bnp._.js:2431
[ 3880199ms] [LOG] [Fast Refresh] rebuilding @ http://localhost:3000/_next/static/chunks/0o14_next_dist_0245bnp._.js:2431
[ 3881131ms] [LOG] [Fast Refresh] done in 1059ms @ http://localhost:3000/_next/static/chunks/0o14_next_dist_0245bnp._.js:2431
[ 3883030ms] [LOG] [Fast Refresh] rebuilding @ http://localhost:3000/_next/static/chunks/0o14_next_dist_0245bnp._.js:2431
[ 3883189ms] [LOG] [Fast Refresh] done in 351ms @ http://localhost:3000/_next/static/chunks/0o14_next_dist_0245bnp._.js:2431
[ 3916381ms] [LOG] [Fast Refresh] rebuilding @ http://localhost:3000/_next/static/chunks/0o14_next_dist_0245bnp._.js:2431
[ 3917573ms] [LOG] [Fast Refresh] done in 170ms @ http://localhost:3000/_next/static/chunks/0o14_next_dist_0245bnp._.js:2431
[ 3917728ms] [LOG] [Fast Refresh] rebuilding @ http://localhost:3000/_next/static/chunks/0o14_next_dist_0245bnp._.js:2431
[ 3918203ms] [LOG] [Fast Refresh] done in 588ms @ http://localhost:3000/_next/static/chunks/0o14_next_dist_0245bnp._.js:2431
[ 3918315ms] [LOG] [Fast Refresh] rebuilding @ http://localhost:3000/_next/static/chunks/0o14_next_dist_0245bnp._.js:2431
[ 3918364ms] [LOG] [Fast Refresh] done in 160ms @ http://localhost:3000/_next/static/chunks/0o14_next_dist_0245bnp._.js:2431
[ 3918499ms] [LOG] [Fast Refresh] rebuilding @ http://localhost:3000/_next/static/chunks/0o14_next_dist_0245bnp._.js:2431
[ 3919219ms] [LOG] [Fast Refresh] done in 821ms @ http://localhost:3000/_next/static/chunks/0o14_next_dist_0245bnp._.js:2431
[ 3919409ms] [LOG] [Fast Refresh] rebuilding @ http://localhost:3000/_next/static/chunks/0o14_next_dist_0245bnp._.js:2431
[ 3919541ms] [LOG] [Fast Refresh] done in 236ms @ http://localhost:3000/_next/static/chunks/0o14_next_dist_0245bnp._.js:2431
[ 3919796ms] [LOG] [Fast Refresh] rebuilding @ http://localhost:3000/_next/static/chunks/0o14_next_dist_0245bnp._.js:2431
[ 3919925ms] [LOG] [Fast Refresh] done in 244ms @ http://localhost:3000/_next/static/chunks/0o14_next_dist_0245bnp._.js:2431
[ 3920180ms] [LOG] [Fast Refresh] rebuilding @ http://localhost:3000/_next/static/chunks/0o14_next_dist_0245bnp._.js:2431
[ 3920291ms] [LOG] [Fast Refresh] done in 215ms @ http://localhost:3000/_next/static/chunks/0o14_next_dist_0245bnp._.js:2431
