[     116ms] [LOG] [Fast Refresh] rebuilding @ http://localhost:3000/_next/static/chunks/0ip4_next_dist_0ccwfps._.js:2431
[     773ms] [LOG] [Fast Refresh] done in 759ms @ http://localhost:3000/_next/static/chunks/0ip4_next_dist_0ccwfps._.js:2431
[     942ms] [INFO] %cDownload the React DevTools for a better development experience: https://react.dev/link/react-devtools font-weight:bold @ http://localhost:3000/_next/static/chunks/0ip4_next_dist_0ccwfps._.js:2431
[    1016ms] [LOG] [HMR] connected @ http://localhost:3000/_next/static/chunks/0ip4_next_dist_0ccwfps._.js:2431
[    1945ms] [LOG] [Fast Refresh] rebuilding @ http://localhost:3000/_next/static/chunks/0ip4_next_dist_0ccwfps._.js:2431
[    2824ms] [LOG] [Fast Refresh] done in 992ms @ http://localhost:3000/_next/static/chunks/0ip4_next_dist_0ccwfps._.js:2431
[   12933ms] [LOG] [Fast Refresh] rebuilding @ http://localhost:3000/_next/static/chunks/0ip4_next_dist_0ccwfps._.js:2431
[   13679ms] [LOG] [Fast Refresh] done in 857ms @ http://localhost:3000/_next/static/chunks/0ip4_next_dist_0ccwfps._.js:2431
[   39329ms] [LOG] [Fast Refresh] rebuilding @ http://localhost:3000/_next/static/chunks/0ip4_next_dist_0ccwfps._.js:2431
[   40016ms] [LOG] [Fast Refresh] done in 798ms @ http://localhost:3000/_next/static/chunks/0ip4_next_dist_0ccwfps._.js:2431
[   64298ms] [LOG] [Fast Refresh] rebuilding @ http://localhost:3000/_next/static/chunks/0ip4_next_dist_0ccwfps._.js:2431
[   68405ms] [LOG] [Fast Refresh] done in 4177ms @ http://localhost:3000/_next/static/chunks/0ip4_next_dist_0ccwfps._.js:2431
[   68607ms] [LOG] [Fast Refresh] rebuilding @ http://localhost:3000/_next/static/chunks/0ip4_next_dist_0ccwfps._.js:2431
[   74612ms] [LOG] [Fast Refresh] done in 6113ms @ http://localhost:3000/_next/static/chunks/0ip4_next_dist_0ccwfps._.js:2431
[   74902ms] [LOG] [Fast Refresh] rebuilding @ http://localhost:3000/_next/static/chunks/0ip4_next_dist_0ccwfps._.js:2431
[   75275ms] [LOG] [Fast Refresh] done in 482ms @ http://localhost:3000/_next/static/chunks/0ip4_next_dist_0ccwfps._.js:2431
[   75413ms] [LOG] [Fast Refresh] rebuilding @ http://localhost:3000/_next/static/chunks/0ip4_next_dist_0ccwfps._.js:2431
[   75902ms] [LOG] [Fast Refresh] done in 595ms @ http://localhost:3000/_next/static/chunks/0ip4_next_dist_0ccwfps._.js:2431
[   76174ms] [LOG] [Fast Refresh] rebuilding @ http://localhost:3000/_next/static/chunks/0ip4_next_dist_0ccwfps._.js:2431
[   76180ms] [LOG] [Fast Refresh] done in 113ms @ http://localhost:3000/_next/static/chunks/0ip4_next_dist_0ccwfps._.js:2431
[   76766ms] [LOG] [Fast Refresh] rebuilding @ http://localhost:3000/_next/static/chunks/0ip4_next_dist_0ccwfps._.js:2431
[   76789ms] [LOG] [Fast Refresh] done in 125ms @ http://localhost:3000/_next/static/chunks/0ip4_next_dist_0ccwfps._.js:2431
[   76894ms] [LOG] [Fast Refresh] rebuilding @ http://localhost:3000/_next/static/chunks/0ip4_next_dist_0ccwfps._.js:2431
[   76917ms] [LOG] [Fast Refresh] done in 121ms @ http://localhost:3000/_next/static/chunks/0ip4_next_dist_0ccwfps._.js:2431
[  157588ms] [LOG] [Fast Refresh] rebuilding @ http://localhost:3000/_next/static/chunks/0ip4_next_dist_0ccwfps._.js:2431
[  158247ms] [LOG] [Fast Refresh] done in 770ms @ http://localhost:3000/_next/static/chunks/0ip4_next_dist_0ccwfps._.js:2431
[  159193ms] [LOG] [Fast Refresh] rebuilding @ http://localhost:3000/_next/static/chunks/0ip4_next_dist_0ccwfps._.js:2431
[  159319ms] [LOG] [Fast Refresh] done in 240ms @ http://localhost:3000/_next/static/chunks/0ip4_next_dist_0ccwfps._.js:2431
[  160915ms] [LOG] [Fast Refresh] rebuilding @ http://localhost:3000/_next/static/chunks/0ip4_next_dist_0ccwfps._.js:2431
[  161062ms] [LOG] [Fast Refresh] done in 245ms @ http://localhost:3000/_next/static/chunks/0ip4_next_dist_0ccwfps._.js:2431
[  197436ms] [LOG] [Fast Refresh] rebuilding @ http://localhost:3000/_next/static/chunks/0ip4_next_dist_0ccwfps._.js:2431
[  197463ms] [LOG] [Fast Refresh] done in 129ms @ http://localhost:3000/_next/static/chunks/0ip4_next_dist_0ccwfps._.js:2431
[  198288ms] [LOG] [Fast Refresh] rebuilding @ http://localhost:3000/_next/static/chunks/0ip4_next_dist_0ccwfps._.js:2431
[  198330ms] [LOG] [Fast Refresh] done in 146ms @ http://localhost:3000/_next/static/chunks/0ip4_next_dist_0ccwfps._.js:2431
[  224997ms] [LOG] [Fast Refresh] rebuilding @ http://localhost:3000/_next/static/chunks/0ip4_next_dist_0ccwfps._.js:2431
[  225270ms] [LOG] [Fast Refresh] done in 384ms @ http://localhost:3000/_next/static/chunks/0ip4_next_dist_0ccwfps._.js:2431
[  337227ms] [LOG] [Fast Refresh] rebuilding @ http://localhost:3000/_next/static/chunks/0ip4_next_dist_0ccwfps._.js:2431
[  337325ms] [LOG] [Fast Refresh] done in 208ms @ http://localhost:3000/_next/static/chunks/0ip4_next_dist_0ccwfps._.js:2431
[  409090ms] [LOG] [Fast Refresh] rebuilding @ http://localhost:3000/_next/static/chunks/0ip4_next_dist_0ccwfps._.js:2431
[  414017ms] [LOG] [Fast Refresh] done in 4338ms @ http://localhost:3000/_next/static/chunks/0ip4_next_dist_0ccwfps._.js:2431
[  414121ms] [LOG] [Fast Refresh] rebuilding @ http://localhost:3000/_next/static/chunks/0ip4_next_dist_0ccwfps._.js:2431
[  420276ms] [LOG] [Fast Refresh] done in 6257ms @ http://localhost:3000/_next/static/chunks/0ip4_next_dist_0ccwfps._.js:2431
[  432536ms] [LOG] [Fast Refresh] rebuilding @ http://localhost:3000/_next/static/chunks/0ip4_next_dist_0ccwfps._.js:2431
[  434158ms] [LOG] [Fast Refresh] done in 1722ms @ http://localhost:3000/_next/static/chunks/0ip4_next_dist_0ccwfps._.js:2431
[  435179ms] [LOG] [Fast Refresh] rebuilding @ http://localhost:3000/_next/static/chunks/0ip4_next_dist_0ccwfps._.js:2431
[  435274ms] [LOG] [Fast Refresh] done in 196ms @ http://localhost:3000/_next/static/chunks/0ip4_next_dist_0ccwfps._.js:2431
[  435402ms] [LOG] [Fast Refresh] rebuilding @ http://localhost:3000/_next/static/chunks/0ip4_next_dist_0ccwfps._.js:2431
[  435800ms] [LOG] [Fast Refresh] done in 509ms @ http://localhost:3000/_next/static/chunks/0ip4_next_dist_0ccwfps._.js:2431
[  435974ms] [LOG] [Fast Refresh] rebuilding @ http://localhost:3000/_next/static/chunks/0ip4_next_dist_0ccwfps._.js:2431
[  436407ms] [LOG] [Fast Refresh] done in 548ms @ http://localhost:3000/_next/static/chunks/0ip4_next_dist_0ccwfps._.js:2431
[  436815ms] [LOG] [Fast Refresh] rebuilding @ http://localhost:3000/_next/static/chunks/0ip4_next_dist_0ccwfps._.js:2431
[  436833ms] [LOG] [Fast Refresh] done in 225ms @ http://localhost:3000/_next/static/chunks/0ip4_next_dist_0ccwfps._.js:2431
[  437021ms] [LOG] [Fast Refresh] rebuilding @ http://localhost:3000/_next/static/chunks/0ip4_next_dist_0ccwfps._.js:2431
[  437562ms] [LOG] [Fast Refresh] done in 717ms @ http://localhost:3000/_next/static/chunks/0ip4_next_dist_0ccwfps._.js:2431
[  439166ms] [LOG] [Fast Refresh] rebuilding @ http://localhost:3000/_next/static/chunks/0ip4_next_dist_0ccwfps._.js:2431
[  440657ms] [LOG] [Fast Refresh] done in 1811ms @ http://localhost:3000/_next/static/chunks/0ip4_next_dist_0ccwfps._.js:2431
[  441500ms] [LOG] [Fast Refresh] rebuilding @ http://localhost:3000/_next/static/chunks/0ip4_next_dist_0ccwfps._.js:2431
[  442378ms] [LOG] [Fast Refresh] done in 994ms @ http://localhost:3000/_next/static/chunks/0ip4_next_dist_0ccwfps._.js:2431
[  444308ms] [LOG] [Fast Refresh] rebuilding @ http://localhost:3000/_next/static/chunks/0ip4_next_dist_0ccwfps._.js:2431
[  444669ms] [LOG] [Fast Refresh] done in 470ms @ http://localhost:3000/_next/static/chunks/0ip4_next_dist_0ccwfps._.js:2431
[  444855ms] [LOG] [Fast Refresh] rebuilding @ http://localhost:3000/_next/static/chunks/0ip4_next_dist_0ccwfps._.js:2431
[  445238ms] [LOG] [Fast Refresh] done in 518ms @ http://localhost:3000/_next/static/chunks/0ip4_next_dist_0ccwfps._.js:2431
[  445405ms] [LOG] [Fast Refresh] rebuilding @ http://localhost:3000/_next/static/chunks/0ip4_next_dist_0ccwfps._.js:2431
[  445736ms] [LOG] [Fast Refresh] done in 446ms @ http://localhost:3000/_next/static/chunks/0ip4_next_dist_0ccwfps._.js:2431
[  445956ms] [LOG] [Fast Refresh] rebuilding @ http://localhost:3000/_next/static/chunks/0ip4_next_dist_0ccwfps._.js:2431
[  446166ms] [LOG] [Fast Refresh] done in 381ms @ http://localhost:3000/_next/static/chunks/0ip4_next_dist_0ccwfps._.js:2431
[  481319ms] [LOG] [Fast Refresh] rebuilding @ http://localhost:3000/_next/static/chunks/0ip4_next_dist_0ccwfps._.js:2431
[  481321ms] [LOG] [Fast Refresh] done in 114ms @ http://localhost:3000/_next/static/chunks/0ip4_next_dist_0ccwfps._.js:2431
[  497223ms] [LOG] [Fast Refresh] rebuilding @ http://localhost:3000/_next/static/chunks/0ip4_next_dist_0ccwfps._.js:2431
[  497441ms] [LOG] [Fast Refresh] done in 328ms @ http://localhost:3000/_next/static/chunks/0ip4_next_dist_0ccwfps._.js:2431
[  497810ms] [LOG] [Fast Refresh] rebuilding @ http://localhost:3000/_next/static/chunks/0ip4_next_dist_0ccwfps._.js:2431
[  497949ms] [LOG] [Fast Refresh] done in 241ms @ http://localhost:3000/_next/static/chunks/0ip4_next_dist_0ccwfps._.js:2431
[  498117ms] [LOG] [Fast Refresh] rebuilding @ http://localhost:3000/_next/static/chunks/0ip4_next_dist_0ccwfps._.js:2431
[  498256ms] [LOG] [Fast Refresh] done in 242ms @ http://localhost:3000/_next/static/chunks/0ip4_next_dist_0ccwfps._.js:2431
[  533357ms] [LOG] [Fast Refresh] rebuilding @ http://localhost:3000/_next/static/chunks/0ip4_next_dist_0ccwfps._.js:2431
[  533736ms] [LOG] [Fast Refresh] done in 495ms @ http://localhost:3000/_next/static/chunks/0ip4_next_dist_0ccwfps._.js:2431
[  535324ms] [LOG] [Fast Refresh] rebuilding @ http://localhost:3000/_next/static/chunks/0ip4_next_dist_0ccwfps._.js:2431
[  535973ms] [LOG] [Fast Refresh] done in 763ms @ http://localhost:3000/_next/static/chunks/0ip4_next_dist_0ccwfps._.js:2431
[  705482ms] [LOG] [Fast Refresh] rebuilding @ http://localhost:3000/_next/static/chunks/0ip4_next_dist_0ccwfps._.js:2431
[  706019ms] [LOG] [Fast Refresh] done in 645ms @ http://localhost:3000/_next/static/chunks/0ip4_next_dist_0ccwfps._.js:2431
[  793346ms] [LOG] [Fast Refresh] rebuilding @ http://localhost:3000/_next/static/chunks/0ip4_next_dist_0ccwfps._.js:2431
[  793408ms] [LOG] [Fast Refresh] done in 172ms @ http://localhost:3000/_next/static/chunks/0ip4_next_dist_0ccwfps._.js:2431
[ 1063386ms] [LOG] [Fast Refresh] rebuilding @ http://localhost:3000/_next/static/chunks/0ip4_next_dist_0ccwfps._.js:2431
[ 1063633ms] [LOG] [Fast Refresh] done in 357ms @ http://localhost:3000/_next/static/chunks/0ip4_next_dist_0ccwfps._.js:2431
[ 1063741ms] [LOG] [Fast Refresh] rebuilding @ http://localhost:3000/_next/static/chunks/0ip4_next_dist_0ccwfps._.js:2431
[ 1063752ms] [LOG] [Fast Refresh] done in 116ms @ http://localhost:3000/_next/static/chunks/0ip4_next_dist_0ccwfps._.js:2431
[ 1064645ms] [LOG] [Fast Refresh] rebuilding @ http://localhost:3000/_next/static/chunks/0ip4_next_dist_0ccwfps._.js:2431
[ 1064749ms] [LOG] [Fast Refresh] done in 213ms @ http://localhost:3000/_next/static/chunks/0ip4_next_dist_0ccwfps._.js:2431
[ 1064861ms] [LOG] [Fast Refresh] rebuilding @ http://localhost:3000/_next/static/chunks/0ip4_next_dist_0ccwfps._.js:2431
[ 1064866ms] [LOG] [Fast Refresh] done in 107ms @ http://localhost:3000/_next/static/chunks/0ip4_next_dist_0ccwfps._.js:2431
[ 1087309ms] [LOG] [Fast Refresh] rebuilding @ http://localhost:3000/_next/static/chunks/0ip4_next_dist_0ccwfps._.js:2431
[ 1087424ms] [LOG] [Fast Refresh] done in 229ms @ http://localhost:3000/_next/static/chunks/0ip4_next_dist_0ccwfps._.js:2431
[ 1230634ms] [LOG] [Fast Refresh] rebuilding @ http://localhost:3000/_next/static/chunks/0ip4_next_dist_0ccwfps._.js:2431
[ 1230651ms] [LOG] [Fast Refresh] done in 126ms @ http://localhost:3000/_next/static/chunks/0ip4_next_dist_0ccwfps._.js:2431
[ 1321582ms] [ERROR] WebSocket connection to 'ws://localhost:3000/_next/webpack-hmr?id=qlKf0cFsFQJr_AVP6TQpy' failed: Error in connection establishment: net::ERR_CONNECTION_REFUSED @ http://localhost:3000/_next/static/chunks/0ip4_next_dist_client_0t5wiib._.js:13299
[ 1324961ms] [ERROR] WebSocket connection to 'ws://localhost:3000/_next/webpack-hmr?id=qlKf0cFsFQJr_AVP6TQpy' failed: Error in connection establishment: net::ERR_CONNECTION_REFUSED @ http://localhost:3000/_next/static/chunks/0ip4_next_dist_client_0t5wiib._.js:13299
[ 1328309ms] [ERROR] WebSocket connection to 'ws://localhost:3000/_next/webpack-hmr?id=qlKf0cFsFQJr_AVP6TQpy' failed: Error in connection establishment: net::ERR_CONNECTION_REFUSED @ http://localhost:3000/_next/static/chunks/0ip4_next_dist_client_0t5wiib._.js:13299
[ 1331659ms] [ERROR] WebSocket connection to 'ws://localhost:3000/_next/webpack-hmr?id=qlKf0cFsFQJr_AVP6TQpy' failed: Error in connection establishment: net::ERR_CONNECTION_REFUSED @ http://localhost:3000/_next/static/chunks/0ip4_next_dist_client_0t5wiib._.js:13299
[ 1335010ms] [ERROR] WebSocket connection to 'ws://localhost:3000/_next/webpack-hmr?id=qlKf0cFsFQJr_AVP6TQpy' failed: Error in connection establishment: net::ERR_CONNECTION_REFUSED @ http://localhost:3000/_next/static/chunks/0ip4_next_dist_client_0t5wiib._.js:13299
[ 1342361ms] [ERROR] WebSocket connection to 'ws://localhost:3000/_next/webpack-hmr?id=qlKf0cFsFQJr_AVP6TQpy' failed: Error in connection establishment: net::ERR_CONNECTION_REFUSED @ http://localhost:3000/_next/static/chunks/0ip4_next_dist_client_0t5wiib._.js:13299
[ 1348038ms] [LOG] [HMR] connected @ http://localhost:3000/_next/static/chunks/0ip4_next_dist_0ccwfps._.js:2431
[ 1357742ms] [INFO] %cDownload the React DevTools for a better development experience: https://react.dev/link/react-devtools font-weight:bold @ http://localhost:3000/_next/static/chunks/0o14_next_dist_0245bnp._.js:2431
[ 1358403ms] [LOG] [HMR] connected @ http://localhost:3000/_next/static/chunks/0o14_next_dist_0245bnp._.js:2431
[ 1363028ms] [LOG] [Fast Refresh] rebuilding @ http://localhost:3000/_next/static/chunks/0o14_next_dist_0245bnp._.js:2431
[ 1363349ms] [LOG] [Fast Refresh] done in 427ms @ http://localhost:3000/_next/static/chunks/0o14_next_dist_0245bnp._.js:2431
[ 1363669ms] [LOG] [Fast Refresh] rebuilding @ http://localhost:3000/_next/static/chunks/0o14_next_dist_0245bnp._.js:2431
[ 1363978ms] [LOG] [Fast Refresh] done in 423ms @ http://localhost:3000/_next/static/chunks/0o14_next_dist_0245bnp._.js:2431
[ 1378715ms] [LOG] [Fast Refresh] rebuilding @ http://localhost:3000/_next/static/chunks/0o14_next_dist_0245bnp._.js:2431
[ 1378900ms] [LOG] [Fast Refresh] done in 300ms @ http://localhost:3000/_next/static/chunks/0o14_next_dist_0245bnp._.js:2431
[ 1379500ms] [LOG] [Fast Refresh] rebuilding @ http://localhost:3000/_next/static/chunks/0o14_next_dist_0245bnp._.js:2431
[ 1379539ms] [LOG] [Fast Refresh] done in 151ms @ http://localhost:3000/_next/static/chunks/0o14_next_dist_0245bnp._.js:2431
[ 1380322ms] [LOG] [Fast Refresh] rebuilding @ http://localhost:3000/_next/static/chunks/0o14_next_dist_0245bnp._.js:2431
[ 1380541ms] [LOG] [Fast Refresh] done in 323ms @ http://localhost:3000/_next/static/chunks/0o14_next_dist_0245bnp._.js:2431
[ 1404148ms] [LOG] [Fast Refresh] rebuilding @ http://localhost:3000/_next/static/chunks/0o14_next_dist_0245bnp._.js:2431
[ 1404267ms] [LOG] [Fast Refresh] done in 230ms @ http://localhost:3000/_next/static/chunks/0o14_next_dist_0245bnp._.js:2431
[ 1432098ms] [LOG] [Fast Refresh] rebuilding @ http://localhost:3000/_next/static/chunks/0o14_next_dist_0245bnp._.js:2431
[ 1432130ms] [LOG] [Fast Refresh] done in 137ms @ http://localhost:3000/_next/static/chunks/0o14_next_dist_0245bnp._.js:2431
[ 1862678ms] [LOG] [Fast Refresh] rebuilding @ http://localhost:3000/_next/static/chunks/0o14_next_dist_0245bnp._.js:2431
[ 1862811ms] [LOG] [Fast Refresh] done in 237ms @ http://localhost:3000/_next/static/chunks/0o14_next_dist_0245bnp._.js:2431
[ 2130363ms] [LOG] [Fast Refresh] rebuilding @ http://localhost:3000/_next/static/chunks/0o14_next_dist_0245bnp._.js:2431
[ 2130980ms] [LOG] [Fast Refresh] done in 734ms @ http://localhost:3000/_next/static/chunks/0o14_next_dist_0245bnp._.js:2431
[ 2216769ms] [LOG] [Fast Refresh] rebuilding @ http://localhost:3000/_next/static/chunks/0o14_next_dist_0245bnp._.js:2431
[ 2217130ms] [LOG] [Fast Refresh] done in 464ms @ http://localhost:3000/_next/static/chunks/0o14_next_dist_0245bnp._.js:2431
[ 2287342ms] [LOG] [Fast Refresh] rebuilding @ http://localhost:3000/_next/static/chunks/0o14_next_dist_0245bnp._.js:2431
[ 2287443ms] [LOG] [Fast Refresh] done in 215ms @ http://localhost:3000/_next/static/chunks/0o14_next_dist_0245bnp._.js:2431
[ 2412433ms] [LOG] [Fast Refresh] rebuilding @ http://localhost:3000/_next/static/chunks/0o14_next_dist_0245bnp._.js:2431
[ 2414194ms] [LOG] [Fast Refresh] done in 769ms @ http://localhost:3000/_next/static/chunks/0o14_next_dist_0245bnp._.js:2431
[ 2414433ms] [LOG] [Fast Refresh] rebuilding @ http://localhost:3000/_next/static/chunks/0o14_next_dist_0245bnp._.js:2431
[ 2415769ms] [LOG] [Fast Refresh] done in 1442ms @ http://localhost:3000/_next/static/chunks/0o14_next_dist_0245bnp._.js:2431
[ 2415918ms] [LOG] [Fast Refresh] rebuilding @ http://localhost:3000/_next/static/chunks/0o14_next_dist_0245bnp._.js:2431
[ 2416009ms] [LOG] [Fast Refresh] done in 193ms @ http://localhost:3000/_next/static/chunks/0o14_next_dist_0245bnp._.js:2431
[ 2416123ms] [LOG] [Fast Refresh] rebuilding @ http://localhost:3000/_next/static/chunks/0o14_next_dist_0245bnp._.js:2431
[ 2416473ms] [LOG] [Fast Refresh] done in 460ms @ http://localhost:3000/_next/static/chunks/0o14_next_dist_0245bnp._.js:2431
[ 2416672ms] [LOG] [Fast Refresh] rebuilding @ http://localhost:3000/_next/static/chunks/0o14_next_dist_0245bnp._.js:2431
[ 2416718ms] [LOG] [Fast Refresh] done in 161ms @ http://localhost:3000/_next/static/chunks/0o14_next_dist_0245bnp._.js:2431
[ 2417047ms] [LOG] [Fast Refresh] rebuilding @ http://localhost:3000/_next/static/chunks/0o14_next_dist_0245bnp._.js:2431
[ 2417500ms] [LOG] [Fast Refresh] done in 776ms @ http://localhost:3000/_next/static/chunks/0o14_next_dist_0245bnp._.js:2431
[ 2418243ms] [LOG] [Fast Refresh] rebuilding @ http://localhost:3000/_next/static/chunks/0o14_next_dist_0245bnp._.js:2431
[ 2419390ms] [LOG] [Fast Refresh] done in 1257ms @ http://localhost:3000/_next/static/chunks/0o14_next_dist_0245bnp._.js:2431
[ 2451838ms] [LOG] [Fast Refresh] rebuilding @ http://localhost:3000/_next/static/chunks/0o14_next_dist_0245bnp._.js:2431
[ 2452463ms] [LOG] [Fast Refresh] done in 157ms @ http://localhost:3000/_next/static/chunks/0o14_next_dist_0245bnp._.js:2431
[ 2452629ms] [LOG] [Fast Refresh] rebuilding @ http://localhost:3000/_next/static/chunks/0o14_next_dist_0245bnp._.js:2431
[ 2452631ms] [LOG] [Fast Refresh] done in 115ms @ http://localhost:3000/_next/static/chunks/0o14_next_dist_0245bnp._.js:2431
[ 2452757ms] [LOG] [Fast Refresh] rebuilding @ http://localhost:3000/_next/static/chunks/0o14_next_dist_0245bnp._.js:2431
[ 2452758ms] [LOG] [Fast Refresh] done in 111ms @ http://localhost:3000/_next/static/chunks/0o14_next_dist_0245bnp._.js:2431
[ 2453015ms] [LOG] [Fast Refresh] rebuilding @ http://localhost:3000/_next/static/chunks/0o14_next_dist_0245bnp._.js:2431
[ 2453038ms] [LOG] [Fast Refresh] done in 136ms @ http://localhost:3000/_next/static/chunks/0o14_next_dist_0245bnp._.js:2431
[ 2473624ms] [LOG] [Fast Refresh] rebuilding @ http://localhost:3000/_next/static/chunks/0o14_next_dist_0245bnp._.js:2431
[ 2474255ms] [LOG] [Fast Refresh] done in 113ms @ http://localhost:3000/_next/static/chunks/0o14_next_dist_0245bnp._.js:2431
[ 2474371ms] [LOG] [Fast Refresh] rebuilding @ http://localhost:3000/_next/static/chunks/0o14_next_dist_0245bnp._.js:2431
[ 2474418ms] [LOG] [Fast Refresh] done in 152ms @ http://localhost:3000/_next/static/chunks/0o14_next_dist_0245bnp._.js:2431
[ 2474604ms] [LOG] [Fast Refresh] rebuilding @ http://localhost:3000/_next/static/chunks/0o14_next_dist_0245bnp._.js:2431
[ 2474675ms] [LOG] [Fast Refresh] done in 183ms @ http://localhost:3000/_next/static/chunks/0o14_next_dist_0245bnp._.js:2431
[ 2474897ms] [LOG] [Fast Refresh] rebuilding @ http://localhost:3000/_next/static/chunks/0o14_next_dist_0245bnp._.js:2431
[ 2474908ms] [LOG] [Fast Refresh] done in 120ms @ http://localhost:3000/_next/static/chunks/0o14_next_dist_0245bnp._.js:2431
[ 2491010ms] [LOG] [Fast Refresh] rebuilding @ http://localhost:3000/_next/static/chunks/0o14_next_dist_0245bnp._.js:2431
[ 2491278ms] [LOG] [Fast Refresh] done in 316ms @ http://localhost:3000/_next/static/chunks/0o14_next_dist_0245bnp._.js:2431
[ 2491441ms] [LOG] [Fast Refresh] rebuilding @ http://localhost:3000/_next/static/chunks/0o14_next_dist_0245bnp._.js:2431
[ 2494695ms] [LOG] [Fast Refresh] done in 3358ms @ http://localhost:3000/_next/static/chunks/0o14_next_dist_0245bnp._.js:2431
[ 2494826ms] [LOG] [Fast Refresh] rebuilding @ http://localhost:3000/_next/static/chunks/0o14_next_dist_0245bnp._.js:2431
[ 2495386ms] [LOG] [Fast Refresh] done in 671ms @ http://localhost:3000/_next/static/chunks/0o14_next_dist_0245bnp._.js:2431
[ 2495812ms] [LOG] [Fast Refresh] rebuilding @ http://localhost:3000/_next/static/chunks/0o14_next_dist_0245bnp._.js:2431
[ 2497131ms] [LOG] [Fast Refresh] done in 1428ms @ http://localhost:3000/_next/static/chunks/0o14_next_dist_0245bnp._.js:2431
[ 2497316ms] [LOG] [Fast Refresh] rebuilding @ http://localhost:3000/_next/static/chunks/0o14_next_dist_0245bnp._.js:2431
[ 2497416ms] [LOG] [Fast Refresh] done in 214ms @ http://localhost:3000/_next/static/chunks/0o14_next_dist_0245bnp._.js:2431
[ 2497684ms] [LOG] [Fast Refresh] rebuilding @ http://localhost:3000/_next/static/chunks/0o14_next_dist_0245bnp._.js:2431
[ 2497784ms] [LOG] [Fast Refresh] done in 213ms @ http://localhost:3000/_next/static/chunks/0o14_next_dist_0245bnp._.js:2431
[ 2498025ms] [LOG] [Fast Refresh] rebuilding @ http://localhost:3000/_next/static/chunks/0o14_next_dist_0245bnp._.js:2431
[ 2498234ms] [LOG] [Fast Refresh] done in 315ms @ http://localhost:3000/_next/static/chunks/0o14_next_dist_0245bnp._.js:2431
[ 2535255ms] [LOG] [Fast Refresh] rebuilding @ http://localhost:3000/_next/static/chunks/0o14_next_dist_0245bnp._.js:2431
[ 2536509ms] [LOG] [Fast Refresh] done in 1360ms @ http://localhost:3000/_next/static/chunks/0o14_next_dist_0245bnp._.js:2431
[ 2537492ms] [LOG] [Fast Refresh] rebuilding @ http://localhost:3000/_next/static/chunks/0o14_next_dist_0245bnp._.js:2431
[ 2537589ms] [LOG] [Fast Refresh] done in 200ms @ http://localhost:3000/_next/static/chunks/0o14_next_dist_0245bnp._.js:2431
[ 2538345ms] [LOG] [Fast Refresh] rebuilding @ http://localhost:3000/_next/static/chunks/0o14_next_dist_0245bnp._.js:2431
[ 2538440ms] [LOG] [Fast Refresh] done in 200ms @ http://localhost:3000/_next/static/chunks/0o14_next_dist_0245bnp._.js:2431
[ 2551045ms] [LOG] [Fast Refresh] rebuilding @ http://localhost:3000/_next/static/chunks/0o14_next_dist_0245bnp._.js:2431
[ 2551113ms] [LOG] [Fast Refresh] done in 184ms @ http://localhost:3000/_next/static/chunks/0o14_next_dist_0245bnp._.js:2431
[ 2594521ms] [LOG] [Fast Refresh] rebuilding @ http://localhost:3000/_next/static/chunks/0o14_next_dist_0245bnp._.js:2431
[ 2594538ms] [LOG] [Fast Refresh] done in 122ms @ http://localhost:3000/_next/static/chunks/0o14_next_dist_0245bnp._.js:2431
[ 2690754ms] [LOG] [Fast Refresh] rebuilding @ http://localhost:3000/_next/static/chunks/0o14_next_dist_0245bnp._.js:2431
[ 2690861ms] [LOG] [Fast Refresh] done in 214ms @ http://localhost:3000/_next/static/chunks/0o14_next_dist_0245bnp._.js:2431
[ 2745346ms] [LOG] [Fast Refresh] rebuilding @ http://localhost:3000/_next/static/chunks/0o14_next_dist_0245bnp._.js:2431
[ 2745412ms] [LOG] [Fast Refresh] done in 184ms @ http://localhost:3000/_next/static/chunks/0o14_next_dist_0245bnp._.js:2431
[ 2785261ms] [LOG] [Fast Refresh] rebuilding @ http://localhost:3000/_next/static/chunks/0o14_next_dist_0245bnp._.js:2431
[ 2785623ms] [LOG] [Fast Refresh] done in 467ms @ http://localhost:3000/_next/static/chunks/0o14_next_dist_0245bnp._.js:2431
[ 2799765ms] [LOG] [Fast Refresh] rebuilding @ http://localhost:3000/_next/static/chunks/0o14_next_dist_0245bnp._.js:2431
[ 2800161ms] [LOG] [Fast Refresh] done in 508ms @ http://localhost:3000/_next/static/chunks/0o14_next_dist_0245bnp._.js:2431
