[     131ms] [LOG] [Fast Refresh] rebuilding @ http://localhost:3000/_next/static/chunks/0ip4_next_dist_0ccwfps._.js:2431
[    1289ms] [LOG] [Fast Refresh] done in 1269ms @ http://localhost:3000/_next/static/chunks/0ip4_next_dist_0ccwfps._.js:2431
[    1652ms] [INFO] %cDownload the React DevTools for a better development experience: https://react.dev/link/react-devtools font-weight:bold @ http://localhost:3000/_next/static/chunks/0ip4_next_dist_0ccwfps._.js:2431
[    1766ms] [LOG] [HMR] connected @ http://localhost:3000/_next/static/chunks/0ip4_next_dist_0ccwfps._.js:2431
[    2661ms] [WARNING] Image with src "/images/gallery/event-photography/001-events-photos-1kpj-63.webp" has "fill" and parent element with invalid "position". Provided "static" should be one of absolute,fixed,relative. @ http://localhost:3000/_next/static/chunks/0ip4_next_dist_0ccwfps._.js:2431
[    2662ms] [WARNING] Image with src "/images/gallery/event-photography/002-events-photos-1kpj-70.webp" has "fill" and parent element with invalid "position". Provided "static" should be one of absolute,fixed,relative. @ http://localhost:3000/_next/static/chunks/0ip4_next_dist_0ccwfps._.js:2431
[    2662ms] [WARNING] Image with src "/images/gallery/event-photography/003-events-photos-1stqr-214.webp" has "fill" and parent element with invalid "position". Provided "static" should be one of absolute,fixed,relative. @ http://localhost:3000/_next/static/chunks/0ip4_next_dist_0ccwfps._.js:2431
[    2663ms] [WARNING] Image with src "/images/gallery/event-photography/004-events-photos-2sos-136.webp" has "fill" and parent element with invalid "position". Provided "static" should be one of absolute,fixed,relative. @ http://localhost:3000/_next/static/chunks/0ip4_next_dist_0ccwfps._.js:2431
[    2664ms] [WARNING] Image with src "/images/gallery/event-photography/005-events-photos-2sos-250.webp" has "fill" and parent element with invalid "position". Provided "static" should be one of absolute,fixed,relative. @ http://localhost:3000/_next/static/chunks/0ip4_next_dist_0ccwfps._.js:2431
[    2665ms] [WARNING] Image with src "/images/gallery/event-photography/006-events-photos-3sdmotor-191.webp" has "fill" and parent element with invalid "position". Provided "static" should be one of absolute,fixed,relative. @ http://localhost:3000/_next/static/chunks/0ip4_next_dist_0ccwfps._.js:2431
[    2677ms] [WARNING] Image with src "/images/gallery/event-photography/007-events-photos-4sdmotor-58.webp" has "fill" and parent element with invalid "position". Provided "static" should be one of absolute,fixed,relative. @ http://localhost:3000/_next/static/chunks/0ip4_next_dist_0ccwfps._.js:2431
[    2702ms] [WARNING] Image with src "/images/gallery/event-photography/008-events-photos-4sdmotor-104.webp" has "fill" and parent element with invalid "position". Provided "static" should be one of absolute,fixed,relative. @ http://localhost:3000/_next/static/chunks/0ip4_next_dist_0ccwfps._.js:2431
[    2705ms] [WARNING] Image with src "/images/gallery/event-photography/009-events-photos-4sdmotor-205.webp" has "fill" and parent element with invalid "position". Provided "static" should be one of absolute,fixed,relative. @ http://localhost:3000/_next/static/chunks/0ip4_next_dist_0ccwfps._.js:2431
[    2706ms] [WARNING] Image with src "/images/gallery/event-photography/010-events-photos-4sdmotor.webp" has "fill" and parent element with invalid "position". Provided "static" should be one of absolute,fixed,relative. @ http://localhost:3000/_next/static/chunks/0ip4_next_dist_0ccwfps._.js:2431
[    2706ms] [WARNING] Image with src "/images/gallery/event-photography/011-events-photos-20251106wa1-258.webp" has "fill" and parent element with invalid "position". Provided "static" should be one of absolute,fixed,relative. @ http://localhost:3000/_next/static/chunks/0ip4_next_dist_0ccwfps._.js:2431
[    2709ms] [WARNING] Image with src "/images/gallery/event-photography/012-events-photos-20251106wa1-304.webp" has "fill" and parent element with invalid "position". Provided "static" should be one of absolute,fixed,relative. @ http://localhost:3000/_next/static/chunks/0ip4_next_dist_0ccwfps._.js:2431
[    2753ms] [WARNING] Image with src "/images/gallery/event-photography/013-events-photos-20251106wa1-321.webp" has "fill" and parent element with invalid "position". Provided "static" should be one of absolute,fixed,relative. @ http://localhost:3000/_next/static/chunks/0ip4_next_dist_0ccwfps._.js:2431
[    2756ms] [WARNING] Image with src "/images/gallery/event-photography/014-events-photos-20251106wa1-376.webp" has "fill" and parent element with invalid "position". Provided "static" should be one of absolute,fixed,relative. @ http://localhost:3000/_next/static/chunks/0ip4_next_dist_0ccwfps._.js:2431
[    2757ms] [WARNING] Image with src "/images/gallery/event-photography/015-events-photos-20251106wa1-388.webp" has "fill" and parent element with invalid "position". Provided "static" should be one of absolute,fixed,relative. @ http://localhost:3000/_next/static/chunks/0ip4_next_dist_0ccwfps._.js:2431
[    2758ms] [WARNING] Image with src "/images/gallery/event-photography/016-events-photos-20251106wa2-2.webp" has "fill" and parent element with invalid "position". Provided "static" should be one of absolute,fixed,relative. @ http://localhost:3000/_next/static/chunks/0ip4_next_dist_0ccwfps._.js:2431
[    2763ms] [WARNING] Image with src "/images/gallery/event-photography/017-events-photos-20251106wa2-35.webp" has "fill" and parent element with invalid "position". Provided "static" should be one of absolute,fixed,relative. @ http://localhost:3000/_next/static/chunks/0ip4_next_dist_0ccwfps._.js:2431
[    2863ms] [WARNING] Image with src "/images/gallery/event-photography/018-events-photos-20251106wa2-40.webp" has "fill" and parent element with invalid "position". Provided "static" should be one of absolute,fixed,relative. @ http://localhost:3000/_next/static/chunks/0ip4_next_dist_0ccwfps._.js:2431
[    2865ms] [WARNING] Image with src "/images/gallery/event-photography/019-events-photos-20251106wa2-89.webp" has "fill" and parent element with invalid "position". Provided "static" should be one of absolute,fixed,relative. @ http://localhost:3000/_next/static/chunks/0ip4_next_dist_0ccwfps._.js:2431
[    2866ms] [WARNING] Image with src "/images/gallery/event-photography/020-events-photos-20251106wa2-97.webp" has "fill" and parent element with invalid "position". Provided "static" should be one of absolute,fixed,relative. @ http://localhost:3000/_next/static/chunks/0ip4_next_dist_0ccwfps._.js:2431
[    2866ms] [WARNING] Image with src "/images/gallery/event-photography/021-events-photos-20251106wa2-124.webp" has "fill" and parent element with invalid "position". Provided "static" should be one of absolute,fixed,relative. @ http://localhost:3000/_next/static/chunks/0ip4_next_dist_0ccwfps._.js:2431
[    2867ms] [WARNING] Image with src "/images/gallery/event-photography/022-events-photos-20251106wa2-133.webp" has "fill" and parent element with invalid "position". Provided "static" should be one of absolute,fixed,relative. @ http://localhost:3000/_next/static/chunks/0ip4_next_dist_0ccwfps._.js:2431
[    2868ms] [WARNING] Image with src "/images/gallery/event-photography/023-events-photos-20251106wa2-141.webp" has "fill" and parent element with invalid "position". Provided "static" should be one of absolute,fixed,relative. @ http://localhost:3000/_next/static/chunks/0ip4_next_dist_0ccwfps._.js:2431
[    2868ms] [WARNING] Image with src "/images/gallery/event-photography/024-events-photos-20251106wa2-150.webp" has "fill" and parent element with invalid "position". Provided "static" should be one of absolute,fixed,relative. @ http://localhost:3000/_next/static/chunks/0ip4_next_dist_0ccwfps._.js:2431
[    2869ms] [WARNING] Image with src "/images/gallery/event-photography/026-events-photos-20251106wa2-161.webp" has "fill" and parent element with invalid "position". Provided "static" should be one of absolute,fixed,relative. @ http://localhost:3000/_next/static/chunks/0ip4_next_dist_0ccwfps._.js:2431
[    2872ms] [WARNING] Image with src "/images/gallery/event-photography/027-events-photos-20251106wa2-169.webp" has "fill" and parent element with invalid "position". Provided "static" should be one of absolute,fixed,relative. @ http://localhost:3000/_next/static/chunks/0ip4_next_dist_0ccwfps._.js:2431
[    2875ms] [WARNING] Image with src "/images/gallery/event-photography/028-events-photos-a-leia-56.webp" has "fill" and parent element with invalid "position". Provided "static" should be one of absolute,fixed,relative. @ http://localhost:3000/_next/static/chunks/0ip4_next_dist_0ccwfps._.js:2431
[    2891ms] [WARNING] Image with src "/images/gallery/event-photography/029-events-photos-arc-409.webp" has "fill" and parent element with invalid "position". Provided "static" should be one of absolute,fixed,relative. @ http://localhost:3000/_next/static/chunks/0ip4_next_dist_0ccwfps._.js:2431
[    2904ms] [WARNING] Image with src "/images/gallery/event-photography/030-events-photos-aug-hnken-98.webp" has "fill" and parent element with invalid "position". Provided "static" should be one of absolute,fixed,relative. @ http://localhost:3000/_next/static/chunks/0ip4_next_dist_0ccwfps._.js:2431
[    2915ms] [WARNING] Image with src "/images/gallery/event-photography/031-events-photos-chillout-178.webp" has "fill" and parent element with invalid "position". Provided "static" should be one of absolute,fixed,relative. @ http://localhost:3000/_next/static/chunks/0ip4_next_dist_0ccwfps._.js:2431
[    2933ms] [WARNING] Image with src "/images/gallery/event-photography/032-events-photos-drc09647.webp" has "fill" and parent element with invalid "position". Provided "static" should be one of absolute,fixed,relative. @ http://localhost:3000/_next/static/chunks/0ip4_next_dist_0ccwfps._.js:2431
[    2941ms] [WARNING] Image with src "/images/gallery/event-photography/033-events-photos-j-and-t-1anniversary-162.webp" has "fill" and parent element with invalid "position". Provided "static" should be one of absolute,fixed,relative. @ http://localhost:3000/_next/static/chunks/0ip4_next_dist_0ccwfps._.js:2431
[    2950ms] [WARNING] Image with src "/images/gallery/event-photography/034-events-photos-j-and-t-1anniversary-181.webp" has "fill" and parent element with invalid "position". Provided "static" should be one of absolute,fixed,relative. @ http://localhost:3000/_next/static/chunks/0ip4_next_dist_0ccwfps._.js:2431
[    2960ms] [WARNING] Image with src "/images/gallery/event-photography/035-events-photos-keshfarewell-139.webp" has "fill" and parent element with invalid "position". Provided "static" should be one of absolute,fixed,relative. @ http://localhost:3000/_next/static/chunks/0ip4_next_dist_0ccwfps._.js:2431
[    2974ms] [WARNING] Image with src "/images/gallery/event-photography/036-events-photos-m-and-d-wedding-507.webp" has "fill" and parent element with invalid "position". Provided "static" should be one of absolute,fixed,relative. @ http://localhost:3000/_next/static/chunks/0ip4_next_dist_0ccwfps._.js:2431
[    2988ms] [WARNING] Image with src "/images/gallery/event-photography/037-events-photos-meme-142.webp" has "fill" and parent element with invalid "position". Provided "static" should be one of absolute,fixed,relative. @ http://localhost:3000/_next/static/chunks/0ip4_next_dist_0ccwfps._.js:2431
[    3004ms] [WARNING] Image with src "/images/gallery/event-photography/038-events-photos-meme-172.webp" has "fill" and parent element with invalid "position". Provided "static" should be one of absolute,fixed,relative. @ http://localhost:3000/_next/static/chunks/0ip4_next_dist_0ccwfps._.js:2431
[    3025ms] [WARNING] Image with src "/images/gallery/event-photography/039-events-photos-meme-178.webp" has "fill" and parent element with invalid "position". Provided "static" should be one of absolute,fixed,relative. @ http://localhost:3000/_next/static/chunks/0ip4_next_dist_0ccwfps._.js:2431
[    3039ms] [WARNING] Image with src "/images/gallery/event-photography/040-events-photos-mg-10.webp" has "fill" and parent element with invalid "position". Provided "static" should be one of absolute,fixed,relative. @ http://localhost:3000/_next/static/chunks/0ip4_next_dist_0ccwfps._.js:2431
[    3053ms] [WARNING] Image with src "/images/gallery/event-photography/041-events-photos-mg-12.webp" has "fill" and parent element with invalid "position". Provided "static" should be one of absolute,fixed,relative. @ http://localhost:3000/_next/static/chunks/0ip4_next_dist_0ccwfps._.js:2431
[    3064ms] [WARNING] Image with src "/images/gallery/event-photography/042-events-photos-mgcci-big-113.webp" has "fill" and parent element with invalid "position". Provided "static" should be one of absolute,fixed,relative. @ http://localhost:3000/_next/static/chunks/0ip4_next_dist_0ccwfps._.js:2431
[    3072ms] [LOG] [Fast Refresh] rebuilding @ http://localhost:3000/_next/static/chunks/0ip4_next_dist_0ccwfps._.js:2431
[    3074ms] [LOG] [Fast Refresh] done in 102ms @ http://localhost:3000/_next/static/chunks/0ip4_next_dist_0ccwfps._.js:2431
[    3080ms] [WARNING] Image with src "/images/gallery/event-photography/043-events-photos-sbevent-286.webp" has "fill" and parent element with invalid "position". Provided "static" should be one of absolute,fixed,relative. @ http://localhost:3000/_next/static/chunks/0ip4_next_dist_0ccwfps._.js:2431
[    3096ms] [WARNING] Image with src "/images/gallery/event-photography/044-events-photos-sdi-319.webp" has "fill" and parent element with invalid "position". Provided "static" should be one of absolute,fixed,relative. @ http://localhost:3000/_next/static/chunks/0ip4_next_dist_0ccwfps._.js:2431
[    3116ms] [WARNING] Image with src "/images/gallery/event-photography/045-events-photos-sundowner-101.webp" has "fill" and parent element with invalid "position". Provided "static" should be one of absolute,fixed,relative. @ http://localhost:3000/_next/static/chunks/0ip4_next_dist_0ccwfps._.js:2431
[    3126ms] [WARNING] Image with src "/images/gallery/event-photography/046-events-photos-sunway-64.webp" has "fill" and parent element with invalid "position". Provided "static" should be one of absolute,fixed,relative. @ http://localhost:3000/_next/static/chunks/0ip4_next_dist_0ccwfps._.js:2431
[    3142ms] [WARNING] Image with src "/images/gallery/event-photography/047-events-photos-sunway-73.webp" has "fill" and parent element with invalid "position". Provided "static" should be one of absolute,fixed,relative. @ http://localhost:3000/_next/static/chunks/0ip4_next_dist_0ccwfps._.js:2431
[    3153ms] [WARNING] Image with src "/images/gallery/event-photography/048-events-photos-sunway-150.webp" has "fill" and parent element with invalid "position". Provided "static" should be one of absolute,fixed,relative. @ http://localhost:3000/_next/static/chunks/0ip4_next_dist_0ccwfps._.js:2431
[    3165ms] [WARNING] Image with src "/images/gallery/event-photography/049-events-photos-sunway-156.webp" has "fill" and parent element with invalid "position". Provided "static" should be one of absolute,fixed,relative. @ http://localhost:3000/_next/static/chunks/0ip4_next_dist_0ccwfps._.js:2431
[    3185ms] [WARNING] Image with src "/images/gallery/event-photography/050-events-photos-sunway-180.webp" has "fill" and parent element with invalid "position". Provided "static" should be one of absolute,fixed,relative. @ http://localhost:3000/_next/static/chunks/0ip4_next_dist_0ccwfps._.js:2431
[    3186ms] [LOG] [Fast Refresh] rebuilding @ http://localhost:3000/_next/static/chunks/0ip4_next_dist_0ccwfps._.js:2431
[    3206ms] [WARNING] Image with src "/images/gallery/event-photography/051-events-photos-sunway-324.webp" has "fill" and parent element with invalid "position". Provided "static" should be one of absolute,fixed,relative. @ http://localhost:3000/_next/static/chunks/0ip4_next_dist_0ccwfps._.js:2431
[    3221ms] [WARNING] Image with src "/images/gallery/event-photography/052-events-photos-topheineken-4.webp" has "fill" and parent element with invalid "position". Provided "static" should be one of absolute,fixed,relative. @ http://localhost:3000/_next/static/chunks/0ip4_next_dist_0ccwfps._.js:2431
[    3229ms] [WARNING] Image with src "/images/gallery/event-photography/053-events-photos-whm-twitter-219.webp" has "fill" and parent element with invalid "position". Provided "static" should be one of absolute,fixed,relative. @ http://localhost:3000/_next/static/chunks/0ip4_next_dist_0ccwfps._.js:2431
[    3250ms] [WARNING] Image with src "/images/gallery/event-photography/054-events-photos-xmasparty-91.webp" has "fill" and parent element with invalid "position". Provided "static" should be one of absolute,fixed,relative. @ http://localhost:3000/_next/static/chunks/0ip4_next_dist_0ccwfps._.js:2431
[    3268ms] [WARNING] Image with src "/images/gallery/event-photography/055-events-photos-xmasparty-92.webp" has "fill" and parent element with invalid "position". Provided "static" should be one of absolute,fixed,relative. @ http://localhost:3000/_next/static/chunks/0ip4_next_dist_0ccwfps._.js:2431
[    3282ms] [WARNING] Image with src "/images/gallery/event-photography/056-events-photos-xmasparty-101.webp" has "fill" and parent element with invalid "position". Provided "static" should be one of absolute,fixed,relative. @ http://localhost:3000/_next/static/chunks/0ip4_next_dist_0ccwfps._.js:2431
[    3297ms] [WARNING] Image with src "/images/gallery/event-photography/057-events-photos-xmasparty-239.webp" has "fill" and parent element with invalid "position". Provided "static" should be one of absolute,fixed,relative. @ http://localhost:3000/_next/static/chunks/0ip4_next_dist_0ccwfps._.js:2431
[    3315ms] [WARNING] Image with src "/images/gallery/event-photography/025-events-photos-20251106wa2-151.webp" has "fill" and parent element with invalid "position". Provided "static" should be one of absolute,fixed,relative. @ http://localhost:3000/_next/static/chunks/0ip4_next_dist_0ccwfps._.js:2431
[    3406ms] [LOG] [Fast Refresh] done in 329ms @ http://localhost:3000/_next/static/chunks/0ip4_next_dist_0ccwfps._.js:2431
[   19825ms] [LOG] [Fast Refresh] rebuilding @ http://localhost:3000/_next/static/chunks/0ip4_next_dist_0ccwfps._.js:2431
[   19903ms] [LOG] [Fast Refresh] done in 187ms @ http://localhost:3000/_next/static/chunks/0ip4_next_dist_0ccwfps._.js:2431
[   45809ms] [LOG] [Fast Refresh] rebuilding @ http://localhost:3000/_next/static/chunks/0ip4_next_dist_0ccwfps._.js:2431
[   45889ms] [LOG] [Fast Refresh] done in 187ms @ http://localhost:3000/_next/static/chunks/0ip4_next_dist_0ccwfps._.js:2431
[   64196ms] [LOG] [Fast Refresh] rebuilding @ http://localhost:3000/_next/static/chunks/0ip4_next_dist_0ccwfps._.js:2431
[   64323ms] [LOG] [Fast Refresh] done in 235ms @ http://localhost:3000/_next/static/chunks/0ip4_next_dist_0ccwfps._.js:2431
[  293816ms] [LOG] [Fast Refresh] rebuilding @ http://localhost:3000/_next/static/chunks/0ip4_next_dist_0ccwfps._.js:2431
[  293896ms] [LOG] [Fast Refresh] done in 146ms @ http://localhost:3000/_next/static/chunks/0ip4_next_dist_0ccwfps._.js:2431
