[     138ms] [LOG] [Fast Refresh] rebuilding @ http://localhost:3000/_next/static/chunks/0ip4_next_dist_0ccwfps._.js:2431
[    1658ms] [LOG] [Fast Refresh] done in 1626ms @ http://localhost:3000/_next/static/chunks/0ip4_next_dist_0ccwfps._.js:2431
[    1923ms] [INFO] %cDownload the React DevTools for a better development experience: https://react.dev/link/react-devtools font-weight:bold @ http://localhost:3000/_next/static/chunks/0ip4_next_dist_0ccwfps._.js:2431
[    2095ms] [LOG] [HMR] connected @ http://localhost:3000/_next/static/chunks/0ip4_next_dist_0ccwfps._.js:2431
[   23653ms] [LOG] [Fast Refresh] rebuilding @ http://localhost:3000/_next/static/chunks/0ip4_next_dist_0ccwfps._.js:2431
[   23694ms] [LOG] [Fast Refresh] done in 146ms @ http://localhost:3000/_next/static/chunks/0ip4_next_dist_0ccwfps._.js:2431
[   30136ms] [LOG] [Fast Refresh] rebuilding @ http://localhost:3000/_next/static/chunks/0ip4_next_dist_0ccwfps._.js:2431
[   30304ms] [LOG] [Fast Refresh] done in 276ms @ http://localhost:3000/_next/static/chunks/0ip4_next_dist_0ccwfps._.js:2431
[   32552ms] [LOG] [Fast Refresh] rebuilding @ http://localhost:3000/_next/static/chunks/0ip4_next_dist_0ccwfps._.js:2431
[   33496ms] [LOG] [Fast Refresh] done in 1046ms @ http://localhost:3000/_next/static/chunks/0ip4_next_dist_0ccwfps._.js:2431
[   49964ms] [LOG] [Fast Refresh] rebuilding @ http://localhost:3000/_next/static/chunks/0ip4_next_dist_0ccwfps._.js:2431
[   50015ms] [LOG] [Fast Refresh] done in 156ms @ http://localhost:3000/_next/static/chunks/0ip4_next_dist_0ccwfps._.js:2431
[   86626ms] [LOG] [Fast Refresh] rebuilding @ http://localhost:3000/_next/static/chunks/0ip4_next_dist_0ccwfps._.js:2431
[   86769ms] [LOG] [Fast Refresh] done in 253ms @ http://localhost:3000/_next/static/chunks/0ip4_next_dist_0ccwfps._.js:2431
[  139767ms] [LOG] [Fast Refresh] rebuilding @ http://localhost:3000/_next/static/chunks/0ip4_next_dist_0ccwfps._.js:2431
[  139848ms] [LOG] [Fast Refresh] done in 185ms @ http://localhost:3000/_next/static/chunks/0ip4_next_dist_0ccwfps._.js:2431
[  642051ms] [LOG] [Fast Refresh] rebuilding @ http://localhost:3000/_next/static/chunks/0ip4_next_dist_0ccwfps._.js:2431
[  642088ms] [LOG] [Fast Refresh] done in 147ms @ http://localhost:3000/_next/static/chunks/0ip4_next_dist_0ccwfps._.js:2431
[  784526ms] [LOG] [Fast Refresh] rebuilding @ http://localhost:3000/_next/static/chunks/0ip4_next_dist_0ccwfps._.js:2431
[  788125ms] [WARNING] [Fast Refresh] performing full reload

Fast Refresh will perform a full reload when you edit a file that's imported by modules outside of the React rendering tree.
You might have a file which exports a React component but also exports a value that is imported by a non-React component file.
Consider migrating the non-React component export to a separate file and importing it into both files.

It is also possible the parent component of the component you edited is a class component, which disables Fast Refresh.
Fast Refresh requires at least one parent function component in your React tree. @ http://localhost:3000/_next/static/chunks/0ip4_next_dist_0ccwfps._.js:2431
[  788130ms] [LOG] [Fast Refresh] done in 3705ms @ http://localhost:3000/_next/static/chunks/0ip4_next_dist_0ccwfps._.js:2431
[  788306ms] [LOG] [Fast Refresh] rebuilding @ http://localhost:3000/_next/static/chunks/0ip4_next_dist_0ccwfps._.js:2431
[  791283ms] [LOG] [Fast Refresh] done in 3081ms @ http://localhost:3000/_next/static/chunks/0ip4_next_dist_0ccwfps._.js:2431
[  791448ms] [LOG] [Fast Refresh] rebuilding @ http://localhost:3000/_next/static/chunks/0ip4_next_dist_0ccwfps._.js:2431
[  793262ms] [LOG] [Fast Refresh] done in 1922ms @ http://localhost:3000/_next/static/chunks/0ip4_next_dist_0ccwfps._.js:2431
[  797483ms] [INFO] %cDownload the React DevTools for a better development experience: https://react.dev/link/react-devtools font-weight:bold @ http://localhost:3000/_next/static/chunks/0ip4_next_dist_0ccwfps._.js:2431
[  797687ms] [LOG] [HMR] connected @ http://localhost:3000/_next/static/chunks/0ip4_next_dist_0ccwfps._.js:2431
[  809820ms] [LOG] [Fast Refresh] rebuilding @ http://localhost:3000/_next/static/chunks/0ip4_next_dist_0ccwfps._.js:2431
[  810063ms] [LOG] [Fast Refresh] done in 275ms @ http://localhost:3000/_next/static/chunks/0ip4_next_dist_0ccwfps._.js:2431
[  822232ms] [LOG] [Fast Refresh] rebuilding @ http://localhost:3000/_next/static/chunks/0ip4_next_dist_0ccwfps._.js:2431
[  822354ms] [LOG] [Fast Refresh] done in 168ms @ http://localhost:3000/_next/static/chunks/0ip4_next_dist_0ccwfps._.js:2431
